#1 0 0000000000000000 595552b7 r 0000000000000005 0000000059555000  lui      x5, 0x59555
#2 0 0000000000000004 5552829b r 0000000000000005 0000000059555555  addiw    x5, x5, 0x555
#3 0 0000000000000008 7c029073 c 00000000000007c0 0000000059555555  csrrw    x0, mrac, x5
#4 0 000000000000000c 00018117 r 0000000000000002 000000000001800c  auipc    x2, 0x18
#5 0 0000000000000010 66410113 r 0000000000000002 0000000000018670  addi     x2, x2, 0x664
#6 0 0000000000000014 31b070ef r 0000000000000001 0000000000000018  jal      x1, . + 0x7b1a
#7 0 0000000000007b2e     7111 r 0000000000000002 0000000000018570  c.addi16sp -0x10
#8 0 0000000000007b30     fd86 m 0000000000018668 0000000000000018  c.sdsp   x1, 0xf8
#9 0 0000000000007b32     67c5 r 000000000000000f 0000000000011000  c.lui    x15, 0x11
#10 0 0000000000007b34     60c5 r 0000000000000001 0000000000011000  c.lui    x1, 0x11
#11 0 0000000000007b36     62c1 r 0000000000000005 0000000000010000  c.lui    x5, 0x10
#12 0 0000000000007b38     6341 r 0000000000000006 0000000000010000  c.lui    x6, 0x10
#13 0 0000000000007b3a e507a583 r 000000000000000b 0000000000000000  lw       x11, -0x1b0(x15)
#14 0 0000000000007b3e     63c5 r 0000000000000007 0000000000011000  c.lui    x7, 0x11
#15 0 0000000000007b40 e4c0a603 r 000000000000000c 0000000000000000  lw       x12, -0x1b4(x1)
#16 0 0000000000007b44 1442a683 r 000000000000000d 0000000000000066  lw       x13, 0x144(x5)
#17 0 0000000000007b48 14032703 r 000000000000000e 0000000000000001  lw       x14, 0x140(x6)
#18 0 0000000000007b4c     f9a2 m 0000000000018660 0000000000000000  c.sdsp   x8, 0xf0
#19 0 0000000000007b4e e483a403 r 0000000000000008 0000000000000000  lw       x8, -0x1b8(x7)
#20 0 0000000000007b52     f5a6 m 0000000000018658 0000000000000000  c.sdsp   x9, 0xe8
#21 0 0000000000007b54     4505 r 000000000000000a 0000000000000001  c.li     x10, 0x1
#22 0 0000000000007b56 0007049b r 0000000000000009 0000000000000001  addiw    x9, x14, 0x0
#23 0 0000000000007b5a     f1ca m 0000000000018650 0000000000000000  c.sdsp   x18, 0xe0
#24 0 0000000000007b5c     edce m 0000000000018648 0000000000000000  c.sdsp   x19, 0xd8
#25 0 0000000000007b5e     e9d2 m 0000000000018640 0000000000000000  c.sdsp   x20, 0xd0
#26 0 0000000000007b60     e5d6 m 0000000000018638 0000000000000000  c.sdsp   x21, 0xc8
#27 0 0000000000007b62     e1da m 0000000000018630 0000000000000000  c.sdsp   x22, 0xc0
#28 0 0000000000007b64     fd5e m 0000000000018628 0000000000000000  c.sdsp   x23, 0xb8
#29 0 0000000000007b66     f962 m 0000000000018620 0000000000000000  c.sdsp   x24, 0xb0
#30 0 0000000000007b68     f566 m 0000000000018618 0000000000000000  c.sdsp   x25, 0xa8
#31 0 0000000000007b6a     f16a m 0000000000018610 0000000000000000  c.sdsp   x26, 0xa0
#32 0 0000000000007b6c     ed6e m 0000000000018608 0000000000000000  c.sdsp   x27, 0x98
#33 0 0000000000007b6e 08a10523 m 00000000000185fa 0000000000000001  sb       x10, 0x8a(x2)
#34 0 0000000000007b72 00b11c23 m 0000000000018588 0000000000000000  sh       x11, 0x18(x2)
#35 0 0000000000007b76 00c11d23 m 000000000001858a 0000000000000000  sh       x12, 0x1a(x2)
#36 0 0000000000007b7a 00d11e23 m 000000000001858c 0000000000000066  sh       x13, 0x1c(x2)
#37 0 0000000000007b7e     e4a6 m 00000000000185b8 0000000000000001  c.sdsp   x9, 0x48
#38 0 0000000000007b80 0004081b r 0000000000000010 0000000000000000  addiw    x16, x8, 0x0
#39 0 0000000000007b84 00081363 r 0000000000000000 0000000000000000  bne      x16, x0, . + 0x6
#40 0 0000000000007b88     481d r 0000000000000010 0000000000000007  c.li     x16, 0x7
#41 0 0000000000007b8a     69e2 r 0000000000000013 0000006600000000  c.ldsp   x19, 0x18
#42 0 0000000000007b8c     e8c2 m 00000000000185c0 0000000000000007  c.sdsp   x16, 0x50
#43 0 0000000000007b8e 01099893 r 0000000000000011 0066000000000000  slli     x17, x19, 0x10
#44 0 0000000000007b92 00089863 r 0000000000000000 0000000000000000  bne      x17, x0, . + 0x10
#45 0 0000000000007ba2 01099a13 r 0000000000000014 0066000000000000  slli     x20, x19, 0x10
#46 0 0000000000007ba6 010a5a93 r 0000000000000015 0000006600000000  srli     x21, x20, 0x10
#47 0 0000000000007baa     4b05 r 0000000000000016 0000000000000001  c.li     x22, 0x1
#48 0 0000000000007bac 016a9b63 r 0000000000000000 0000000000000000  bne      x21, x22, . + 0x16
#49 0 0000000000007bc2     6946 r 0000000000000012 0000000000000007  c.ldsp   x18, 0x50
#50 0 0000000000007bc4 7d000593 r 000000000000000b 00000000000007d0  addi     x11, x0, 0x7d0
#51 0 0000000000007bc8     60c1 r 0000000000000001 0000000000010000  c.lui    x1, 0x10
#52 0 0000000000007bca 00297713 r 000000000000000e 0000000000000002  andi     x14, x18, 0x2
#53 0 0000000000007bce 00197d13 r 000000000000001a 0000000000000001  andi     x26, x18, 0x1
#54 0 0000000000007bd2 00e03db3 r 000000000000001b 0000000000000001  sltu     x27, x0, x14
#55 0 0000000000007bd6 00497e13 r 000000000000001c 0000000000000004  andi     x28, x18, 0x4
#56 0 0000000000007bda 01bd0eb3 r 000000000000001d 0000000000000002  add      x29, x26, x27
#57 0 0000000000007bde 01c03f33 r 000000000000001e 0000000000000001  sltu     x30, x0, x28
#58 0 0000000000007be2 01ee8fb3 r 000000000000001f 0000000000000003  add      x31, x29, x30
#59 0 0000000000007be6 03f5d533 r 000000000000000a 000000000000029a  divu     x10, x11, x31 
#60 0 0000000000007bea 66808293 r 0000000000000005 0000000000010668  addi     x5, x1, 0x668
#61 0 0000000000007bee     f016 m 0000000000018590 0000000000010668  c.sdsp   x5, 0x20
#62 0 0000000000007bf0 08011423 m 00000000000185f8 0000000000000000  sh       x0, 0x88(x2)
#63 0 0000000000007bf4     836a r 0000000000000006 0000000000000001  c.mv     x6, x26
#64 0 0000000000007bf6     e0aa m 00000000000185b0 000000000000029a  c.sdsp   x10, 0x40
#65 0 0000000000007bf8 3c0d12e3 r 0000000000000000 0000000000000000  bne      x26, x0, . + 0xbc4
#66 0 00000000000087bc     f416 m 0000000000018598 0000000000010668  c.sdsp   x5, 0x28
#67 0 00000000000087be c4070163 r 0000000000000000 0000000000000000  beq      x14, x0, . - 0xbbe
#68 0 00000000000087c2     b7ed r 0000000000000000 0000000000000000  c.j      . - 0x16
#69 0 00000000000087ac 02ad0633 r 000000000000000c 000000000000029a  mul      x12, x26, x10
#70 0 00000000000087b0 00c286b3 r 000000000000000d 0000000000010902  add      x13, x5, x12
#71 0 00000000000087b4     f836 m 00000000000185a0 0000000000010902  c.sdsp   x13, 0x30
#72 0 00000000000087b6 c40e0763 r 0000000000000000 0000000000000000  beq      x28, x0, . - 0xbb2
#73 0 00000000000087ba     b7c5 r 0000000000000000 0000000000000000  c.j      . - 0x20
#74 0 000000000000879a 02ae83b3 r 0000000000000007 0000000000000534  mul      x7, x29, x10
#75 0 000000000000879e 00728433 r 0000000000000008 0000000000010b9c  add      x8, x5, x7
#76 0 00000000000087a2     fc22 m 00000000000185a8 0000000000010b9c  c.sdsp   x8, 0x38
#77 0 00000000000087a4 c6030263 r 0000000000000000 0000000000000000  beq      x6, x0, . - 0xb9c
#78 0 00000000000087a8 e22ff06f r 0000000000000000 0000000000000000  j        . - 0x9de
#79 0 0000000000007dca 01811603 r 000000000000000c 0000000000000000  lh       x12, 0x18(x2)
#80 0 0000000000007dce     75a2 r 000000000000000b 0000000000010668  c.ldsp   x11, 0x28
#81 0 0000000000007dd0 ddbf80ef r 0000000000000001 0000000000007dd4  jal      x1, . - 0x7226
#82 0 0000000000000baa     4851 r 0000000000000010 0000000000000014  c.li     x16, 0x14
#83 0 0000000000000bac 030552b3 r 0000000000000005 0000000000000021  divu     x5, x10, x16 
#84 0 0000000000000bb0     8e32 r 000000000000001c 0000000000000000  c.mv     x28, x12
#85 0 0000000000000bb2     7561 r 000000000000000a ffffffffffff8000  c.lui    x10, 0xffff8 
#86 0 0000000000000bb4 0005b023 m 0000000000010668 0000000000000000  sd       x0, 0x0(x11)
#87 0 0000000000000bb8 08050713 r 000000000000000e ffffffffffff8080  addi     x14, x10, 0x80
#88 0 0000000000000bbc 02058793 r 000000000000000f 0000000000010688  addi     x15, x11, 0x20
#89 0 0000000000000bc0 01058693 r 000000000000000d 0000000000010678  addi     x13, x11, 0x10
#90 0 0000000000000bc4 ffe28813 r 0000000000000010 000000000000001f  addi     x16, x5, -0x2
#91 0 0000000000000bc8 00481613 r 000000000000000c 00000000000001f0  slli     x12, x16, 0x4
#92 0 0000000000000bcc     962e r 000000000000000c 0000000000010858  c.add    x12, x11
#93 0 0000000000000bce     e590 m 0000000000010670 0000000000010858  c.sd     x12, 0x8(x11)
#94 0 0000000000000bd0 00281893 r 0000000000000011 000000000000007c  slli     x17, x16, 0x2
#95 0 0000000000000bd4 00061123 m 000000000001085a 0000000000000000  sh       x0, 0x2(x12)
#96 0 0000000000000bd8 00e61023 m 0000000000010858 0000000000008080  sh       x14, 0x0(x12)
#97 0 0000000000000bdc     98b2 r 0000000000000011 00000000000108d4  c.add    x17, x12
#98 0 0000000000000bde 00460313 r 0000000000000006 000000000001085c  addi     x6, x12, 0x4
#99 0 0000000000000be2 3cc7f763 r 0000000000000000 0000000000000000  bgeu     x15, x12, . + 0x3ce
#100 0 0000000000000be6 00860713 r 000000000000000e 0000000000010860  addi     x14, x12, 0x8
#101 0 0000000000000bea 3d177363 r 0000000000000000 0000000000000000  bgeu     x14, x17, . + 0x3c6
#102 0 0000000000000bee 0005b823 m 0000000000010678 0000000000000000  sd       x0, 0x10(x11)
#103 0 0000000000000bf2     e194 m 0000000000010668 0000000000010678  c.sd     x13, 0x0(x11)
#104 0 0000000000000bf4 0065bc23 m 0000000000010680 000000000001085c  sd       x6, 0x18(x11)
#105 0 0000000000000bf8 fff54393 r 0000000000000007 0000000000007fff  xori     x7, x10, -0x1
#106 0 0000000000000bfc     5efd r 000000000000001d ffffffffffffffff  c.li     x29, -0x1
#107 0 0000000000000bfe 01d61223 m 000000000001085c 000000000000ffff  sh       x29, 0x4(x12)
#108 0 0000000000000c02 00761323 m 000000000001085e 0000000000007fff  sh       x7, 0x6(x12)
#109 0 0000000000000c06 22080363 r 0000000000000000 0000000000000000  beq      x16, x0, . + 0x226
#110 0 0000000000000c0a 030e1f13 r 000000000000001e 0000000000000000  slli     x30, x28, 0x30 ----> WRONG
#111 0 0000000000000c0e     7fe1 r 000000000000001f ffffffffffff8000  c.lui    x31, 0xffff8
#112 0 0000000000000c10 00387293 r 0000000000000005 0000000000000003  andi     x5, x16, 0x3
#113 0 0000000000000c14 030f5f13 r 000000000000001e 0000000000000000  srli     x30, x30, 0x30
#114 0 0000000000000c18     4501 r 000000000000000a 0000000000000000  c.li     x10, 0x0
#115 0 0000000000000c1a ffffce93 r 000000000000001d 0000000000007fff  xori     x29, x31, -0x1
#116 0 0000000000000c1e 0c028f63 r 0000000000000000 0000000000000000  beq      x5, x0, . + 0xde
#117 0 0000000000000c22     4305 r 0000000000000006 0000000000000001  c.li     x6, 0x1
#118 0 0000000000000c24 08628563 r 0000000000000000 0000000000000000  beq      x5, x6, . + 0x8a
#119 0 0000000000000c28     4389 r 0000000000000007 0000000000000002  c.li     x7, 0x2
#120 0 0000000000000c2a 02728d63 r 0000000000000000 0000000000000000  beq      x5, x7, . + 0x3a
#121 0 0000000000000c2e 01078293 r 0000000000000005 0000000000010698  addi     x5, x15, 0x10
#122 0 0000000000000c32 1ec2fd63 r 0000000000000000 0000000000000000  bgeu     x5, x12, . + 0x1fa
#123 0 0000000000000c36 00470f93 r 000000000000001f 0000000000010864  addi     x31, x14, 0x4
#124 0 0000000000000c3a 031ff463 r 0000000000000000 0000000000000000  bgeu     x31, x17, . + 0x28
#125 0 0000000000000c3e 003f151b r 000000000000000a 0000000000000000  slliw    x10, x30, 0x3
#126 0 0000000000000c42     e394 m 0000000000010688 0000000000010678  c.sd     x13, 0x0(x15)
#127 0 0000000000000c44 07857693 r 000000000000000d 0000000000000000  andi     x13, x10, 0x78
#128 0 0000000000000c48     e19c m 0000000000010668 0000000000010688  c.sd     x15, 0x0(x11)
#129 0 0000000000000c4a 0086931b r 0000000000000006 0000000000000000  slliw    x6, x13, 0x8
#130 0 0000000000000c4e     e798 m 0000000000010690 0000000000010860  c.sd     x14, 0x8(x15)
#131 0 0000000000000c50 0066e3b3 r 0000000000000007 0000000000000000  or       x7, x13, x6
#132 0 0000000000000c54 00771023 m 0000000000010860 0000000000000000  sh       x7, 0x0(x14)
#133 0 0000000000000c58 01d71123 m 0000000000010862 0000000000007fff  sh       x29, 0x2(x14)
#134 0 0000000000000c5c     86be r 000000000000000d 0000000000010688  c.mv     x13, x15
#135 0 0000000000000c5e     877e r 000000000000000e 0000000000010864  c.mv     x14, x31
#136 0 0000000000000c60     8796 r 000000000000000f 0000000000010698  c.mv     x15, x5
#137 0 0000000000000c62     4505 r 000000000000000a 0000000000000001  c.li     x10, 0x1
#138 0 0000000000000c64 01078293 r 0000000000000005 00000000000106a8  addi     x5, x15, 0x10
#139 0 0000000000000c68 1cc2f263 r 0000000000000000 0000000000000000  bgeu     x5, x12, . + 0x1c4
#140 0 0000000000000c6c 00470393 r 0000000000000007 0000000000010868  addi     x7, x14, 0x4
#141 0 0000000000000c70 0313fe63 r 0000000000000000 0000000000000000  bgeu     x7, x17, . + 0x3c
#142 0 0000000000000c74 03051f93 r 000000000000001f 0001000000000000  slli     x31, x10, 0x30
#143 0 0000000000000c78 030fdf93 r 000000000000001f 0000000000000001  srli     x31, x31, 0x30
#144 0 0000000000000c7c 01efc333 r 0000000000000006 0000000000000001  xor      x6, x31, x30
#145 0 0000000000000c80 0033131b r 0000000000000006 0000000000000008  slliw    x6, x6, 0x3
#146 0 0000000000000c84 07837313 r 0000000000000006 0000000000000008  andi     x6, x6, 0x78
#147 0 0000000000000c88 007fff93 r 000000000000001f 0000000000000001  andi     x31, x31, 0x7
#148 0 0000000000000c8c     e394 m 0000000000010698 0000000000010688  c.sd     x13, 0x0(x15)
#149 0 0000000000000c8e 01f366b3 r 000000000000000d 0000000000000009  or       x13, x6, x31
#150 0 0000000000000c92     e19c m 0000000000010668 0000000000010698  c.sd     x15, 0x0(x11)
#151 0 0000000000000c94 0086931b r 0000000000000006 0000000000000900  slliw    x6, x13, 0x8
#152 0 0000000000000c98     e798 m 00000000000106a0 0000000000010864  c.sd     x14, 0x8(x15)
#153 0 0000000000000c9a 0066efb3 r 000000000000001f 0000000000000909  or       x31, x13, x6
#154 0 0000000000000c9e 01f71023 m 0000000000010864 0000000000000909  sh       x31, 0x0(x14)
#155 0 0000000000000ca2 01d71123 m 0000000000010866 0000000000007fff  sh       x29, 0x2(x14)
#156 0 0000000000000ca6     86be r 000000000000000d 0000000000010698  c.mv     x13, x15
#157 0 0000000000000ca8     871e r 000000000000000e 0000000000010868  c.mv     x14, x7
#158 0 0000000000000caa     8796 r 000000000000000f 00000000000106a8  c.mv     x15, x5
#159 0 0000000000000cac     0505 r 000000000000000a 0000000000000002  c.addi   x10, 0x1
#160 0 0000000000000cae 01078293 r 0000000000000005 00000000000106b8  addi     x5, x15, 0x10
#161 0 0000000000000cb2 16c2fd63 r 0000000000000000 0000000000000000  bgeu     x5, x12, . + 0x17a
#162 0 0000000000000cb6 00470393 r 0000000000000007 000000000001086c  addi     x7, x14, 0x4
#163 0 0000000000000cba 0313fe63 r 0000000000000000 0000000000000000  bgeu     x7, x17, . + 0x3c
#164 0 0000000000000cbe 03051313 r 0000000000000006 0002000000000000  slli     x6, x10, 0x30
#165 0 0000000000000cc2 03035f93 r 000000000000001f 0000000000000002  srli     x31, x6, 0x30
#166 0 0000000000000cc6 01efc333 r 0000000000000006 0000000000000002  xor      x6, x31, x30
#167 0 0000000000000cca 0033131b r 0000000000000006 0000000000000010  slliw    x6, x6, 0x3
#168 0 0000000000000cce 07837313 r 0000000000000006 0000000000000010  andi     x6, x6, 0x78
#169 0 0000000000000cd2 007fff93 r 000000000000001f 0000000000000002  andi     x31, x31, 0x7
#170 0 0000000000000cd6     e394 m 00000000000106a8 0000000000010698  c.sd     x13, 0x0(x15)
#171 0 0000000000000cd8 01f366b3 r 000000000000000d 0000000000000012  or       x13, x6, x31
#172 0 0000000000000cdc     e19c m 0000000000010668 00000000000106a8  c.sd     x15, 0x0(x11)
#173 0 0000000000000cde 0086931b r 0000000000000006 0000000000001200  slliw    x6, x13, 0x8
#174 0 0000000000000ce2     e798 m 00000000000106b0 0000000000010868  c.sd     x14, 0x8(x15)
#175 0 0000000000000ce4 0066efb3 r 000000000000001f 0000000000001212  or       x31, x13, x6
#176 0 0000000000000ce8 01f71023 m 0000000000010868 0000000000001212  sh       x31, 0x0(x14)
#177 0 0000000000000cec 01d71123 m 000000000001086a 0000000000007fff  sh       x29, 0x2(x14)
#178 0 0000000000000cf0     86be r 000000000000000d 00000000000106a8  c.mv     x13, x15
#179 0 0000000000000cf2     871e r 000000000000000e 000000000001086c  c.mv     x14, x7
#180 0 0000000000000cf4     8796 r 000000000000000f 00000000000106b8  c.mv     x15, x5
#181 0 0000000000000cf6     0505 r 000000000000000a 0000000000000003  c.addi   x10, 0x1
#182 0 0000000000000cf8 12a80a63 r 0000000000000000 0000000000000000  beq      x16, x10, . + 0x134
#183 0 0000000000000cfc 01078293 r 0000000000000005 00000000000106c8  addi     x5, x15, 0x10
#184 0 0000000000000d00 12c2f663 r 0000000000000000 0000000000000000  bgeu     x5, x12, . + 0x12c
#185 0 0000000000000d04 00470393 r 0000000000000007 0000000000010870  addi     x7, x14, 0x4
#186 0 0000000000000d08 0313fe63 r 0000000000000000 0000000000000000  bgeu     x7, x17, . + 0x3c
#187 0 0000000000000d0c 03051313 r 0000000000000006 0003000000000000  slli     x6, x10, 0x30
#188 0 0000000000000d10 03035f93 r 000000000000001f 0000000000000003  srli     x31, x6, 0x30
#189 0 0000000000000d14 01efc333 r 0000000000000006 0000000000000003  xor      x6, x31, x30
#190 0 0000000000000d18 0033131b r 0000000000000006 0000000000000018  slliw    x6, x6, 0x3
#191 0 0000000000000d1c 07837313 r 0000000000000006 0000000000000018  andi     x6, x6, 0x78
#192 0 0000000000000d20 007fff93 r 000000000000001f 0000000000000003  andi     x31, x31, 0x7
#193 0 0000000000000d24     e394 m 00000000000106b8 00000000000106a8  c.sd     x13, 0x0(x15)
#194 0 0000000000000d26 01f366b3 r 000000000000000d 000000000000001b  or       x13, x6, x31
#195 0 0000000000000d2a     e19c m 0000000000010668 00000000000106b8  c.sd     x15, 0x0(x11)
#196 0 0000000000000d2c 0086931b r 0000000000000006 0000000000001b00  slliw    x6, x13, 0x8
#197 0 0000000000000d30     e798 m 00000000000106c0 000000000001086c  c.sd     x14, 0x8(x15)
#198 0 0000000000000d32 0066efb3 r 000000000000001f 0000000000001b1b  or       x31, x13, x6
#199 0 0000000000000d36 01f71023 m 000000000001086c 0000000000001b1b  sh       x31, 0x0(x14)
#200 0 0000000000000d3a 01d71123 m 000000000001086e 0000000000007fff  sh       x29, 0x2(x14)
#201 0 0000000000000d3e     86be r 000000000000000d 00000000000106b8  c.mv     x13, x15
#202 0 0000000000000d40     871e r 000000000000000e 0000000000010870  c.mv     x14, x7
#203 0 0000000000000d42     8796 r 000000000000000f 00000000000106c8  c.mv     x15, x5
#204 0 0000000000000d44 01078293 r 0000000000000005 00000000000106d8  addi     x5, x15, 0x10
#205 0 0000000000000d48     0505 r 000000000000000a 0000000000000004  c.addi   x10, 0x1
#206 0 0000000000000d4a 0ec2f163 r 0000000000000000 0000000000000000  bgeu     x5, x12, . + 0xe2
#207 0 0000000000000d4e 00470393 r 0000000000000007 0000000000010874  addi     x7, x14, 0x4
#208 0 0000000000000d52 0313fe63 r 0000000000000000 0000000000000000  bgeu     x7, x17, . + 0x3c
#209 0 0000000000000d56 03051313 r 0000000000000006 0004000000000000  slli     x6, x10, 0x30
#210 0 0000000000000d5a 03035f93 r 000000000000001f 0000000000000004  srli     x31, x6, 0x30
#211 0 0000000000000d5e 01efc333 r 0000000000000006 0000000000000004  xor      x6, x31, x30
#212 0 0000000000000d62 0033131b r 0000000000000006 0000000000000020  slliw    x6, x6, 0x3
#213 0 0000000000000d66 07837313 r 0000000000000006 0000000000000020  andi     x6, x6, 0x78
#214 0 0000000000000d6a 007fff93 r 000000000000001f 0000000000000004  andi     x31, x31, 0x7
#215 0 0000000000000d6e     e394 m 00000000000106c8 00000000000106b8  c.sd     x13, 0x0(x15)
#216 0 0000000000000d70 01f366b3 r 000000000000000d 0000000000000024  or       x13, x6, x31
#217 0 0000000000000d74     e19c m 0000000000010668 00000000000106c8  c.sd     x15, 0x0(x11)
#218 0 0000000000000d76 0086931b r 0000000000000006 0000000000002400  slliw    x6, x13, 0x8
#219 0 0000000000000d7a     e798 m 00000000000106d0 0000000000010870  c.sd     x14, 0x8(x15)
#220 0 0000000000000d7c 0066efb3 r 000000000000001f 0000000000002424  or       x31, x13, x6
#221 0 0000000000000d80 01f71023 m 0000000000010870 0000000000002424  sh       x31, 0x0(x14)
#222 0 0000000000000d84 01d71123 m 0000000000010872 0000000000007fff  sh       x29, 0x2(x14)
#223 0 0000000000000d88     86be r 000000000000000d 00000000000106c8  c.mv     x13, x15
#224 0 0000000000000d8a     871e r 000000000000000e 0000000000010874  c.mv     x14, x7
#225 0 0000000000000d8c     8796 r 000000000000000f 00000000000106d8  c.mv     x15, x5
#226 0 0000000000000d8e 01078293 r 0000000000000005 00000000000106e8  addi     x5, x15, 0x10
#227 0 0000000000000d92 00150313 r 0000000000000006 0000000000000005  addi     x6, x10, 0x1
#228 0 0000000000000d96 08c2fb63 r 0000000000000000 0000000000000000  bgeu     x5, x12, . + 0x96
#229 0 0000000000000d9a 00470393 r 0000000000000007 0000000000010878  addi     x7, x14, 0x4
#230 0 0000000000000d9e 0313fe63 r 0000000000000000 0000000000000000  bgeu     x7, x17, . + 0x3c
#231 0 0000000000000da2 03031f93 r 000000000000001f 0005000000000000  slli     x31, x6, 0x30
#232 0 0000000000000da6 030fdf93 r 000000000000001f 0000000000000005  srli     x31, x31, 0x30
#233 0 0000000000000daa 01efc333 r 0000000000000006 0000000000000005  xor      x6, x31, x30
#234 0 0000000000000dae 0033131b r 0000000000000006 0000000000000028  slliw    x6, x6, 0x3
#235 0 0000000000000db2 07837313 r 0000000000000006 0000000000000028  andi     x6, x6, 0x78
#236 0 0000000000000db6 007fff93 r 000000000000001f 0000000000000005  andi     x31, x31, 0x7
#237 0 0000000000000dba     e394 m 00000000000106d8 00000000000106c8  c.sd     x13, 0x0(x15)
#238 0 0000000000000dbc 01f366b3 r 000000000000000d 000000000000002d  or       x13, x6, x31
#239 0 0000000000000dc0     e19c m 0000000000010668 00000000000106d8  c.sd     x15, 0x0(x11)
#240 0 0000000000000dc2 0086931b r 0000000000000006 0000000000002d00  slliw    x6, x13, 0x8
#241 0 0000000000000dc6     e798 m 00000000000106e0 0000000000010874  c.sd     x14, 0x8(x15)
#242 0 0000000000000dc8 0066efb3 r 000000000000001f 0000000000002d2d  or       x31, x13, x6
#243 0 0000000000000dcc 01f71023 m 0000000000010874 0000000000002d2d  sh       x31, 0x0(x14)
#244 0 0000000000000dd0 01d71123 m 0000000000010876 0000000000007fff  sh       x29, 0x2(x14)
#245 0 0000000000000dd4     86be r 000000000000000d 00000000000106d8  c.mv     x13, x15
#246 0 0000000000000dd6     871e r 000000000000000e 0000000000010878  c.mv     x14, x7
#247 0 0000000000000dd8     8796 r 000000000000000f 00000000000106e8  c.mv     x15, x5
#248 0 0000000000000dda 01078293 r 0000000000000005 00000000000106f8  addi     x5, x15, 0x10
#249 0 0000000000000dde 00250313 r 0000000000000006 0000000000000006  addi     x6, x10, 0x2
#250 0 0000000000000de2 04c2f563 r 0000000000000000 0000000000000000  bgeu     x5, x12, . + 0x4a
#251 0 0000000000000de6 00470393 r 0000000000000007 000000000001087c  addi     x7, x14, 0x4
#252 0 0000000000000dea 0313fe63 r 0000000000000000 0000000000000000  bgeu     x7, x17, . + 0x3c
#253 0 0000000000000dee 03031f93 r 000000000000001f 0006000000000000  slli     x31, x6, 0x30
#254 0 0000000000000df2 030fdf93 r 000000000000001f 0000000000000006  srli     x31, x31, 0x30
#255 0 0000000000000df6 01efc333 r 0000000000000006 0000000000000006  xor      x6, x31, x30
#256 0 0000000000000dfa 0033131b r 0000000000000006 0000000000000030  slliw    x6, x6, 0x3
#257 0 0000000000000dfe 07837313 r 0000000000000006 0000000000000030  andi     x6, x6, 0x78
#258 0 0000000000000e02 007fff93 r 000000000000001f 0000000000000006  andi     x31, x31, 0x7
#259 0 0000000000000e06     e394 m 00000000000106e8 00000000000106d8  c.sd     x13, 0x0(x15)
#260 0 0000000000000e08 01f366b3 r 000000000000000d 0000000000000036  or       x13, x6, x31
#261 0 0000000000000e0c     e19c m 0000000000010668 00000000000106e8  c.sd     x15, 0x0(x11)
#262 0 0000000000000e0e 0086931b r 0000000000000006 0000000000003600  slliw    x6, x13, 0x8
#263 0 0000000000000e12     e798 m 00000000000106f0 0000000000010878  c.sd     x14, 0x8(x15)
#264 0 0000000000000e14 0066efb3 r 000000000000001f 0000000000003636  or       x31, x13, x6
#265 0 0000000000000e18 01f71023 m 0000000000010878 0000000000003636  sh       x31, 0x0(x14)
#266 0 0000000000000e1c 01d71123 m 000000000001087a 0000000000007fff  sh       x29, 0x2(x14)
#267 0 0000000000000e20     86be r 000000000000000d 00000000000106e8  c.mv     x13, x15
#268 0 0000000000000e22     871e r 000000000000000e 000000000001087c  c.mv     x14, x7
#269 0 0000000000000e24     8796 r 000000000000000f 00000000000106f8  c.mv     x15, x5
#270 0 0000000000000e26     050d r 000000000000000a 0000000000000007  c.addi   x10, 0x3
#271 0 0000000000000e28 eca81ae3 r 0000000000000000 0000000000000000  bne      x16, x10, . - 0x12c
#272 0 0000000000000cfc 01078293 r 0000000000000005 0000000000010708  addi     x5, x15, 0x10
#273 0 0000000000000d00 12c2f663 r 0000000000000000 0000000000000000  bgeu     x5, x12, . + 0x12c
#274 0 0000000000000d04 00470393 r 0000000000000007 0000000000010880  addi     x7, x14, 0x4
#275 0 0000000000000d08 0313fe63 r 0000000000000000 0000000000000000  bgeu     x7, x17, . + 0x3c
#276 0 0000000000000d0c 03051313 r 0000000000000006 0007000000000000  slli     x6, x10, 0x30
#277 0 0000000000000d10 03035f93 r 000000000000001f 0000000000000007  srli     x31, x6, 0x30
#278 0 0000000000000d14 01efc333 r 0000000000000006 0000000000000007  xor      x6, x31, x30
#279 0 0000000000000d18 0033131b r 0000000000000006 0000000000000038  slliw    x6, x6, 0x3
#280 0 0000000000000d1c 07837313 r 0000000000000006 0000000000000038  andi     x6, x6, 0x78
#281 0 0000000000000d20 007fff93 r 000000000000001f 0000000000000007  andi     x31, x31, 0x7
#282 0 0000000000000d24     e394 m 00000000000106f8 00000000000106e8  c.sd     x13, 0x0(x15)
#283 0 0000000000000d26 01f366b3 r 000000000000000d 000000000000003f  or       x13, x6, x31
#284 0 0000000000000d2a     e19c m 0000000000010668 00000000000106f8  c.sd     x15, 0x0(x11)
#285 0 0000000000000d2c 0086931b r 0000000000000006 0000000000003f00  slliw    x6, x13, 0x8
#286 0 0000000000000d30     e798 m 0000000000010700 000000000001087c  c.sd     x14, 0x8(x15)
#287 0 0000000000000d32 0066efb3 r 000000000000001f 0000000000003f3f  or       x31, x13, x6
#288 0 0000000000000d36 01f71023 m 000000000001087c 0000000000003f3f  sh       x31, 0x0(x14)
#289 0 0000000000000d3a 01d71123 m 000000000001087e 0000000000007fff  sh       x29, 0x2(x14)
#290 0 0000000000000d3e     86be r 000000000000000d 00000000000106f8  c.mv     x13, x15
#291 0 0000000000000d40     871e r 000000000000000e 0000000000010880  c.mv     x14, x7
#292 0 0000000000000d42     8796 r 000000000000000f 0000000000010708  c.mv     x15, x5
#293 0 0000000000000d44 01078293 r 0000000000000005 0000000000010718  addi     x5, x15, 0x10
#294 0 0000000000000d48     0505 r 000000000000000a 0000000000000008  c.addi   x10, 0x1
#295 0 0000000000000d4a 0ec2f163 r 0000000000000000 0000000000000000  bgeu     x5, x12, . + 0xe2
#296 0 0000000000000d4e 00470393 r 0000000000000007 0000000000010884  addi     x7, x14, 0x4
#297 0 0000000000000d52 0313fe63 r 0000000000000000 0000000000000000  bgeu     x7, x17, . + 0x3c
#298 0 0000000000000d56 03051313 r 0000000000000006 0008000000000000  slli     x6, x10, 0x30
#299 0 0000000000000d5a 03035f93 r 000000000000001f 0000000000000008  srli     x31, x6, 0x30
#300 0 0000000000000d5e 01efc333 r 0000000000000006 0000000000000008  xor      x6, x31, x30
#301 0 0000000000000d62 0033131b r 0000000000000006 0000000000000040  slliw    x6, x6, 0x3
#302 0 0000000000000d66 07837313 r 0000000000000006 0000000000000040  andi     x6, x6, 0x78
#303 0 0000000000000d6a 007fff93 r 000000000000001f 0000000000000000  andi     x31, x31, 0x7
#304 0 0000000000000d6e     e394 m 0000000000010708 00000000000106f8  c.sd     x13, 0x0(x15)
#305 0 0000000000000d70 01f366b3 r 000000000000000d 0000000000000040  or       x13, x6, x31
#306 0 0000000000000d74     e19c m 0000000000010668 0000000000010708  c.sd     x15, 0x0(x11)
#307 0 0000000000000d76 0086931b r 0000000000000006 0000000000004000  slliw    x6, x13, 0x8
#308 0 0000000000000d7a     e798 m 0000000000010710 0000000000010880  c.sd     x14, 0x8(x15)
#309 0 0000000000000d7c 0066efb3 r 000000000000001f 0000000000004040  or       x31, x13, x6
#310 0 0000000000000d80 01f71023 m 0000000000010880 0000000000004040  sh       x31, 0x0(x14)
#311 0 0000000000000d84 01d71123 m 0000000000010882 0000000000007fff  sh       x29, 0x2(x14)
#312 0 0000000000000d88     86be r 000000000000000d 0000000000010708  c.mv     x13, x15
#313 0 0000000000000d8a     871e r 000000000000000e 0000000000010884  c.mv     x14, x7
#314 0 0000000000000d8c     8796 r 000000000000000f 0000000000010718  c.mv     x15, x5
#315 0 0000000000000d8e 01078293 r 0000000000000005 0000000000010728  addi     x5, x15, 0x10
#316 0 0000000000000d92 00150313 r 0000000000000006 0000000000000009  addi     x6, x10, 0x1
#317 0 0000000000000d96 08c2fb63 r 0000000000000000 0000000000000000  bgeu     x5, x12, . + 0x96
#318 0 0000000000000d9a 00470393 r 0000000000000007 0000000000010888  addi     x7, x14, 0x4
#319 0 0000000000000d9e 0313fe63 r 0000000000000000 0000000000000000  bgeu     x7, x17, . + 0x3c
#320 0 0000000000000da2 03031f93 r 000000000000001f 0009000000000000  slli     x31, x6, 0x30
#321 0 0000000000000da6 030fdf93 r 000000000000001f 0000000000000009  srli     x31, x31, 0x30
#322 0 0000000000000daa 01efc333 r 0000000000000006 0000000000000009  xor      x6, x31, x30
#323 0 0000000000000dae 0033131b r 0000000000000006 0000000000000048  slliw    x6, x6, 0x3
#324 0 0000000000000db2 07837313 r 0000000000000006 0000000000000048  andi     x6, x6, 0x78
#325 0 0000000000000db6 007fff93 r 000000000000001f 0000000000000001  andi     x31, x31, 0x7
#326 0 0000000000000dba     e394 m 0000000000010718 0000000000010708  c.sd     x13, 0x0(x15)
#327 0 0000000000000dbc 01f366b3 r 000000000000000d 0000000000000049  or       x13, x6, x31
#328 0 0000000000000dc0     e19c m 0000000000010668 0000000000010718  c.sd     x15, 0x0(x11)
#329 0 0000000000000dc2 0086931b r 0000000000000006 0000000000004900  slliw    x6, x13, 0x8
#330 0 0000000000000dc6     e798 m 0000000000010720 0000000000010884  c.sd     x14, 0x8(x15)
#331 0 0000000000000dc8 0066efb3 r 000000000000001f 0000000000004949  or       x31, x13, x6
#332 0 0000000000000dcc 01f71023 m 0000000000010884 0000000000004949  sh       x31, 0x0(x14)
#333 0 0000000000000dd0 01d71123 m 0000000000010886 0000000000007fff  sh       x29, 0x2(x14)
#334 0 0000000000000dd4     86be r 000000000000000d 0000000000010718  c.mv     x13, x15
#335 0 0000000000000dd6     871e r 000000000000000e 0000000000010888  c.mv     x14, x7
#336 0 0000000000000dd8     8796 r 000000000000000f 0000000000010728  c.mv     x15, x5
#337 0 0000000000000dda 01078293 r 0000000000000005 0000000000010738  addi     x5, x15, 0x10
#338 0 0000000000000dde 00250313 r 0000000000000006 000000000000000a  addi     x6, x10, 0x2
#339 0 0000000000000de2 04c2f563 r 0000000000000000 0000000000000000  bgeu     x5, x12, . + 0x4a
#340 0 0000000000000de6 00470393 r 0000000000000007 000000000001088c  addi     x7, x14, 0x4
#341 0 0000000000000dea 0313fe63 r 0000000000000000 0000000000000000  bgeu     x7, x17, . + 0x3c
#342 0 0000000000000dee 03031f93 r 000000000000001f 000a000000000000  slli     x31, x6, 0x30
#343 0 0000000000000df2 030fdf93 r 000000000000001f 000000000000000a  srli     x31, x31, 0x30
#344 0 0000000000000df6 01efc333 r 0000000000000006 000000000000000a  xor      x6, x31, x30
#345 0 0000000000000dfa 0033131b r 0000000000000006 0000000000000050  slliw    x6, x6, 0x3
#346 0 0000000000000dfe 07837313 r 0000000000000006 0000000000000050  andi     x6, x6, 0x78
#347 0 0000000000000e02 007fff93 r 000000000000001f 0000000000000002  andi     x31, x31, 0x7
#348 0 0000000000000e06     e394 m 0000000000010728 0000000000010718  c.sd     x13, 0x0(x15)
#349 0 0000000000000e08 01f366b3 r 000000000000000d 0000000000000052  or       x13, x6, x31
#350 0 0000000000000e0c     e19c m 0000000000010668 0000000000010728  c.sd     x15, 0x0(x11)
#351 0 0000000000000e0e 0086931b r 0000000000000006 0000000000005200  slliw    x6, x13, 0x8
#352 0 0000000000000e12     e798 m 0000000000010730 0000000000010888  c.sd     x14, 0x8(x15)
#353 0 0000000000000e14 0066efb3 r 000000000000001f 0000000000005252  or       x31, x13, x6
#354 0 0000000000000e18 01f71023 m 0000000000010888 0000000000005252  sh       x31, 0x0(x14)
#355 0 0000000000000e1c 01d71123 m 000000000001088a 0000000000007fff  sh       x29, 0x2(x14)
#356 0 0000000000000e20     86be r 000000000000000d 0000000000010728  c.mv     x13, x15
#357 0 0000000000000e22     871e r 000000000000000e 000000000001088c  c.mv     x14, x7
#358 0 0000000000000e24     8796 r 000000000000000f 0000000000010738  c.mv     x15, x5
#359 0 0000000000000e26     050d r 000000000000000a 000000000000000b  c.addi   x10, 0x3
#360 0 0000000000000e28 eca81ae3 r 0000000000000000 0000000000000000  bne      x16, x10, . - 0x12c
#361 0 0000000000000cfc 01078293 r 0000000000000005 0000000000010748  addi     x5, x15, 0x10
#362 0 0000000000000d00 12c2f663 r 0000000000000000 0000000000000000  bgeu     x5, x12, . + 0x12c
#363 0 0000000000000d04 00470393 r 0000000000000007 0000000000010890  addi     x7, x14, 0x4
#364 0 0000000000000d08 0313fe63 r 0000000000000000 0000000000000000  bgeu     x7, x17, . + 0x3c
#365 0 0000000000000d0c 03051313 r 0000000000000006 000b000000000000  slli     x6, x10, 0x30
#366 0 0000000000000d10 03035f93 r 000000000000001f 000000000000000b  srli     x31, x6, 0x30
#367 0 0000000000000d14 01efc333 r 0000000000000006 000000000000000b  xor      x6, x31, x30
#368 0 0000000000000d18 0033131b r 0000000000000006 0000000000000058  slliw    x6, x6, 0x3
#369 0 0000000000000d1c 07837313 r 0000000000000006 0000000000000058  andi     x6, x6, 0x78
#370 0 0000000000000d20 007fff93 r 000000000000001f 0000000000000003  andi     x31, x31, 0x7
#371 0 0000000000000d24     e394 m 0000000000010738 0000000000010728  c.sd     x13, 0x0(x15)
#372 0 0000000000000d26 01f366b3 r 000000000000000d 000000000000005b  or       x13, x6, x31
#373 0 0000000000000d2a     e19c m 0000000000010668 0000000000010738  c.sd     x15, 0x0(x11)
#374 0 0000000000000d2c 0086931b r 0000000000000006 0000000000005b00  slliw    x6, x13, 0x8
#375 0 0000000000000d30     e798 m 0000000000010740 000000000001088c  c.sd     x14, 0x8(x15)
#376 0 0000000000000d32 0066efb3 r 000000000000001f 0000000000005b5b  or       x31, x13, x6
#377 0 0000000000000d36 01f71023 m 000000000001088c 0000000000005b5b  sh       x31, 0x0(x14)
#378 0 0000000000000d3a 01d71123 m 000000000001088e 0000000000007fff  sh       x29, 0x2(x14)
#379 0 0000000000000d3e     86be r 000000000000000d 0000000000010738  c.mv     x13, x15
#380 0 0000000000000d40     871e r 000000000000000e 0000000000010890  c.mv     x14, x7
#381 0 0000000000000d42     8796 r 000000000000000f 0000000000010748  c.mv     x15, x5
#382 0 0000000000000d44 01078293 r 0000000000000005 0000000000010758  addi     x5, x15, 0x10
#383 0 0000000000000d48     0505 r 000000000000000a 000000000000000c  c.addi   x10, 0x1
#384 0 0000000000000d4a 0ec2f163 r 0000000000000000 0000000000000000  bgeu     x5, x12, . + 0xe2
#385 0 0000000000000d4e 00470393 r 0000000000000007 0000000000010894  addi     x7, x14, 0x4
#386 0 0000000000000d52 0313fe63 r 0000000000000000 0000000000000000  bgeu     x7, x17, . + 0x3c
#387 0 0000000000000d56 03051313 r 0000000000000006 000c000000000000  slli     x6, x10, 0x30
#388 0 0000000000000d5a 03035f93 r 000000000000001f 000000000000000c  srli     x31, x6, 0x30
#389 0 0000000000000d5e 01efc333 r 0000000000000006 000000000000000c  xor      x6, x31, x30
#390 0 0000000000000d62 0033131b r 0000000000000006 0000000000000060  slliw    x6, x6, 0x3
#391 0 0000000000000d66 07837313 r 0000000000000006 0000000000000060  andi     x6, x6, 0x78
#392 0 0000000000000d6a 007fff93 r 000000000000001f 0000000000000004  andi     x31, x31, 0x7
#393 0 0000000000000d6e     e394 m 0000000000010748 0000000000010738  c.sd     x13, 0x0(x15)
#394 0 0000000000000d70 01f366b3 r 000000000000000d 0000000000000064  or       x13, x6, x31
#395 0 0000000000000d74     e19c m 0000000000010668 0000000000010748  c.sd     x15, 0x0(x11)
#396 0 0000000000000d76 0086931b r 0000000000000006 0000000000006400  slliw    x6, x13, 0x8
#397 0 0000000000000d7a     e798 m 0000000000010750 0000000000010890  c.sd     x14, 0x8(x15)
#398 0 0000000000000d7c 0066efb3 r 000000000000001f 0000000000006464  or       x31, x13, x6
#399 0 0000000000000d80 01f71023 m 0000000000010890 0000000000006464  sh       x31, 0x0(x14)
#400 0 0000000000000d84 01d71123 m 0000000000010892 0000000000007fff  sh       x29, 0x2(x14)
#401 0 0000000000000d88     86be r 000000000000000d 0000000000010748  c.mv     x13, x15
#402 0 0000000000000d8a     871e r 000000000000000e 0000000000010894  c.mv     x14, x7
#403 0 0000000000000d8c     8796 r 000000000000000f 0000000000010758  c.mv     x15, x5
#404 0 0000000000000d8e 01078293 r 0000000000000005 0000000000010768  addi     x5, x15, 0x10
#405 0 0000000000000d92 00150313 r 0000000000000006 000000000000000d  addi     x6, x10, 0x1
#406 0 0000000000000d96 08c2fb63 r 0000000000000000 0000000000000000  bgeu     x5, x12, . + 0x96
#407 0 0000000000000d9a 00470393 r 0000000000000007 0000000000010898  addi     x7, x14, 0x4
#408 0 0000000000000d9e 0313fe63 r 0000000000000000 0000000000000000  bgeu     x7, x17, . + 0x3c
#409 0 0000000000000da2 03031f93 r 000000000000001f 000d000000000000  slli     x31, x6, 0x30
#410 0 0000000000000da6 030fdf93 r 000000000000001f 000000000000000d  srli     x31, x31, 0x30
#411 0 0000000000000daa 01efc333 r 0000000000000006 000000000000000d  xor      x6, x31, x30
#412 0 0000000000000dae 0033131b r 0000000000000006 0000000000000068  slliw    x6, x6, 0x3
#413 0 0000000000000db2 07837313 r 0000000000000006 0000000000000068  andi     x6, x6, 0x78
#414 0 0000000000000db6 007fff93 r 000000000000001f 0000000000000005  andi     x31, x31, 0x7
#415 0 0000000000000dba     e394 m 0000000000010758 0000000000010748  c.sd     x13, 0x0(x15)
#416 0 0000000000000dbc 01f366b3 r 000000000000000d 000000000000006d  or       x13, x6, x31
#417 0 0000000000000dc0     e19c m 0000000000010668 0000000000010758  c.sd     x15, 0x0(x11)
#418 0 0000000000000dc2 0086931b r 0000000000000006 0000000000006d00  slliw    x6, x13, 0x8
#419 0 0000000000000dc6     e798 m 0000000000010760 0000000000010894  c.sd     x14, 0x8(x15)
#420 0 0000000000000dc8 0066efb3 r 000000000000001f 0000000000006d6d  or       x31, x13, x6
#421 0 0000000000000dcc 01f71023 m 0000000000010894 0000000000006d6d  sh       x31, 0x0(x14)
#422 0 0000000000000dd0 01d71123 m 0000000000010896 0000000000007fff  sh       x29, 0x2(x14)
#423 0 0000000000000dd4     86be r 000000000000000d 0000000000010758  c.mv     x13, x15
#424 0 0000000000000dd6     871e r 000000000000000e 0000000000010898  c.mv     x14, x7
#425 0 0000000000000dd8     8796 r 000000000000000f 0000000000010768  c.mv     x15, x5
#426 0 0000000000000dda 01078293 r 0000000000000005 0000000000010778  addi     x5, x15, 0x10
#427 0 0000000000000dde 00250313 r 0000000000000006 000000000000000e  addi     x6, x10, 0x2
#428 0 0000000000000de2 04c2f563 r 0000000000000000 0000000000000000  bgeu     x5, x12, . + 0x4a
#429 0 0000000000000de6 00470393 r 0000000000000007 000000000001089c  addi     x7, x14, 0x4
#430 0 0000000000000dea 0313fe63 r 0000000000000000 0000000000000000  bgeu     x7, x17, . + 0x3c
#431 0 0000000000000dee 03031f93 r 000000000000001f 000e000000000000  slli     x31, x6, 0x30
#432 0 0000000000000df2 030fdf93 r 000000000000001f 000000000000000e  srli     x31, x31, 0x30
#433 0 0000000000000df6 01efc333 r 0000000000000006 000000000000000e  xor      x6, x31, x30
#434 0 0000000000000dfa 0033131b r 0000000000000006 0000000000000070  slliw    x6, x6, 0x3
#435 0 0000000000000dfe 07837313 r 0000000000000006 0000000000000070  andi     x6, x6, 0x78
#436 0 0000000000000e02 007fff93 r 000000000000001f 0000000000000006  andi     x31, x31, 0x7
#437 0 0000000000000e06     e394 m 0000000000010768 0000000000010758  c.sd     x13, 0x0(x15)
#438 0 0000000000000e08 01f366b3 r 000000000000000d 0000000000000076  or       x13, x6, x31
#439 0 0000000000000e0c     e19c m 0000000000010668 0000000000010768  c.sd     x15, 0x0(x11)
#440 0 0000000000000e0e 0086931b r 0000000000000006 0000000000007600  slliw    x6, x13, 0x8
#441 0 0000000000000e12     e798 m 0000000000010770 0000000000010898  c.sd     x14, 0x8(x15)
#442 0 0000000000000e14 0066efb3 r 000000000000001f 0000000000007676  or       x31, x13, x6
#443 0 0000000000000e18 01f71023 m 0000000000010898 0000000000007676  sh       x31, 0x0(x14)
#444 0 0000000000000e1c 01d71123 m 000000000001089a 0000000000007fff  sh       x29, 0x2(x14)
#445 0 0000000000000e20     86be r 000000000000000d 0000000000010768  c.mv     x13, x15
#446 0 0000000000000e22     871e r 000000000000000e 000000000001089c  c.mv     x14, x7
#447 0 0000000000000e24     8796 r 000000000000000f 0000000000010778  c.mv     x15, x5
#448 0 0000000000000e26     050d r 000000000000000a 000000000000000f  c.addi   x10, 0x3
#449 0 0000000000000e28 eca81ae3 r 0000000000000000 0000000000000000  bne      x16, x10, . - 0x12c
#450 0 0000000000000cfc 01078293 r 0000000000000005 0000000000010788  addi     x5, x15, 0x10
#451 0 0000000000000d00 12c2f663 r 0000000000000000 0000000000000000  bgeu     x5, x12, . + 0x12c
#452 0 0000000000000d04 00470393 r 0000000000000007 00000000000108a0  addi     x7, x14, 0x4
#453 0 0000000000000d08 0313fe63 r 0000000000000000 0000000000000000  bgeu     x7, x17, . + 0x3c
#454 0 0000000000000d0c 03051313 r 0000000000000006 000f000000000000  slli     x6, x10, 0x30
#455 0 0000000000000d10 03035f93 r 000000000000001f 000000000000000f  srli     x31, x6, 0x30
#456 0 0000000000000d14 01efc333 r 0000000000000006 000000000000000f  xor      x6, x31, x30
#457 0 0000000000000d18 0033131b r 0000000000000006 0000000000000078  slliw    x6, x6, 0x3
#458 0 0000000000000d1c 07837313 r 0000000000000006 0000000000000078  andi     x6, x6, 0x78
#459 0 0000000000000d20 007fff93 r 000000000000001f 0000000000000007  andi     x31, x31, 0x7
#460 0 0000000000000d24     e394 m 0000000000010778 0000000000010768  c.sd     x13, 0x0(x15)
#461 0 0000000000000d26 01f366b3 r 000000000000000d 000000000000007f  or       x13, x6, x31
#462 0 0000000000000d2a     e19c m 0000000000010668 0000000000010778  c.sd     x15, 0x0(x11)
#463 0 0000000000000d2c 0086931b r 0000000000000006 0000000000007f00  slliw    x6, x13, 0x8
#464 0 0000000000000d30     e798 m 0000000000010780 000000000001089c  c.sd     x14, 0x8(x15)
#465 0 0000000000000d32 0066efb3 r 000000000000001f 0000000000007f7f  or       x31, x13, x6
#466 0 0000000000000d36 01f71023 m 000000000001089c 0000000000007f7f  sh       x31, 0x0(x14)
#467 0 0000000000000d3a 01d71123 m 000000000001089e 0000000000007fff  sh       x29, 0x2(x14)
#468 0 0000000000000d3e     86be r 000000000000000d 0000000000010778  c.mv     x13, x15
#469 0 0000000000000d40     871e r 000000000000000e 00000000000108a0  c.mv     x14, x7
#470 0 0000000000000d42     8796 r 000000000000000f 0000000000010788  c.mv     x15, x5
#471 0 0000000000000d44 01078293 r 0000000000000005 0000000000010798  addi     x5, x15, 0x10
#472 0 0000000000000d48     0505 r 000000000000000a 0000000000000010  c.addi   x10, 0x1
#473 0 0000000000000d4a 0ec2f163 r 0000000000000000 0000000000000000  bgeu     x5, x12, . + 0xe2
#474 0 0000000000000d4e 00470393 r 0000000000000007 00000000000108a4  addi     x7, x14, 0x4
#475 0 0000000000000d52 0313fe63 r 0000000000000000 0000000000000000  bgeu     x7, x17, . + 0x3c
#476 0 0000000000000d56 03051313 r 0000000000000006 0010000000000000  slli     x6, x10, 0x30
#477 0 0000000000000d5a 03035f93 r 000000000000001f 0000000000000010  srli     x31, x6, 0x30
#478 0 0000000000000d5e 01efc333 r 0000000000000006 0000000000000010  xor      x6, x31, x30
#479 0 0000000000000d62 0033131b r 0000000000000006 0000000000000080  slliw    x6, x6, 0x3
#480 0 0000000000000d66 07837313 r 0000000000000006 0000000000000000  andi     x6, x6, 0x78
#481 0 0000000000000d6a 007fff93 r 000000000000001f 0000000000000000  andi     x31, x31, 0x7
#482 0 0000000000000d6e     e394 m 0000000000010788 0000000000010778  c.sd     x13, 0x0(x15)
#483 0 0000000000000d70 01f366b3 r 000000000000000d 0000000000000000  or       x13, x6, x31
#484 0 0000000000000d74     e19c m 0000000000010668 0000000000010788  c.sd     x15, 0x0(x11)
#485 0 0000000000000d76 0086931b r 0000000000000006 0000000000000000  slliw    x6, x13, 0x8
#486 0 0000000000000d7a     e798 m 0000000000010790 00000000000108a0  c.sd     x14, 0x8(x15)
#487 0 0000000000000d7c 0066efb3 r 000000000000001f 0000000000000000  or       x31, x13, x6
#488 0 0000000000000d80 01f71023 m 00000000000108a0 0000000000000000  sh       x31, 0x0(x14)
#489 0 0000000000000d84 01d71123 m 00000000000108a2 0000000000007fff  sh       x29, 0x2(x14)
#490 0 0000000000000d88     86be r 000000000000000d 0000000000010788  c.mv     x13, x15
#491 0 0000000000000d8a     871e r 000000000000000e 00000000000108a4  c.mv     x14, x7
#492 0 0000000000000d8c     8796 r 000000000000000f 0000000000010798  c.mv     x15, x5
#493 0 0000000000000d8e 01078293 r 0000000000000005 00000000000107a8  addi     x5, x15, 0x10
#494 0 0000000000000d92 00150313 r 0000000000000006 0000000000000011  addi     x6, x10, 0x1
#495 0 0000000000000d96 08c2fb63 r 0000000000000000 0000000000000000  bgeu     x5, x12, . + 0x96
#496 0 0000000000000d9a 00470393 r 0000000000000007 00000000000108a8  addi     x7, x14, 0x4
#497 0 0000000000000d9e 0313fe63 r 0000000000000000 0000000000000000  bgeu     x7, x17, . + 0x3c
#498 0 0000000000000da2 03031f93 r 000000000000001f 0011000000000000  slli     x31, x6, 0x30
#499 0 0000000000000da6 030fdf93 r 000000000000001f 0000000000000011  srli     x31, x31, 0x30
#500 0 0000000000000daa 01efc333 r 0000000000000006 0000000000000011  xor      x6, x31, x30
#501 0 0000000000000dae 0033131b r 0000000000000006 0000000000000088  slliw    x6, x6, 0x3
#502 0 0000000000000db2 07837313 r 0000000000000006 0000000000000008  andi     x6, x6, 0x78
#503 0 0000000000000db6 007fff93 r 000000000000001f 0000000000000001  andi     x31, x31, 0x7
#504 0 0000000000000dba     e394 m 0000000000010798 0000000000010788  c.sd     x13, 0x0(x15)
#505 0 0000000000000dbc 01f366b3 r 000000000000000d 0000000000000009  or       x13, x6, x31
#506 0 0000000000000dc0     e19c m 0000000000010668 0000000000010798  c.sd     x15, 0x0(x11)
#507 0 0000000000000dc2 0086931b r 0000000000000006 0000000000000900  slliw    x6, x13, 0x8
#508 0 0000000000000dc6     e798 m 00000000000107a0 00000000000108a4  c.sd     x14, 0x8(x15)
#509 0 0000000000000dc8 0066efb3 r 000000000000001f 0000000000000909  or       x31, x13, x6
#510 0 0000000000000dcc 01f71023 m 00000000000108a4 0000000000000909  sh       x31, 0x0(x14)
#511 0 0000000000000dd0 01d71123 m 00000000000108a6 0000000000007fff  sh       x29, 0x2(x14)
#512 0 0000000000000dd4     86be r 000000000000000d 0000000000010798  c.mv     x13, x15
#513 0 0000000000000dd6     871e r 000000000000000e 00000000000108a8  c.mv     x14, x7
#514 0 0000000000000dd8     8796 r 000000000000000f 00000000000107a8  c.mv     x15, x5
#515 0 0000000000000dda 01078293 r 0000000000000005 00000000000107b8  addi     x5, x15, 0x10
#516 0 0000000000000dde 00250313 r 0000000000000006 0000000000000012  addi     x6, x10, 0x2
#517 0 0000000000000de2 04c2f563 r 0000000000000000 0000000000000000  bgeu     x5, x12, . + 0x4a
#518 0 0000000000000de6 00470393 r 0000000000000007 00000000000108ac  addi     x7, x14, 0x4
#519 0 0000000000000dea 0313fe63 r 0000000000000000 0000000000000000  bgeu     x7, x17, . + 0x3c
#520 0 0000000000000dee 03031f93 r 000000000000001f 0012000000000000  slli     x31, x6, 0x30
#521 0 0000000000000df2 030fdf93 r 000000000000001f 0000000000000012  srli     x31, x31, 0x30
#522 0 0000000000000df6 01efc333 r 0000000000000006 0000000000000012  xor      x6, x31, x30
#523 0 0000000000000dfa 0033131b r 0000000000000006 0000000000000090  slliw    x6, x6, 0x3
#524 0 0000000000000dfe 07837313 r 0000000000000006 0000000000000010  andi     x6, x6, 0x78
#525 0 0000000000000e02 007fff93 r 000000000000001f 0000000000000002  andi     x31, x31, 0x7
#526 0 0000000000000e06     e394 m 00000000000107a8 0000000000010798  c.sd     x13, 0x0(x15)
#527 0 0000000000000e08 01f366b3 r 000000000000000d 0000000000000012  or       x13, x6, x31
#528 0 0000000000000e0c     e19c m 0000000000010668 00000000000107a8  c.sd     x15, 0x0(x11)
#529 0 0000000000000e0e 0086931b r 0000000000000006 0000000000001200  slliw    x6, x13, 0x8
#530 0 0000000000000e12     e798 m 00000000000107b0 00000000000108a8  c.sd     x14, 0x8(x15)
#531 0 0000000000000e14 0066efb3 r 000000000000001f 0000000000001212  or       x31, x13, x6
#532 0 0000000000000e18 01f71023 m 00000000000108a8 0000000000001212  sh       x31, 0x0(x14)
#533 0 0000000000000e1c 01d71123 m 00000000000108aa 0000000000007fff  sh       x29, 0x2(x14)
#534 0 0000000000000e20     86be r 000000000000000d 00000000000107a8  c.mv     x13, x15
#535 0 0000000000000e22     871e r 000000000000000e 00000000000108ac  c.mv     x14, x7
#536 0 0000000000000e24     8796 r 000000000000000f 00000000000107b8  c.mv     x15, x5
#537 0 0000000000000e26     050d r 000000000000000a 0000000000000013  c.addi   x10, 0x3
#538 0 0000000000000e28 eca81ae3 r 0000000000000000 0000000000000000  bne      x16, x10, . - 0x12c
#539 0 0000000000000cfc 01078293 r 0000000000000005 00000000000107c8  addi     x5, x15, 0x10
#540 0 0000000000000d00 12c2f663 r 0000000000000000 0000000000000000  bgeu     x5, x12, . + 0x12c
#541 0 0000000000000d04 00470393 r 0000000000000007 00000000000108b0  addi     x7, x14, 0x4
#542 0 0000000000000d08 0313fe63 r 0000000000000000 0000000000000000  bgeu     x7, x17, . + 0x3c
#543 0 0000000000000d0c 03051313 r 0000000000000006 0013000000000000  slli     x6, x10, 0x30
#544 0 0000000000000d10 03035f93 r 000000000000001f 0000000000000013  srli     x31, x6, 0x30
#545 0 0000000000000d14 01efc333 r 0000000000000006 0000000000000013  xor      x6, x31, x30
#546 0 0000000000000d18 0033131b r 0000000000000006 0000000000000098  slliw    x6, x6, 0x3
#547 0 0000000000000d1c 07837313 r 0000000000000006 0000000000000018  andi     x6, x6, 0x78
#548 0 0000000000000d20 007fff93 r 000000000000001f 0000000000000003  andi     x31, x31, 0x7
#549 0 0000000000000d24     e394 m 00000000000107b8 00000000000107a8  c.sd     x13, 0x0(x15)
#550 0 0000000000000d26 01f366b3 r 000000000000000d 000000000000001b  or       x13, x6, x31
#551 0 0000000000000d2a     e19c m 0000000000010668 00000000000107b8  c.sd     x15, 0x0(x11)
#552 0 0000000000000d2c 0086931b r 0000000000000006 0000000000001b00  slliw    x6, x13, 0x8
#553 0 0000000000000d30     e798 m 00000000000107c0 00000000000108ac  c.sd     x14, 0x8(x15)
#554 0 0000000000000d32 0066efb3 r 000000000000001f 0000000000001b1b  or       x31, x13, x6
#555 0 0000000000000d36 01f71023 m 00000000000108ac 0000000000001b1b  sh       x31, 0x0(x14)
#556 0 0000000000000d3a 01d71123 m 00000000000108ae 0000000000007fff  sh       x29, 0x2(x14)
#557 0 0000000000000d3e     86be r 000000000000000d 00000000000107b8  c.mv     x13, x15
#558 0 0000000000000d40     871e r 000000000000000e 00000000000108b0  c.mv     x14, x7
#559 0 0000000000000d42     8796 r 000000000000000f 00000000000107c8  c.mv     x15, x5
#560 0 0000000000000d44 01078293 r 0000000000000005 00000000000107d8  addi     x5, x15, 0x10
#561 0 0000000000000d48     0505 r 000000000000000a 0000000000000014  c.addi   x10, 0x1
#562 0 0000000000000d4a 0ec2f163 r 0000000000000000 0000000000000000  bgeu     x5, x12, . + 0xe2
#563 0 0000000000000d4e 00470393 r 0000000000000007 00000000000108b4  addi     x7, x14, 0x4
#564 0 0000000000000d52 0313fe63 r 0000000000000000 0000000000000000  bgeu     x7, x17, . + 0x3c
#565 0 0000000000000d56 03051313 r 0000000000000006 0014000000000000  slli     x6, x10, 0x30
#566 0 0000000000000d5a 03035f93 r 000000000000001f 0000000000000014  srli     x31, x6, 0x30
#567 0 0000000000000d5e 01efc333 r 0000000000000006 0000000000000014  xor      x6, x31, x30
#568 0 0000000000000d62 0033131b r 0000000000000006 00000000000000a0  slliw    x6, x6, 0x3
#569 0 0000000000000d66 07837313 r 0000000000000006 0000000000000020  andi     x6, x6, 0x78
#570 0 0000000000000d6a 007fff93 r 000000000000001f 0000000000000004  andi     x31, x31, 0x7
#571 0 0000000000000d6e     e394 m 00000000000107c8 00000000000107b8  c.sd     x13, 0x0(x15)
#572 0 0000000000000d70 01f366b3 r 000000000000000d 0000000000000024  or       x13, x6, x31
#573 0 0000000000000d74     e19c m 0000000000010668 00000000000107c8  c.sd     x15, 0x0(x11)
#574 0 0000000000000d76 0086931b r 0000000000000006 0000000000002400  slliw    x6, x13, 0x8
#575 0 0000000000000d7a     e798 m 00000000000107d0 00000000000108b0  c.sd     x14, 0x8(x15)
#576 0 0000000000000d7c 0066efb3 r 000000000000001f 0000000000002424  or       x31, x13, x6
#577 0 0000000000000d80 01f71023 m 00000000000108b0 0000000000002424  sh       x31, 0x0(x14)
#578 0 0000000000000d84 01d71123 m 00000000000108b2 0000000000007fff  sh       x29, 0x2(x14)
#579 0 0000000000000d88     86be r 000000000000000d 00000000000107c8  c.mv     x13, x15
#580 0 0000000000000d8a     871e r 000000000000000e 00000000000108b4  c.mv     x14, x7
#581 0 0000000000000d8c     8796 r 000000000000000f 00000000000107d8  c.mv     x15, x5
#582 0 0000000000000d8e 01078293 r 0000000000000005 00000000000107e8  addi     x5, x15, 0x10
#583 0 0000000000000d92 00150313 r 0000000000000006 0000000000000015  addi     x6, x10, 0x1
#584 0 0000000000000d96 08c2fb63 r 0000000000000000 0000000000000000  bgeu     x5, x12, . + 0x96
#585 0 0000000000000d9a 00470393 r 0000000000000007 00000000000108b8  addi     x7, x14, 0x4
#586 0 0000000000000d9e 0313fe63 r 0000000000000000 0000000000000000  bgeu     x7, x17, . + 0x3c
#587 0 0000000000000da2 03031f93 r 000000000000001f 0015000000000000  slli     x31, x6, 0x30
#588 0 0000000000000da6 030fdf93 r 000000000000001f 0000000000000015  srli     x31, x31, 0x30
#589 0 0000000000000daa 01efc333 r 0000000000000006 0000000000000015  xor      x6, x31, x30
#590 0 0000000000000dae 0033131b r 0000000000000006 00000000000000a8  slliw    x6, x6, 0x3
#591 0 0000000000000db2 07837313 r 0000000000000006 0000000000000028  andi     x6, x6, 0x78
#592 0 0000000000000db6 007fff93 r 000000000000001f 0000000000000005  andi     x31, x31, 0x7
#593 0 0000000000000dba     e394 m 00000000000107d8 00000000000107c8  c.sd     x13, 0x0(x15)
#594 0 0000000000000dbc 01f366b3 r 000000000000000d 000000000000002d  or       x13, x6, x31
#595 0 0000000000000dc0     e19c m 0000000000010668 00000000000107d8  c.sd     x15, 0x0(x11)
#596 0 0000000000000dc2 0086931b r 0000000000000006 0000000000002d00  slliw    x6, x13, 0x8
#597 0 0000000000000dc6     e798 m 00000000000107e0 00000000000108b4  c.sd     x14, 0x8(x15)
#598 0 0000000000000dc8 0066efb3 r 000000000000001f 0000000000002d2d  or       x31, x13, x6
#599 0 0000000000000dcc 01f71023 m 00000000000108b4 0000000000002d2d  sh       x31, 0x0(x14)
#600 0 0000000000000dd0 01d71123 m 00000000000108b6 0000000000007fff  sh       x29, 0x2(x14)
#601 0 0000000000000dd4     86be r 000000000000000d 00000000000107d8  c.mv     x13, x15
#602 0 0000000000000dd6     871e r 000000000000000e 00000000000108b8  c.mv     x14, x7
#603 0 0000000000000dd8     8796 r 000000000000000f 00000000000107e8  c.mv     x15, x5
#604 0 0000000000000dda 01078293 r 0000000000000005 00000000000107f8  addi     x5, x15, 0x10
#605 0 0000000000000dde 00250313 r 0000000000000006 0000000000000016  addi     x6, x10, 0x2
#606 0 0000000000000de2 04c2f563 r 0000000000000000 0000000000000000  bgeu     x5, x12, . + 0x4a
#607 0 0000000000000de6 00470393 r 0000000000000007 00000000000108bc  addi     x7, x14, 0x4
#608 0 0000000000000dea 0313fe63 r 0000000000000000 0000000000000000  bgeu     x7, x17, . + 0x3c
#609 0 0000000000000dee 03031f93 r 000000000000001f 0016000000000000  slli     x31, x6, 0x30
#610 0 0000000000000df2 030fdf93 r 000000000000001f 0000000000000016  srli     x31, x31, 0x30
#611 0 0000000000000df6 01efc333 r 0000000000000006 0000000000000016  xor      x6, x31, x30
#612 0 0000000000000dfa 0033131b r 0000000000000006 00000000000000b0  slliw    x6, x6, 0x3
#613 0 0000000000000dfe 07837313 r 0000000000000006 0000000000000030  andi     x6, x6, 0x78
#614 0 0000000000000e02 007fff93 r 000000000000001f 0000000000000006  andi     x31, x31, 0x7
#615 0 0000000000000e06     e394 m 00000000000107e8 00000000000107d8  c.sd     x13, 0x0(x15)
#616 0 0000000000000e08 01f366b3 r 000000000000000d 0000000000000036  or       x13, x6, x31
#617 0 0000000000000e0c     e19c m 0000000000010668 00000000000107e8  c.sd     x15, 0x0(x11)
#618 0 0000000000000e0e 0086931b r 0000000000000006 0000000000003600  slliw    x6, x13, 0x8
#619 0 0000000000000e12     e798 m 00000000000107f0 00000000000108b8  c.sd     x14, 0x8(x15)
#620 0 0000000000000e14 0066efb3 r 000000000000001f 0000000000003636  or       x31, x13, x6
#621 0 0000000000000e18 01f71023 m 00000000000108b8 0000000000003636  sh       x31, 0x0(x14)
#622 0 0000000000000e1c 01d71123 m 00000000000108ba 0000000000007fff  sh       x29, 0x2(x14)
#623 0 0000000000000e20     86be r 000000000000000d 00000000000107e8  c.mv     x13, x15
#624 0 0000000000000e22     871e r 000000000000000e 00000000000108bc  c.mv     x14, x7
#625 0 0000000000000e24     8796 r 000000000000000f 00000000000107f8  c.mv     x15, x5
#626 0 0000000000000e26     050d r 000000000000000a 0000000000000017  c.addi   x10, 0x3
#627 0 0000000000000e28 eca81ae3 r 0000000000000000 0000000000000000  bne      x16, x10, . - 0x12c
#628 0 0000000000000cfc 01078293 r 0000000000000005 0000000000010808  addi     x5, x15, 0x10
#629 0 0000000000000d00 12c2f663 r 0000000000000000 0000000000000000  bgeu     x5, x12, . + 0x12c
#630 0 0000000000000d04 00470393 r 0000000000000007 00000000000108c0  addi     x7, x14, 0x4
#631 0 0000000000000d08 0313fe63 r 0000000000000000 0000000000000000  bgeu     x7, x17, . + 0x3c
#632 0 0000000000000d0c 03051313 r 0000000000000006 0017000000000000  slli     x6, x10, 0x30
#633 0 0000000000000d10 03035f93 r 000000000000001f 0000000000000017  srli     x31, x6, 0x30
#634 0 0000000000000d14 01efc333 r 0000000000000006 0000000000000017  xor      x6, x31, x30
#635 0 0000000000000d18 0033131b r 0000000000000006 00000000000000b8  slliw    x6, x6, 0x3
#636 0 0000000000000d1c 07837313 r 0000000000000006 0000000000000038  andi     x6, x6, 0x78
#637 0 0000000000000d20 007fff93 r 000000000000001f 0000000000000007  andi     x31, x31, 0x7
#638 0 0000000000000d24     e394 m 00000000000107f8 00000000000107e8  c.sd     x13, 0x0(x15)
#639 0 0000000000000d26 01f366b3 r 000000000000000d 000000000000003f  or       x13, x6, x31
#640 0 0000000000000d2a     e19c m 0000000000010668 00000000000107f8  c.sd     x15, 0x0(x11)
#641 0 0000000000000d2c 0086931b r 0000000000000006 0000000000003f00  slliw    x6, x13, 0x8
#642 0 0000000000000d30     e798 m 0000000000010800 00000000000108bc  c.sd     x14, 0x8(x15)
#643 0 0000000000000d32 0066efb3 r 000000000000001f 0000000000003f3f  or       x31, x13, x6
#644 0 0000000000000d36 01f71023 m 00000000000108bc 0000000000003f3f  sh       x31, 0x0(x14)
#645 0 0000000000000d3a 01d71123 m 00000000000108be 0000000000007fff  sh       x29, 0x2(x14)
#646 0 0000000000000d3e     86be r 000000000000000d 00000000000107f8  c.mv     x13, x15
#647 0 0000000000000d40     871e r 000000000000000e 00000000000108c0  c.mv     x14, x7
#648 0 0000000000000d42     8796 r 000000000000000f 0000000000010808  c.mv     x15, x5
#649 0 0000000000000d44 01078293 r 0000000000000005 0000000000010818  addi     x5, x15, 0x10
#650 0 0000000000000d48     0505 r 000000000000000a 0000000000000018  c.addi   x10, 0x1
#651 0 0000000000000d4a 0ec2f163 r 0000000000000000 0000000000000000  bgeu     x5, x12, . + 0xe2
#652 0 0000000000000d4e 00470393 r 0000000000000007 00000000000108c4  addi     x7, x14, 0x4
#653 0 0000000000000d52 0313fe63 r 0000000000000000 0000000000000000  bgeu     x7, x17, . + 0x3c
#654 0 0000000000000d56 03051313 r 0000000000000006 0018000000000000  slli     x6, x10, 0x30
#655 0 0000000000000d5a 03035f93 r 000000000000001f 0000000000000018  srli     x31, x6, 0x30
#656 0 0000000000000d5e 01efc333 r 0000000000000006 0000000000000018  xor      x6, x31, x30
#657 0 0000000000000d62 0033131b r 0000000000000006 00000000000000c0  slliw    x6, x6, 0x3
#658 0 0000000000000d66 07837313 r 0000000000000006 0000000000000040  andi     x6, x6, 0x78
#659 0 0000000000000d6a 007fff93 r 000000000000001f 0000000000000000  andi     x31, x31, 0x7
#660 0 0000000000000d6e     e394 m 0000000000010808 00000000000107f8  c.sd     x13, 0x0(x15)
#661 0 0000000000000d70 01f366b3 r 000000000000000d 0000000000000040  or       x13, x6, x31
#662 0 0000000000000d74     e19c m 0000000000010668 0000000000010808  c.sd     x15, 0x0(x11)
#663 0 0000000000000d76 0086931b r 0000000000000006 0000000000004000  slliw    x6, x13, 0x8
#664 0 0000000000000d7a     e798 m 0000000000010810 00000000000108c0  c.sd     x14, 0x8(x15)
#665 0 0000000000000d7c 0066efb3 r 000000000000001f 0000000000004040  or       x31, x13, x6
#666 0 0000000000000d80 01f71023 m 00000000000108c0 0000000000004040  sh       x31, 0x0(x14)
#667 0 0000000000000d84 01d71123 m 00000000000108c2 0000000000007fff  sh       x29, 0x2(x14)
#668 0 0000000000000d88     86be r 000000000000000d 0000000000010808  c.mv     x13, x15
#669 0 0000000000000d8a     871e r 000000000000000e 00000000000108c4  c.mv     x14, x7
#670 0 0000000000000d8c     8796 r 000000000000000f 0000000000010818  c.mv     x15, x5
#671 0 0000000000000d8e 01078293 r 0000000000000005 0000000000010828  addi     x5, x15, 0x10
#672 0 0000000000000d92 00150313 r 0000000000000006 0000000000000019  addi     x6, x10, 0x1
#673 0 0000000000000d96 08c2fb63 r 0000000000000000 0000000000000000  bgeu     x5, x12, . + 0x96
#674 0 0000000000000d9a 00470393 r 0000000000000007 00000000000108c8  addi     x7, x14, 0x4
#675 0 0000000000000d9e 0313fe63 r 0000000000000000 0000000000000000  bgeu     x7, x17, . + 0x3c
#676 0 0000000000000da2 03031f93 r 000000000000001f 0019000000000000  slli     x31, x6, 0x30
#677 0 0000000000000da6 030fdf93 r 000000000000001f 0000000000000019  srli     x31, x31, 0x30
#678 0 0000000000000daa 01efc333 r 0000000000000006 0000000000000019  xor      x6, x31, x30
#679 0 0000000000000dae 0033131b r 0000000000000006 00000000000000c8  slliw    x6, x6, 0x3
#680 0 0000000000000db2 07837313 r 0000000000000006 0000000000000048  andi     x6, x6, 0x78
#681 0 0000000000000db6 007fff93 r 000000000000001f 0000000000000001  andi     x31, x31, 0x7
#682 0 0000000000000dba     e394 m 0000000000010818 0000000000010808  c.sd     x13, 0x0(x15)
#683 0 0000000000000dbc 01f366b3 r 000000000000000d 0000000000000049  or       x13, x6, x31
#684 0 0000000000000dc0     e19c m 0000000000010668 0000000000010818  c.sd     x15, 0x0(x11)
#685 0 0000000000000dc2 0086931b r 0000000000000006 0000000000004900  slliw    x6, x13, 0x8
#686 0 0000000000000dc6     e798 m 0000000000010820 00000000000108c4  c.sd     x14, 0x8(x15)
#687 0 0000000000000dc8 0066efb3 r 000000000000001f 0000000000004949  or       x31, x13, x6
#688 0 0000000000000dcc 01f71023 m 00000000000108c4 0000000000004949  sh       x31, 0x0(x14)
#689 0 0000000000000dd0 01d71123 m 00000000000108c6 0000000000007fff  sh       x29, 0x2(x14)
#690 0 0000000000000dd4     86be r 000000000000000d 0000000000010818  c.mv     x13, x15
#691 0 0000000000000dd6     871e r 000000000000000e 00000000000108c8  c.mv     x14, x7
#692 0 0000000000000dd8     8796 r 000000000000000f 0000000000010828  c.mv     x15, x5
#693 0 0000000000000dda 01078293 r 0000000000000005 0000000000010838  addi     x5, x15, 0x10
#694 0 0000000000000dde 00250313 r 0000000000000006 000000000000001a  addi     x6, x10, 0x2
#695 0 0000000000000de2 04c2f563 r 0000000000000000 0000000000000000  bgeu     x5, x12, . + 0x4a
#696 0 0000000000000de6 00470393 r 0000000000000007 00000000000108cc  addi     x7, x14, 0x4
#697 0 0000000000000dea 0313fe63 r 0000000000000000 0000000000000000  bgeu     x7, x17, . + 0x3c
#698 0 0000000000000dee 03031f93 r 000000000000001f 001a000000000000  slli     x31, x6, 0x30
#699 0 0000000000000df2 030fdf93 r 000000000000001f 000000000000001a  srli     x31, x31, 0x30
#700 0 0000000000000df6 01efc333 r 0000000000000006 000000000000001a  xor      x6, x31, x30
#701 0 0000000000000dfa 0033131b r 0000000000000006 00000000000000d0  slliw    x6, x6, 0x3
#702 0 0000000000000dfe 07837313 r 0000000000000006 0000000000000050  andi     x6, x6, 0x78
#703 0 0000000000000e02 007fff93 r 000000000000001f 0000000000000002  andi     x31, x31, 0x7
#704 0 0000000000000e06     e394 m 0000000000010828 0000000000010818  c.sd     x13, 0x0(x15)
#705 0 0000000000000e08 01f366b3 r 000000000000000d 0000000000000052  or       x13, x6, x31
#706 0 0000000000000e0c     e19c m 0000000000010668 0000000000010828  c.sd     x15, 0x0(x11)
#707 0 0000000000000e0e 0086931b r 0000000000000006 0000000000005200  slliw    x6, x13, 0x8
#708 0 0000000000000e12     e798 m 0000000000010830 00000000000108c8  c.sd     x14, 0x8(x15)
#709 0 0000000000000e14 0066efb3 r 000000000000001f 0000000000005252  or       x31, x13, x6
#710 0 0000000000000e18 01f71023 m 00000000000108c8 0000000000005252  sh       x31, 0x0(x14)
#711 0 0000000000000e1c 01d71123 m 00000000000108ca 0000000000007fff  sh       x29, 0x2(x14)
#712 0 0000000000000e20     86be r 000000000000000d 0000000000010828  c.mv     x13, x15
#713 0 0000000000000e22     871e r 000000000000000e 00000000000108cc  c.mv     x14, x7
#714 0 0000000000000e24     8796 r 000000000000000f 0000000000010838  c.mv     x15, x5
#715 0 0000000000000e26     050d r 000000000000000a 000000000000001b  c.addi   x10, 0x3
#716 0 0000000000000e28 eca81ae3 r 0000000000000000 0000000000000000  bne      x16, x10, . - 0x12c
#717 0 0000000000000cfc 01078293 r 0000000000000005 0000000000010848  addi     x5, x15, 0x10
#718 0 0000000000000d00 12c2f663 r 0000000000000000 0000000000000000  bgeu     x5, x12, . + 0x12c
#719 0 0000000000000d04 00470393 r 0000000000000007 00000000000108d0  addi     x7, x14, 0x4
#720 0 0000000000000d08 0313fe63 r 0000000000000000 0000000000000000  bgeu     x7, x17, . + 0x3c
#721 0 0000000000000d0c 03051313 r 0000000000000006 001b000000000000  slli     x6, x10, 0x30
#722 0 0000000000000d10 03035f93 r 000000000000001f 000000000000001b  srli     x31, x6, 0x30
#723 0 0000000000000d14 01efc333 r 0000000000000006 000000000000001b  xor      x6, x31, x30
#724 0 0000000000000d18 0033131b r 0000000000000006 00000000000000d8  slliw    x6, x6, 0x3
#725 0 0000000000000d1c 07837313 r 0000000000000006 0000000000000058  andi     x6, x6, 0x78
#726 0 0000000000000d20 007fff93 r 000000000000001f 0000000000000003  andi     x31, x31, 0x7
#727 0 0000000000000d24     e394 m 0000000000010838 0000000000010828  c.sd     x13, 0x0(x15)
#728 0 0000000000000d26 01f366b3 r 000000000000000d 000000000000005b  or       x13, x6, x31
#729 0 0000000000000d2a     e19c m 0000000000010668 0000000000010838  c.sd     x15, 0x0(x11)
#730 0 0000000000000d2c 0086931b r 0000000000000006 0000000000005b00  slliw    x6, x13, 0x8
#731 0 0000000000000d30     e798 m 0000000000010840 00000000000108cc  c.sd     x14, 0x8(x15)
#732 0 0000000000000d32 0066efb3 r 000000000000001f 0000000000005b5b  or       x31, x13, x6
#733 0 0000000000000d36 01f71023 m 00000000000108cc 0000000000005b5b  sh       x31, 0x0(x14)
#734 0 0000000000000d3a 01d71123 m 00000000000108ce 0000000000007fff  sh       x29, 0x2(x14)
#735 0 0000000000000d3e     86be r 000000000000000d 0000000000010838  c.mv     x13, x15
#736 0 0000000000000d40     871e r 000000000000000e 00000000000108d0  c.mv     x14, x7
#737 0 0000000000000d42     8796 r 000000000000000f 0000000000010848  c.mv     x15, x5
#738 0 0000000000000d44 01078293 r 0000000000000005 0000000000010858  addi     x5, x15, 0x10
#739 0 0000000000000d48     0505 r 000000000000000a 000000000000001c  c.addi   x10, 0x1
#740 0 0000000000000d4a 0ec2f163 r 0000000000000000 0000000000000000  bgeu     x5, x12, . + 0xe2
#741 0 0000000000000e2c     6290 r 000000000000000c 0000000000010828  c.ld     x12, 0x0(x13)
#742 0 0000000000000e2e     ce39 r 0000000000000000 0000000000000000  c.beqz   x12, . + 0x5e
#743 0 0000000000000e30     4895 r 0000000000000011 0000000000000005  c.li     x17, 0x5
#744 0 0000000000000e32 03185f33 r 000000000000001e 0000000000000006  divu     x30, x16, x17
#745 0 0000000000000e36     6811 r 0000000000000010 0000000000004000  c.lui    x16, 0x4
#746 0 0000000000000e38 20000793 r 000000000000000f 0000000000000200  addi     x15, x0, 0x200
#747 0 0000000000000e3c     4705 r 000000000000000e 0000000000000001  c.li     x14, 0x1
#748 0 0000000000000e3e fff80e93 r 000000000000001d 0000000000003fff  addi     x29, x16, -0x1
#749 0 0000000000000e42     a831 r 0000000000000000 0000000000000000  c.j      . + 0x1c
#750 0 0000000000000e5e 0086b283 r 0000000000000005 00000000000108cc  ld       x5, 0x8(x13)
#751 0 0000000000000e62 ffe761e3 r 0000000000000000 0000000000000000  bltu     x14, x30, . - 0x1e
#752 0 0000000000000e44     6208 r 000000000000000a 0000000000010818  c.ld     x10, 0x0(x12)
#753 0 0000000000000e46 1007881b r 0000000000000010 0000000000000300  addiw    x16, x15, 0x100
#754 0 0000000000000e4a 00e29123 m 00000000000108ce 0000000000000001  sh       x14, 0x2(x5)
#755 0 0000000000000e4e 03081293 r 0000000000000005 0300000000000000  slli     x5, x16, 0x30
#756 0 0000000000000e52     0705 r 000000000000000e 0000000000000002  c.addi   x14, 0x1
#757 0 0000000000000e54 0302d793 r 000000000000000f 0000000000000300  srli     x15, x5, 0x30
#758 0 0000000000000e58     c915 r 0000000000000000 0000000000000000  c.beqz   x10, . + 0x34
#759 0 0000000000000e5a     86b2 r 000000000000000d 0000000000010828  c.mv     x13, x12
#760 0 0000000000000e5c     862a r 000000000000000c 0000000000010818  c.mv     x12, x10
#761 0 0000000000000e5e 0086b283 r 0000000000000005 00000000000108c8  ld       x5, 0x8(x13)
#762 0 0000000000000e62 ffe761e3 r 0000000000000000 0000000000000000  bltu     x14, x30, . - 0x1e
#763 0 0000000000000e44     6208 r 000000000000000a 0000000000010808  c.ld     x10, 0x0(x12)
#764 0 0000000000000e46 1007881b r 0000000000000010 0000000000000400  addiw    x16, x15, 0x100
#765 0 0000000000000e4a 00e29123 m 00000000000108ca 0000000000000002  sh       x14, 0x2(x5)
#766 0 0000000000000e4e 03081293 r 0000000000000005 0400000000000000  slli     x5, x16, 0x30
#767 0 0000000000000e52     0705 r 000000000000000e 0000000000000003  c.addi   x14, 0x1
#768 0 0000000000000e54 0302d793 r 000000000000000f 0000000000000400  srli     x15, x5, 0x30
#769 0 0000000000000e58     c915 r 0000000000000000 0000000000000000  c.beqz   x10, . + 0x34
#770 0 0000000000000e5a     86b2 r 000000000000000d 0000000000010818  c.mv     x13, x12
#771 0 0000000000000e5c     862a r 000000000000000c 0000000000010808  c.mv     x12, x10
#772 0 0000000000000e5e 0086b283 r 0000000000000005 00000000000108c4  ld       x5, 0x8(x13)
#773 0 0000000000000e62 ffe761e3 r 0000000000000000 0000000000000000  bltu     x14, x30, . - 0x1e
#774 0 0000000000000e44     6208 r 000000000000000a 00000000000107f8  c.ld     x10, 0x0(x12)
#775 0 0000000000000e46 1007881b r 0000000000000010 0000000000000500  addiw    x16, x15, 0x100
#776 0 0000000000000e4a 00e29123 m 00000000000108c6 0000000000000003  sh       x14, 0x2(x5)
#777 0 0000000000000e4e 03081293 r 0000000000000005 0500000000000000  slli     x5, x16, 0x30
#778 0 0000000000000e52     0705 r 000000000000000e 0000000000000004  c.addi   x14, 0x1
#779 0 0000000000000e54 0302d793 r 000000000000000f 0000000000000500  srli     x15, x5, 0x30
#780 0 0000000000000e58     c915 r 0000000000000000 0000000000000000  c.beqz   x10, . + 0x34
#781 0 0000000000000e5a     86b2 r 000000000000000d 0000000000010808  c.mv     x13, x12
#782 0 0000000000000e5c     862a r 000000000000000c 00000000000107f8  c.mv     x12, x10
#783 0 0000000000000e5e 0086b283 r 0000000000000005 00000000000108c0  ld       x5, 0x8(x13)
#784 0 0000000000000e62 ffe761e3 r 0000000000000000 0000000000000000  bltu     x14, x30, . - 0x1e
#785 0 0000000000000e44     6208 r 000000000000000a 00000000000107e8  c.ld     x10, 0x0(x12)
#786 0 0000000000000e46 1007881b r 0000000000000010 0000000000000600  addiw    x16, x15, 0x100
#787 0 0000000000000e4a 00e29123 m 00000000000108c2 0000000000000004  sh       x14, 0x2(x5)
#788 0 0000000000000e4e 03081293 r 0000000000000005 0600000000000000  slli     x5, x16, 0x30
#789 0 0000000000000e52     0705 r 000000000000000e 0000000000000005  c.addi   x14, 0x1
#790 0 0000000000000e54 0302d793 r 000000000000000f 0000000000000600  srli     x15, x5, 0x30
#791 0 0000000000000e58     c915 r 0000000000000000 0000000000000000  c.beqz   x10, . + 0x34
#792 0 0000000000000e5a     86b2 r 000000000000000d 00000000000107f8  c.mv     x13, x12
#793 0 0000000000000e5c     862a r 000000000000000c 00000000000107e8  c.mv     x12, x10
#794 0 0000000000000e5e 0086b283 r 0000000000000005 00000000000108bc  ld       x5, 0x8(x13)
#795 0 0000000000000e62 ffe761e3 r 0000000000000000 0000000000000000  bltu     x14, x30, . - 0x1e
#796 0 0000000000000e44     6208 r 000000000000000a 00000000000107d8  c.ld     x10, 0x0(x12)
#797 0 0000000000000e46 1007881b r 0000000000000010 0000000000000700  addiw    x16, x15, 0x100
#798 0 0000000000000e4a 00e29123 m 00000000000108be 0000000000000005  sh       x14, 0x2(x5)
#799 0 0000000000000e4e 03081293 r 0000000000000005 0700000000000000  slli     x5, x16, 0x30
#800 0 0000000000000e52     0705 r 000000000000000e 0000000000000006  c.addi   x14, 0x1
#801 0 0000000000000e54 0302d793 r 000000000000000f 0000000000000700  srli     x15, x5, 0x30
#802 0 0000000000000e58     c915 r 0000000000000000 0000000000000000  c.beqz   x10, . + 0x34
#803 0 0000000000000e5a     86b2 r 000000000000000d 00000000000107e8  c.mv     x13, x12
#804 0 0000000000000e5c     862a r 000000000000000c 00000000000107d8  c.mv     x12, x10
#805 0 0000000000000e5e 0086b283 r 0000000000000005 00000000000108b8  ld       x5, 0x8(x13)
#806 0 0000000000000e62 ffe761e3 r 0000000000000000 0000000000000000  bltu     x14, x30, . - 0x1e
#807 0 0000000000000e66 7007f393 r 0000000000000007 0000000000000700  andi     x7, x15, 0x700
#808 0 0000000000000e6a 01c74333 r 0000000000000006 0000000000000006  xor      x6, x14, x28
#809 0 0000000000000e6e     6208 r 000000000000000a 00000000000107c8  c.ld     x10, 0x0(x12)
#810 0 0000000000000e70 0063efb3 r 000000000000001f 0000000000000706  or       x31, x7, x6
#811 0 0000000000000e74 1007879b r 000000000000000f 0000000000000800  addiw    x15, x15, 0x100
#812 0 0000000000000e78 01dff6b3 r 000000000000000d 0000000000000706  and      x13, x31, x29
#813 0 0000000000000e7c 03079893 r 0000000000000011 0800000000000000  slli     x17, x15, 0x30
#814 0 0000000000000e80 00d29123 m 00000000000108ba 0000000000000706  sh       x13, 0x2(x5)
#815 0 0000000000000e84     0705 r 000000000000000e 0000000000000007  c.addi   x14, 0x1
#816 0 0000000000000e86 0308d793 r 000000000000000f 0000000000000800  srli     x15, x17, 0x30
#817 0 0000000000000e8a     f961 r 0000000000000000 0000000000000000  c.bnez   x10, . - 0x30
#818 0 0000000000000e5a     86b2 r 000000000000000d 00000000000107d8  c.mv     x13, x12
#819 0 0000000000000e5c     862a r 000000000000000c 00000000000107c8  c.mv     x12, x10
#820 0 0000000000000e5e 0086b283 r 0000000000000005 00000000000108b4  ld       x5, 0x8(x13)
#821 0 0000000000000e62 ffe761e3 r 0000000000000000 0000000000000000  bltu     x14, x30, . - 0x1e
#822 0 0000000000000e66 7007f393 r 0000000000000007 0000000000000000  andi     x7, x15, 0x700
#823 0 0000000000000e6a 01c74333 r 0000000000000006 0000000000000007  xor      x6, x14, x28
#824 0 0000000000000e6e     6208 r 000000000000000a 00000000000107b8  c.ld     x10, 0x0(x12)
#825 0 0000000000000e70 0063efb3 r 000000000000001f 0000000000000007  or       x31, x7, x6
#826 0 0000000000000e74 1007879b r 000000000000000f 0000000000000900  addiw    x15, x15, 0x100
#827 0 0000000000000e78 01dff6b3 r 000000000000000d 0000000000000007  and      x13, x31, x29
#828 0 0000000000000e7c 03079893 r 0000000000000011 0900000000000000  slli     x17, x15, 0x30
#829 0 0000000000000e80 00d29123 m 00000000000108b6 0000000000000007  sh       x13, 0x2(x5)
#830 0 0000000000000e84     0705 r 000000000000000e 0000000000000008  c.addi   x14, 0x1
#831 0 0000000000000e86 0308d793 r 000000000000000f 0000000000000900  srli     x15, x17, 0x30
#832 0 0000000000000e8a     f961 r 0000000000000000 0000000000000000  c.bnez   x10, . - 0x30
#833 0 0000000000000e5a     86b2 r 000000000000000d 00000000000107c8  c.mv     x13, x12
#834 0 0000000000000e5c     862a r 000000000000000c 00000000000107b8  c.mv     x12, x10
#835 0 0000000000000e5e 0086b283 r 0000000000000005 00000000000108b0  ld       x5, 0x8(x13)
#836 0 0000000000000e62 ffe761e3 r 0000000000000000 0000000000000000  bltu     x14, x30, . - 0x1e
#837 0 0000000000000e66 7007f393 r 0000000000000007 0000000000000100  andi     x7, x15, 0x700
#838 0 0000000000000e6a 01c74333 r 0000000000000006 0000000000000008  xor      x6, x14, x28
#839 0 0000000000000e6e     6208 r 000000000000000a 00000000000107a8  c.ld     x10, 0x0(x12)
#840 0 0000000000000e70 0063efb3 r 000000000000001f 0000000000000108  or       x31, x7, x6
#841 0 0000000000000e74 1007879b r 000000000000000f 0000000000000a00  addiw    x15, x15, 0x100
#842 0 0000000000000e78 01dff6b3 r 000000000000000d 0000000000000108  and      x13, x31, x29
#843 0 0000000000000e7c 03079893 r 0000000000000011 0a00000000000000  slli     x17, x15, 0x30
#844 0 0000000000000e80 00d29123 m 00000000000108b2 0000000000000108  sh       x13, 0x2(x5)
#845 0 0000000000000e84     0705 r 000000000000000e 0000000000000009  c.addi   x14, 0x1
#846 0 0000000000000e86 0308d793 r 000000000000000f 0000000000000a00  srli     x15, x17, 0x30
#847 0 0000000000000e8a     f961 r 0000000000000000 0000000000000000  c.bnez   x10, . - 0x30
#848 0 0000000000000e5a     86b2 r 000000000000000d 00000000000107b8  c.mv     x13, x12
#849 0 0000000000000e5c     862a r 000000000000000c 00000000000107a8  c.mv     x12, x10
#850 0 0000000000000e5e 0086b283 r 0000000000000005 00000000000108ac  ld       x5, 0x8(x13)
#851 0 0000000000000e62 ffe761e3 r 0000000000000000 0000000000000000  bltu     x14, x30, . - 0x1e
#852 0 0000000000000e66 7007f393 r 0000000000000007 0000000000000200  andi     x7, x15, 0x700
#853 0 0000000000000e6a 01c74333 r 0000000000000006 0000000000000009  xor      x6, x14, x28
#854 0 0000000000000e6e     6208 r 000000000000000a 0000000000010798  c.ld     x10, 0x0(x12)
#855 0 0000000000000e70 0063efb3 r 000000000000001f 0000000000000209  or       x31, x7, x6
#856 0 0000000000000e74 1007879b r 000000000000000f 0000000000000b00  addiw    x15, x15, 0x100
#857 0 0000000000000e78 01dff6b3 r 000000000000000d 0000000000000209  and      x13, x31, x29
#858 0 0000000000000e7c 03079893 r 0000000000000011 0b00000000000000  slli     x17, x15, 0x30
#859 0 0000000000000e80 00d29123 m 00000000000108ae 0000000000000209  sh       x13, 0x2(x5)
#860 0 0000000000000e84     0705 r 000000000000000e 000000000000000a  c.addi   x14, 0x1
#861 0 0000000000000e86 0308d793 r 000000000000000f 0000000000000b00  srli     x15, x17, 0x30
#862 0 0000000000000e8a     f961 r 0000000000000000 0000000000000000  c.bnez   x10, . - 0x30
#863 0 0000000000000e5a     86b2 r 000000000000000d 00000000000107a8  c.mv     x13, x12
#864 0 0000000000000e5c     862a r 000000000000000c 0000000000010798  c.mv     x12, x10
#865 0 0000000000000e5e 0086b283 r 0000000000000005 00000000000108a8  ld       x5, 0x8(x13)
#866 0 0000000000000e62 ffe761e3 r 0000000000000000 0000000000000000  bltu     x14, x30, . - 0x1e
#867 0 0000000000000e66 7007f393 r 0000000000000007 0000000000000300  andi     x7, x15, 0x700
#868 0 0000000000000e6a 01c74333 r 0000000000000006 000000000000000a  xor      x6, x14, x28
#869 0 0000000000000e6e     6208 r 000000000000000a 0000000000010788  c.ld     x10, 0x0(x12)
#870 0 0000000000000e70 0063efb3 r 000000000000001f 000000000000030a  or       x31, x7, x6
#871 0 0000000000000e74 1007879b r 000000000000000f 0000000000000c00  addiw    x15, x15, 0x100
#872 0 0000000000000e78 01dff6b3 r 000000000000000d 000000000000030a  and      x13, x31, x29
#873 0 0000000000000e7c 03079893 r 0000000000000011 0c00000000000000  slli     x17, x15, 0x30
#874 0 0000000000000e80 00d29123 m 00000000000108aa 000000000000030a  sh       x13, 0x2(x5)
#875 0 0000000000000e84     0705 r 000000000000000e 000000000000000b  c.addi   x14, 0x1
#876 0 0000000000000e86 0308d793 r 000000000000000f 0000000000000c00  srli     x15, x17, 0x30
#877 0 0000000000000e8a     f961 r 0000000000000000 0000000000000000  c.bnez   x10, . - 0x30
#878 0 0000000000000e5a     86b2 r 000000000000000d 0000000000010798  c.mv     x13, x12
#879 0 0000000000000e5c     862a r 000000000000000c 0000000000010788  c.mv     x12, x10
#880 0 0000000000000e5e 0086b283 r 0000000000000005 00000000000108a4  ld       x5, 0x8(x13)
#881 0 0000000000000e62 ffe761e3 r 0000000000000000 0000000000000000  bltu     x14, x30, . - 0x1e
#882 0 0000000000000e66 7007f393 r 0000000000000007 0000000000000400  andi     x7, x15, 0x700
#883 0 0000000000000e6a 01c74333 r 0000000000000006 000000000000000b  xor      x6, x14, x28
#884 0 0000000000000e6e     6208 r 000000000000000a 0000000000010778  c.ld     x10, 0x0(x12)
#885 0 0000000000000e70 0063efb3 r 000000000000001f 000000000000040b  or       x31, x7, x6
#886 0 0000000000000e74 1007879b r 000000000000000f 0000000000000d00  addiw    x15, x15, 0x100
#887 0 0000000000000e78 01dff6b3 r 000000000000000d 000000000000040b  and      x13, x31, x29
#888 0 0000000000000e7c 03079893 r 0000000000000011 0d00000000000000  slli     x17, x15, 0x30
#889 0 0000000000000e80 00d29123 m 00000000000108a6 000000000000040b  sh       x13, 0x2(x5)
#890 0 0000000000000e84     0705 r 000000000000000e 000000000000000c  c.addi   x14, 0x1
#891 0 0000000000000e86 0308d793 r 000000000000000f 0000000000000d00  srli     x15, x17, 0x30
#892 0 0000000000000e8a     f961 r 0000000000000000 0000000000000000  c.bnez   x10, . - 0x30
#893 0 0000000000000e5a     86b2 r 000000000000000d 0000000000010788  c.mv     x13, x12
#894 0 0000000000000e5c     862a r 000000000000000c 0000000000010778  c.mv     x12, x10
#895 0 0000000000000e5e 0086b283 r 0000000000000005 00000000000108a0  ld       x5, 0x8(x13)
#896 0 0000000000000e62 ffe761e3 r 0000000000000000 0000000000000000  bltu     x14, x30, . - 0x1e
#897 0 0000000000000e66 7007f393 r 0000000000000007 0000000000000500  andi     x7, x15, 0x700
#898 0 0000000000000e6a 01c74333 r 0000000000000006 000000000000000c  xor      x6, x14, x28
#899 0 0000000000000e6e     6208 r 000000000000000a 0000000000010768  c.ld     x10, 0x0(x12)
#900 0 0000000000000e70 0063efb3 r 000000000000001f 000000000000050c  or       x31, x7, x6
#901 0 0000000000000e74 1007879b r 000000000000000f 0000000000000e00  addiw    x15, x15, 0x100
#902 0 0000000000000e78 01dff6b3 r 000000000000000d 000000000000050c  and      x13, x31, x29
#903 0 0000000000000e7c 03079893 r 0000000000000011 0e00000000000000  slli     x17, x15, 0x30
#904 0 0000000000000e80 00d29123 m 00000000000108a2 000000000000050c  sh       x13, 0x2(x5)
#905 0 0000000000000e84     0705 r 000000000000000e 000000000000000d  c.addi   x14, 0x1
#906 0 0000000000000e86 0308d793 r 000000000000000f 0000000000000e00  srli     x15, x17, 0x30
#907 0 0000000000000e8a     f961 r 0000000000000000 0000000000000000  c.bnez   x10, . - 0x30
#908 0 0000000000000e5a     86b2 r 000000000000000d 0000000000010778  c.mv     x13, x12
#909 0 0000000000000e5c     862a r 000000000000000c 0000000000010768  c.mv     x12, x10
#910 0 0000000000000e5e 0086b283 r 0000000000000005 000000000001089c  ld       x5, 0x8(x13)
#911 0 0000000000000e62 ffe761e3 r 0000000000000000 0000000000000000  bltu     x14, x30, . - 0x1e
#912 0 0000000000000e66 7007f393 r 0000000000000007 0000000000000600  andi     x7, x15, 0x700
#913 0 0000000000000e6a 01c74333 r 0000000000000006 000000000000000d  xor      x6, x14, x28
#914 0 0000000000000e6e     6208 r 000000000000000a 0000000000010758  c.ld     x10, 0x0(x12)
#915 0 0000000000000e70 0063efb3 r 000000000000001f 000000000000060d  or       x31, x7, x6
#916 0 0000000000000e74 1007879b r 000000000000000f 0000000000000f00  addiw    x15, x15, 0x100
#917 0 0000000000000e78 01dff6b3 r 000000000000000d 000000000000060d  and      x13, x31, x29
#918 0 0000000000000e7c 03079893 r 0000000000000011 0f00000000000000  slli     x17, x15, 0x30
#919 0 0000000000000e80 00d29123 m 000000000001089e 000000000000060d  sh       x13, 0x2(x5)
#920 0 0000000000000e84     0705 r 000000000000000e 000000000000000e  c.addi   x14, 0x1
#921 0 0000000000000e86 0308d793 r 000000000000000f 0000000000000f00  srli     x15, x17, 0x30
#922 0 0000000000000e8a     f961 r 0000000000000000 0000000000000000  c.bnez   x10, . - 0x30
#923 0 0000000000000e5a     86b2 r 000000000000000d 0000000000010768  c.mv     x13, x12
#924 0 0000000000000e5c     862a r 000000000000000c 0000000000010758  c.mv     x12, x10
#925 0 0000000000000e5e 0086b283 r 0000000000000005 0000000000010898  ld       x5, 0x8(x13)
#926 0 0000000000000e62 ffe761e3 r 0000000000000000 0000000000000000  bltu     x14, x30, . - 0x1e
#927 0 0000000000000e66 7007f393 r 0000000000000007 0000000000000700  andi     x7, x15, 0x700
#928 0 0000000000000e6a 01c74333 r 0000000000000006 000000000000000e  xor      x6, x14, x28
#929 0 0000000000000e6e     6208 r 000000000000000a 0000000000010748  c.ld     x10, 0x0(x12)
#930 0 0000000000000e70 0063efb3 r 000000000000001f 000000000000070e  or       x31, x7, x6
#931 0 0000000000000e74 1007879b r 000000000000000f 0000000000001000  addiw    x15, x15, 0x100
#932 0 0000000000000e78 01dff6b3 r 000000000000000d 000000000000070e  and      x13, x31, x29
#933 0 0000000000000e7c 03079893 r 0000000000000011 1000000000000000  slli     x17, x15, 0x30
#934 0 0000000000000e80 00d29123 m 000000000001089a 000000000000070e  sh       x13, 0x2(x5)
#935 0 0000000000000e84     0705 r 000000000000000e 000000000000000f  c.addi   x14, 0x1
#936 0 0000000000000e86 0308d793 r 000000000000000f 0000000000001000  srli     x15, x17, 0x30
#937 0 0000000000000e8a     f961 r 0000000000000000 0000000000000000  c.bnez   x10, . - 0x30
#938 0 0000000000000e5a     86b2 r 000000000000000d 0000000000010758  c.mv     x13, x12
#939 0 0000000000000e5c     862a r 000000000000000c 0000000000010748  c.mv     x12, x10
#940 0 0000000000000e5e 0086b283 r 0000000000000005 0000000000010894  ld       x5, 0x8(x13)
#941 0 0000000000000e62 ffe761e3 r 0000000000000000 0000000000000000  bltu     x14, x30, . - 0x1e
#942 0 0000000000000e66 7007f393 r 0000000000000007 0000000000000000  andi     x7, x15, 0x700
#943 0 0000000000000e6a 01c74333 r 0000000000000006 000000000000000f  xor      x6, x14, x28
#944 0 0000000000000e6e     6208 r 000000000000000a 0000000000010738  c.ld     x10, 0x0(x12)
#945 0 0000000000000e70 0063efb3 r 000000000000001f 000000000000000f  or       x31, x7, x6
#946 0 0000000000000e74 1007879b r 000000000000000f 0000000000001100  addiw    x15, x15, 0x100
#947 0 0000000000000e78 01dff6b3 r 000000000000000d 000000000000000f  and      x13, x31, x29
#948 0 0000000000000e7c 03079893 r 0000000000000011 1100000000000000  slli     x17, x15, 0x30
#949 0 0000000000000e80 00d29123 m 0000000000010896 000000000000000f  sh       x13, 0x2(x5)
#950 0 0000000000000e84     0705 r 000000000000000e 0000000000000010  c.addi   x14, 0x1
#951 0 0000000000000e86 0308d793 r 000000000000000f 0000000000001100  srli     x15, x17, 0x30
#952 0 0000000000000e8a     f961 r 0000000000000000 0000000000000000  c.bnez   x10, . - 0x30
#953 0 0000000000000e5a     86b2 r 000000000000000d 0000000000010748  c.mv     x13, x12
#954 0 0000000000000e5c     862a r 000000000000000c 0000000000010738  c.mv     x12, x10
#955 0 0000000000000e5e 0086b283 r 0000000000000005 0000000000010890  ld       x5, 0x8(x13)
#956 0 0000000000000e62 ffe761e3 r 0000000000000000 0000000000000000  bltu     x14, x30, . - 0x1e
#957 0 0000000000000e66 7007f393 r 0000000000000007 0000000000000100  andi     x7, x15, 0x700
#958 0 0000000000000e6a 01c74333 r 0000000000000006 0000000000000010  xor      x6, x14, x28
#959 0 0000000000000e6e     6208 r 000000000000000a 0000000000010728  c.ld     x10, 0x0(x12)
#960 0 0000000000000e70 0063efb3 r 000000000000001f 0000000000000110  or       x31, x7, x6
#961 0 0000000000000e74 1007879b r 000000000000000f 0000000000001200  addiw    x15, x15, 0x100
#962 0 0000000000000e78 01dff6b3 r 000000000000000d 0000000000000110  and      x13, x31, x29
#963 0 0000000000000e7c 03079893 r 0000000000000011 1200000000000000  slli     x17, x15, 0x30
#964 0 0000000000000e80 00d29123 m 0000000000010892 0000000000000110  sh       x13, 0x2(x5)
#965 0 0000000000000e84     0705 r 000000000000000e 0000000000000011  c.addi   x14, 0x1
#966 0 0000000000000e86 0308d793 r 000000000000000f 0000000000001200  srli     x15, x17, 0x30
#967 0 0000000000000e8a     f961 r 0000000000000000 0000000000000000  c.bnez   x10, . - 0x30
#968 0 0000000000000e5a     86b2 r 000000000000000d 0000000000010738  c.mv     x13, x12
#969 0 0000000000000e5c     862a r 000000000000000c 0000000000010728  c.mv     x12, x10
#970 0 0000000000000e5e 0086b283 r 0000000000000005 000000000001088c  ld       x5, 0x8(x13)
#971 0 0000000000000e62 ffe761e3 r 0000000000000000 0000000000000000  bltu     x14, x30, . - 0x1e
#972 0 0000000000000e66 7007f393 r 0000000000000007 0000000000000200  andi     x7, x15, 0x700
#973 0 0000000000000e6a 01c74333 r 0000000000000006 0000000000000011  xor      x6, x14, x28
#974 0 0000000000000e6e     6208 r 000000000000000a 0000000000010718  c.ld     x10, 0x0(x12)
#975 0 0000000000000e70 0063efb3 r 000000000000001f 0000000000000211  or       x31, x7, x6
#976 0 0000000000000e74 1007879b r 000000000000000f 0000000000001300  addiw    x15, x15, 0x100
#977 0 0000000000000e78 01dff6b3 r 000000000000000d 0000000000000211  and      x13, x31, x29
#978 0 0000000000000e7c 03079893 r 0000000000000011 1300000000000000  slli     x17, x15, 0x30
#979 0 0000000000000e80 00d29123 m 000000000001088e 0000000000000211  sh       x13, 0x2(x5)
#980 0 0000000000000e84     0705 r 000000000000000e 0000000000000012  c.addi   x14, 0x1
#981 0 0000000000000e86 0308d793 r 000000000000000f 0000000000001300  srli     x15, x17, 0x30
#982 0 0000000000000e8a     f961 r 0000000000000000 0000000000000000  c.bnez   x10, . - 0x30
#983 0 0000000000000e5a     86b2 r 000000000000000d 0000000000010728  c.mv     x13, x12
#984 0 0000000000000e5c     862a r 000000000000000c 0000000000010718  c.mv     x12, x10
#985 0 0000000000000e5e 0086b283 r 0000000000000005 0000000000010888  ld       x5, 0x8(x13)
#986 0 0000000000000e62 ffe761e3 r 0000000000000000 0000000000000000  bltu     x14, x30, . - 0x1e
#987 0 0000000000000e66 7007f393 r 0000000000000007 0000000000000300  andi     x7, x15, 0x700
#988 0 0000000000000e6a 01c74333 r 0000000000000006 0000000000000012  xor      x6, x14, x28
#989 0 0000000000000e6e     6208 r 000000000000000a 0000000000010708  c.ld     x10, 0x0(x12)
#990 0 0000000000000e70 0063efb3 r 000000000000001f 0000000000000312  or       x31, x7, x6
#991 0 0000000000000e74 1007879b r 000000000000000f 0000000000001400  addiw    x15, x15, 0x100
#992 0 0000000000000e78 01dff6b3 r 000000000000000d 0000000000000312  and      x13, x31, x29
#993 0 0000000000000e7c 03079893 r 0000000000000011 1400000000000000  slli     x17, x15, 0x30
#994 0 0000000000000e80 00d29123 m 000000000001088a 0000000000000312  sh       x13, 0x2(x5)
#995 0 0000000000000e84     0705 r 000000000000000e 0000000000000013  c.addi   x14, 0x1
#996 0 0000000000000e86 0308d793 r 000000000000000f 0000000000001400  srli     x15, x17, 0x30
#997 0 0000000000000e8a     f961 r 0000000000000000 0000000000000000  c.bnez   x10, . - 0x30
#998 0 0000000000000e5a     86b2 r 000000000000000d 0000000000010718  c.mv     x13, x12
#999 0 0000000000000e5c     862a r 000000000000000c 0000000000010708  c.mv     x12, x10
#1000 0 0000000000000e5e 0086b283 r 0000000000000005 0000000000010884  ld       x5, 0x8(x13)
#1001 0 0000000000000e62 ffe761e3 r 0000000000000000 0000000000000000  bltu     x14, x30, . - 0x1e
#1002 0 0000000000000e66 7007f393 r 0000000000000007 0000000000000400  andi     x7, x15, 0x700
#1003 0 0000000000000e6a 01c74333 r 0000000000000006 0000000000000013  xor      x6, x14, x28
#1004 0 0000000000000e6e     6208 r 000000000000000a 00000000000106f8  c.ld     x10, 0x0(x12)
#1005 0 0000000000000e70 0063efb3 r 000000000000001f 0000000000000413  or       x31, x7, x6
#1006 0 0000000000000e74 1007879b r 000000000000000f 0000000000001500  addiw    x15, x15, 0x100
#1007 0 0000000000000e78 01dff6b3 r 000000000000000d 0000000000000413  and      x13, x31, x29
#1008 0 0000000000000e7c 03079893 r 0000000000000011 1500000000000000  slli     x17, x15, 0x30
#1009 0 0000000000000e80 00d29123 m 0000000000010886 0000000000000413  sh       x13, 0x2(x5)
#1010 0 0000000000000e84     0705 r 000000000000000e 0000000000000014  c.addi   x14, 0x1
#1011 0 0000000000000e86 0308d793 r 000000000000000f 0000000000001500  srli     x15, x17, 0x30
#1012 0 0000000000000e8a     f961 r 0000000000000000 0000000000000000  c.bnez   x10, . - 0x30
#1013 0 0000000000000e5a     86b2 r 000000000000000d 0000000000010708  c.mv     x13, x12
#1014 0 0000000000000e5c     862a r 000000000000000c 00000000000106f8  c.mv     x12, x10
#1015 0 0000000000000e5e 0086b283 r 0000000000000005 0000000000010880  ld       x5, 0x8(x13)
#1016 0 0000000000000e62 ffe761e3 r 0000000000000000 0000000000000000  bltu     x14, x30, . - 0x1e
#1017 0 0000000000000e66 7007f393 r 0000000000000007 0000000000000500  andi     x7, x15, 0x700
#1018 0 0000000000000e6a 01c74333 r 0000000000000006 0000000000000014  xor      x6, x14, x28
#1019 0 0000000000000e6e     6208 r 000000000000000a 00000000000106e8  c.ld     x10, 0x0(x12)
#1020 0 0000000000000e70 0063efb3 r 000000000000001f 0000000000000514  or       x31, x7, x6
#1021 0 0000000000000e74 1007879b r 000000000000000f 0000000000001600  addiw    x15, x15, 0x100
#1022 0 0000000000000e78 01dff6b3 r 000000000000000d 0000000000000514  and      x13, x31, x29
#1023 0 0000000000000e7c 03079893 r 0000000000000011 1600000000000000  slli     x17, x15, 0x30
#1024 0 0000000000000e80 00d29123 m 0000000000010882 0000000000000514  sh       x13, 0x2(x5)
#1025 0 0000000000000e84     0705 r 000000000000000e 0000000000000015  c.addi   x14, 0x1
#1026 0 0000000000000e86 0308d793 r 000000000000000f 0000000000001600  srli     x15, x17, 0x30
#1027 0 0000000000000e8a     f961 r 0000000000000000 0000000000000000  c.bnez   x10, . - 0x30
#1028 0 0000000000000e5a     86b2 r 000000000000000d 00000000000106f8  c.mv     x13, x12
#1029 0 0000000000000e5c     862a r 000000000000000c 00000000000106e8  c.mv     x12, x10
#1030 0 0000000000000e5e 0086b283 r 0000000000000005 000000000001087c  ld       x5, 0x8(x13)
#1031 0 0000000000000e62 ffe761e3 r 0000000000000000 0000000000000000  bltu     x14, x30, . - 0x1e
#1032 0 0000000000000e66 7007f393 r 0000000000000007 0000000000000600  andi     x7, x15, 0x700
#1033 0 0000000000000e6a 01c74333 r 0000000000000006 0000000000000015  xor      x6, x14, x28
#1034 0 0000000000000e6e     6208 r 000000000000000a 00000000000106d8  c.ld     x10, 0x0(x12)
#1035 0 0000000000000e70 0063efb3 r 000000000000001f 0000000000000615  or       x31, x7, x6
#1036 0 0000000000000e74 1007879b r 000000000000000f 0000000000001700  addiw    x15, x15, 0x100
#1037 0 0000000000000e78 01dff6b3 r 000000000000000d 0000000000000615  and      x13, x31, x29
#1038 0 0000000000000e7c 03079893 r 0000000000000011 1700000000000000  slli     x17, x15, 0x30
#1039 0 0000000000000e80 00d29123 m 000000000001087e 0000000000000615  sh       x13, 0x2(x5)
#1040 0 0000000000000e84     0705 r 000000000000000e 0000000000000016  c.addi   x14, 0x1
#1041 0 0000000000000e86 0308d793 r 000000000000000f 0000000000001700  srli     x15, x17, 0x30
#1042 0 0000000000000e8a     f961 r 0000000000000000 0000000000000000  c.bnez   x10, . - 0x30
#1043 0 0000000000000e5a     86b2 r 000000000000000d 00000000000106e8  c.mv     x13, x12
#1044 0 0000000000000e5c     862a r 000000000000000c 00000000000106d8  c.mv     x12, x10
#1045 0 0000000000000e5e 0086b283 r 0000000000000005 0000000000010878  ld       x5, 0x8(x13)
#1046 0 0000000000000e62 ffe761e3 r 0000000000000000 0000000000000000  bltu     x14, x30, . - 0x1e
#1047 0 0000000000000e66 7007f393 r 0000000000000007 0000000000000700  andi     x7, x15, 0x700
#1048 0 0000000000000e6a 01c74333 r 0000000000000006 0000000000000016  xor      x6, x14, x28
#1049 0 0000000000000e6e     6208 r 000000000000000a 00000000000106c8  c.ld     x10, 0x0(x12)
#1050 0 0000000000000e70 0063efb3 r 000000000000001f 0000000000000716  or       x31, x7, x6
#1051 0 0000000000000e74 1007879b r 000000000000000f 0000000000001800  addiw    x15, x15, 0x100
#1052 0 0000000000000e78 01dff6b3 r 000000000000000d 0000000000000716  and      x13, x31, x29
#1053 0 0000000000000e7c 03079893 r 0000000000000011 1800000000000000  slli     x17, x15, 0x30
#1054 0 0000000000000e80 00d29123 m 000000000001087a 0000000000000716  sh       x13, 0x2(x5)
#1055 0 0000000000000e84     0705 r 000000000000000e 0000000000000017  c.addi   x14, 0x1
#1056 0 0000000000000e86 0308d793 r 000000000000000f 0000000000001800  srli     x15, x17, 0x30
#1057 0 0000000000000e8a     f961 r 0000000000000000 0000000000000000  c.bnez   x10, . - 0x30
#1058 0 0000000000000e5a     86b2 r 000000000000000d 00000000000106d8  c.mv     x13, x12
#1059 0 0000000000000e5c     862a r 000000000000000c 00000000000106c8  c.mv     x12, x10
#1060 0 0000000000000e5e 0086b283 r 0000000000000005 0000000000010874  ld       x5, 0x8(x13)
#1061 0 0000000000000e62 ffe761e3 r 0000000000000000 0000000000000000  bltu     x14, x30, . - 0x1e
#1062 0 0000000000000e66 7007f393 r 0000000000000007 0000000000000000  andi     x7, x15, 0x700
#1063 0 0000000000000e6a 01c74333 r 0000000000000006 0000000000000017  xor      x6, x14, x28
#1064 0 0000000000000e6e     6208 r 000000000000000a 00000000000106b8  c.ld     x10, 0x0(x12)
#1065 0 0000000000000e70 0063efb3 r 000000000000001f 0000000000000017  or       x31, x7, x6
#1066 0 0000000000000e74 1007879b r 000000000000000f 0000000000001900  addiw    x15, x15, 0x100
#1067 0 0000000000000e78 01dff6b3 r 000000000000000d 0000000000000017  and      x13, x31, x29
#1068 0 0000000000000e7c 03079893 r 0000000000000011 1900000000000000  slli     x17, x15, 0x30
#1069 0 0000000000000e80 00d29123 m 0000000000010876 0000000000000017  sh       x13, 0x2(x5)
#1070 0 0000000000000e84     0705 r 000000000000000e 0000000000000018  c.addi   x14, 0x1
#1071 0 0000000000000e86 0308d793 r 000000000000000f 0000000000001900  srli     x15, x17, 0x30
#1072 0 0000000000000e8a     f961 r 0000000000000000 0000000000000000  c.bnez   x10, . - 0x30
#1073 0 0000000000000e5a     86b2 r 000000000000000d 00000000000106c8  c.mv     x13, x12
#1074 0 0000000000000e5c     862a r 000000000000000c 00000000000106b8  c.mv     x12, x10
#1075 0 0000000000000e5e 0086b283 r 0000000000000005 0000000000010870  ld       x5, 0x8(x13)
#1076 0 0000000000000e62 ffe761e3 r 0000000000000000 0000000000000000  bltu     x14, x30, . - 0x1e
#1077 0 0000000000000e66 7007f393 r 0000000000000007 0000000000000100  andi     x7, x15, 0x700
#1078 0 0000000000000e6a 01c74333 r 0000000000000006 0000000000000018  xor      x6, x14, x28
#1079 0 0000000000000e6e     6208 r 000000000000000a 00000000000106a8  c.ld     x10, 0x0(x12)
#1080 0 0000000000000e70 0063efb3 r 000000000000001f 0000000000000118  or       x31, x7, x6
#1081 0 0000000000000e74 1007879b r 000000000000000f 0000000000001a00  addiw    x15, x15, 0x100
#1082 0 0000000000000e78 01dff6b3 r 000000000000000d 0000000000000118  and      x13, x31, x29
#1083 0 0000000000000e7c 03079893 r 0000000000000011 1a00000000000000  slli     x17, x15, 0x30
#1084 0 0000000000000e80 00d29123 m 0000000000010872 0000000000000118  sh       x13, 0x2(x5)
#1085 0 0000000000000e84     0705 r 000000000000000e 0000000000000019  c.addi   x14, 0x1
#1086 0 0000000000000e86 0308d793 r 000000000000000f 0000000000001a00  srli     x15, x17, 0x30
#1087 0 0000000000000e8a     f961 r 0000000000000000 0000000000000000  c.bnez   x10, . - 0x30
#1088 0 0000000000000e5a     86b2 r 000000000000000d 00000000000106b8  c.mv     x13, x12
#1089 0 0000000000000e5c     862a r 000000000000000c 00000000000106a8  c.mv     x12, x10
#1090 0 0000000000000e5e 0086b283 r 0000000000000005 000000000001086c  ld       x5, 0x8(x13)
#1091 0 0000000000000e62 ffe761e3 r 0000000000000000 0000000000000000  bltu     x14, x30, . - 0x1e
#1092 0 0000000000000e66 7007f393 r 0000000000000007 0000000000000200  andi     x7, x15, 0x700
#1093 0 0000000000000e6a 01c74333 r 0000000000000006 0000000000000019  xor      x6, x14, x28
#1094 0 0000000000000e6e     6208 r 000000000000000a 0000000000010698  c.ld     x10, 0x0(x12)
#1095 0 0000000000000e70 0063efb3 r 000000000000001f 0000000000000219  or       x31, x7, x6
#1096 0 0000000000000e74 1007879b r 000000000000000f 0000000000001b00  addiw    x15, x15, 0x100
#1097 0 0000000000000e78 01dff6b3 r 000000000000000d 0000000000000219  and      x13, x31, x29
#1098 0 0000000000000e7c 03079893 r 0000000000000011 1b00000000000000  slli     x17, x15, 0x30
#1099 0 0000000000000e80 00d29123 m 000000000001086e 0000000000000219  sh       x13, 0x2(x5)
#1100 0 0000000000000e84     0705 r 000000000000000e 000000000000001a  c.addi   x14, 0x1
#1101 0 0000000000000e86 0308d793 r 000000000000000f 0000000000001b00  srli     x15, x17, 0x30
#1102 0 0000000000000e8a     f961 r 0000000000000000 0000000000000000  c.bnez   x10, . - 0x30
#1103 0 0000000000000e5a     86b2 r 000000000000000d 00000000000106a8  c.mv     x13, x12
#1104 0 0000000000000e5c     862a r 000000000000000c 0000000000010698  c.mv     x12, x10
#1105 0 0000000000000e5e 0086b283 r 0000000000000005 0000000000010868  ld       x5, 0x8(x13)
#1106 0 0000000000000e62 ffe761e3 r 0000000000000000 0000000000000000  bltu     x14, x30, . - 0x1e
#1107 0 0000000000000e66 7007f393 r 0000000000000007 0000000000000300  andi     x7, x15, 0x700
#1108 0 0000000000000e6a 01c74333 r 0000000000000006 000000000000001a  xor      x6, x14, x28
#1109 0 0000000000000e6e     6208 r 000000000000000a 0000000000010688  c.ld     x10, 0x0(x12)
#1110 0 0000000000000e70 0063efb3 r 000000000000001f 000000000000031a  or       x31, x7, x6
#1111 0 0000000000000e74 1007879b r 000000000000000f 0000000000001c00  addiw    x15, x15, 0x100
#1112 0 0000000000000e78 01dff6b3 r 000000000000000d 000000000000031a  and      x13, x31, x29
#1113 0 0000000000000e7c 03079893 r 0000000000000011 1c00000000000000  slli     x17, x15, 0x30
#1114 0 0000000000000e80 00d29123 m 000000000001086a 000000000000031a  sh       x13, 0x2(x5)
#1115 0 0000000000000e84     0705 r 000000000000000e 000000000000001b  c.addi   x14, 0x1
#1116 0 0000000000000e86 0308d793 r 000000000000000f 0000000000001c00  srli     x15, x17, 0x30
#1117 0 0000000000000e8a     f961 r 0000000000000000 0000000000000000  c.bnez   x10, . - 0x30
#1118 0 0000000000000e5a     86b2 r 000000000000000d 0000000000010698  c.mv     x13, x12
#1119 0 0000000000000e5c     862a r 000000000000000c 0000000000010688  c.mv     x12, x10
#1120 0 0000000000000e5e 0086b283 r 0000000000000005 0000000000010864  ld       x5, 0x8(x13)
#1121 0 0000000000000e62 ffe761e3 r 0000000000000000 0000000000000000  bltu     x14, x30, . - 0x1e
#1122 0 0000000000000e66 7007f393 r 0000000000000007 0000000000000400  andi     x7, x15, 0x700
#1123 0 0000000000000e6a 01c74333 r 0000000000000006 000000000000001b  xor      x6, x14, x28
#1124 0 0000000000000e6e     6208 r 000000000000000a 0000000000010678  c.ld     x10, 0x0(x12)
#1125 0 0000000000000e70 0063efb3 r 000000000000001f 000000000000041b  or       x31, x7, x6
#1126 0 0000000000000e74 1007879b r 000000000000000f 0000000000001d00  addiw    x15, x15, 0x100
#1127 0 0000000000000e78 01dff6b3 r 000000000000000d 000000000000041b  and      x13, x31, x29
#1128 0 0000000000000e7c 03079893 r 0000000000000011 1d00000000000000  slli     x17, x15, 0x30
#1129 0 0000000000000e80 00d29123 m 0000000000010866 000000000000041b  sh       x13, 0x2(x5)
#1130 0 0000000000000e84     0705 r 000000000000000e 000000000000001c  c.addi   x14, 0x1
#1131 0 0000000000000e86 0308d793 r 000000000000000f 0000000000001d00  srli     x15, x17, 0x30
#1132 0 0000000000000e8a     f961 r 0000000000000000 0000000000000000  c.bnez   x10, . - 0x30
#1133 0 0000000000000e5a     86b2 r 000000000000000d 0000000000010688  c.mv     x13, x12
#1134 0 0000000000000e5c     862a r 000000000000000c 0000000000010678  c.mv     x12, x10
#1135 0 0000000000000e5e 0086b283 r 0000000000000005 0000000000010860  ld       x5, 0x8(x13)
#1136 0 0000000000000e62 ffe761e3 r 0000000000000000 0000000000000000  bltu     x14, x30, . - 0x1e
#1137 0 0000000000000e66 7007f393 r 0000000000000007 0000000000000500  andi     x7, x15, 0x700
#1138 0 0000000000000e6a 01c74333 r 0000000000000006 000000000000001c  xor      x6, x14, x28
#1139 0 0000000000000e6e     6208 r 000000000000000a 0000000000000000  c.ld     x10, 0x0(x12)
#1140 0 0000000000000e70 0063efb3 r 000000000000001f 000000000000051c  or       x31, x7, x6
#1141 0 0000000000000e74 1007879b r 000000000000000f 0000000000001e00  addiw    x15, x15, 0x100
#1142 0 0000000000000e78 01dff6b3 r 000000000000000d 000000000000051c  and      x13, x31, x29
#1143 0 0000000000000e7c 03079893 r 0000000000000011 1e00000000000000  slli     x17, x15, 0x30
#1144 0 0000000000000e80 00d29123 m 0000000000010862 000000000000051c  sh       x13, 0x2(x5)
#1145 0 0000000000000e84     0705 r 000000000000000e 000000000000001d  c.addi   x14, 0x1
#1146 0 0000000000000e86 0308d793 r 000000000000000f 0000000000001e00  srli     x15, x17, 0x30
#1147 0 0000000000000e8a     f961 r 0000000000000000 0000000000000000  c.bnez   x10, . - 0x30
#1148 0 0000000000000e8c     4f85 r 000000000000001f 0000000000000001  c.li     x31, 0x1
#1149 0 0000000000000e8e     4801 r 0000000000000010 0000000000000000  c.li     x16, 0x0
#1150 0 0000000000000e90     4501 r 000000000000000a 0000000000000000  c.li     x10, 0x0
#1151 0 0000000000000e92     4281 r 0000000000000005 0000000000000000  c.li     x5, 0x0
#1152 0 0000000000000e94     4385 r 0000000000000007 0000000000000001  c.li     x7, 0x1
#1153 0 0000000000000e96 007ffe13 r 000000000000001c 0000000000000001  andi     x28, x31, 0x7
#1154 0 0000000000000e9a     2285 r 0000000000000005 0000000000000001  c.addiw  x5, 0x1
#1155 0 0000000000000e9c     87ae r 000000000000000f 0000000000010668  c.mv     x15, x11
#1156 0 0000000000000e9e     4601 r 000000000000000c 0000000000000000  c.li     x12, 0x0
#1157 0 0000000000000ea0 040e0b63 r 0000000000000000 0000000000000000  beq      x28, x0, . + 0x56
#1158 0 0000000000000ea4     4f05 r 000000000000001e 0000000000000001  c.li     x30, 0x1
#1159 0 0000000000000ea6 05ee0363 r 0000000000000000 0000000000000000  beq      x28, x30, . + 0x46
#1160 0 0000000000000eec     639c r 000000000000000f 0000000000010838  c.ld     x15, 0x0(x15)
#1161 0 0000000000000eee     2605 r 000000000000000c 0000000000000001  c.addiw  x12, 0x1
#1162 0 0000000000000ef0     cb89 r 0000000000000000 0000000000000000  c.beqz   x15, . + 0x12
#1163 0 0000000000000ef2 01f60863 r 0000000000000000 0000000000000000  beq      x12, x31, . + 0x10
#1164 0 0000000000000f02     86fe r 000000000000000d 0000000000000001  c.mv     x13, x31
#1165 0 0000000000000f04     c625 r 0000000000000000 0000000000000000  c.beqz   x12, . + 0x68
#1166 0 0000000000000f06     cead r 0000000000000000 0000000000000000  c.beqz   x13, . + 0x7a
#1167 0 0000000000000f08     cfa5 r 0000000000000000 0000000000000000  c.beqz   x15, . + 0x78
#1168 0 0000000000000f0a 0085be03 r 000000000000001c 0000000000010858  ld       x28, 0x8(x11)
#1169 0 0000000000000f0e 0087b303 r 0000000000000006 00000000000108cc  ld       x6, 0x8(x15)
#1170 0 0000000000000f12 000e1703 r 000000000000000e ffffffffffff8080  lh       x14, 0x0(x28)
#1171 0 0000000000000f16 00231f03 r 000000000000001e 0000000000000001  lh       x30, 0x2(x6)
#1172 0 0000000000000f1a 002e1883 r 0000000000000011 0000000000000000  lh       x17, 0x2(x28)
#1173 0 0000000000000f1e 01071e9b r 000000000000001d ffffffff80800000  slliw    x29, x14, 0x10
#1174 0 0000000000000f22 010ede9b r 000000000000001d 0000000000008080  srliw    x29, x29, 0x10
#1175 0 0000000000000f26 008ede9b r 000000000000001d 0000000000000080  srliw    x29, x29, 0x8
#1176 0 0000000000000f2a f0077713 r 000000000000000e ffffffffffff8000  andi     x14, x14, -0x100
#1177 0 0000000000000f2e 01d76733 r 000000000000000e ffffffffffff8080  or       x14, x14, x29
#1178 0 0000000000000f32 00ee1023 m 0000000000010858 0000000000008080  sh       x14, 0x0(x28)
#1179 0 0000000000000f36 00031e83 r 000000000000001d 0000000000005b5b  lh       x29, 0x0(x6)
#1180 0 0000000000000f3a 41e888bb r 0000000000000011 ffffffffffffffff  subw     x17, x17, x30
#1181 0 0000000000000f3e 010e9e1b r 000000000000001c 000000005b5b0000  slliw    x28, x29, 0x10
#1182 0 0000000000000f42 010e5f1b r 000000000000001e 0000000000005b5b  srliw    x30, x28, 0x10
#1183 0 0000000000000f46 f00ef713 r 000000000000000e 0000000000005b00  andi     x14, x29, -0x100
#1184 0 0000000000000f4a 008f5e9b r 000000000000001d 000000000000005b  srliw    x29, x30, 0x8
#1185 0 0000000000000f4e 01d76e33 r 000000000000001c 0000000000005b5b  or       x28, x14, x29
#1186 0 0000000000000f52 01c31023 m 00000000000108cc 0000000000005b5b  sh       x28, 0x0(x6)
#1187 0 0000000000000f56 03105563 r 0000000000000000 0000000000000000  bge      x0, x17, . + 0x2a
#1188 0 0000000000000f80     832e r 0000000000000006 0000000000010668  c.mv     x6, x11
#1189 0 0000000000000f82     367d r 000000000000000c 0000000000000000  c.addiw  x12, -0x1
#1190 0 0000000000000f84     618c r 000000000000000b 0000000000010838  c.ld     x11, 0x0(x11)
#1191 0 0000000000000f86     bfe9 r 0000000000000000 0000000000000000  c.j      . - 0x26
#1192 0 0000000000000f60 00080d63 r 0000000000000000 0000000000000000  beq      x16, x0, . + 0x1a
#1193 0 0000000000000f7a     851a r 000000000000000a 0000000000010668  c.mv     x10, x6
#1194 0 0000000000000f7c     881a r 0000000000000010 0000000000010668  c.mv     x16, x6
#1195 0 0000000000000f7e     b7f5 r 0000000000000000 0000000000000000  c.j      . - 0x14
#1196 0 0000000000000f6a     fe51 r 0000000000000000 0000000000000000  c.bnez   x12, . - 0x64
#1197 0 0000000000000f6c     ce91 r 0000000000000000 0000000000000000  c.beqz   x13, . + 0x1c
#1198 0 0000000000000f6e     c385 r 0000000000000000 0000000000000000  c.beqz   x15, . + 0x20
#1199 0 0000000000000f70     833e r 0000000000000006 0000000000010838  c.mv     x6, x15
#1200 0 0000000000000f72     36fd r 000000000000000d 0000000000000000  c.addiw  x13, -0x1
#1201 0 0000000000000f74     639c r 000000000000000f 0000000000010828  c.ld     x15, 0x0(x15)
#1202 0 0000000000000f76 fe0817e3 r 0000000000000000 0000000000000000  bne      x16, x0, . - 0x12
#1203 0 0000000000000f64 00683023 m 0000000000010668 0000000000010838  sd       x6, 0x0(x16)
#1204 0 0000000000000f68     881a r 0000000000000010 0000000000010838  c.mv     x16, x6
#1205 0 0000000000000f6a     fe51 r 0000000000000000 0000000000000000  c.bnez   x12, . - 0x64
#1206 0 0000000000000f6c     ce91 r 0000000000000000 0000000000000000  c.beqz   x13, . + 0x1c
#1207 0 0000000000000f88     c399 r 0000000000000000 0000000000000000  c.beqz   x15, . + 0x6
#1208 0 0000000000000f8a     85be r 000000000000000b 0000000000010828  c.mv     x11, x15
#1209 0 0000000000000f8c     b729 r 0000000000000000 0000000000000000  c.j      . - 0xf6
#1210 0 0000000000000e96 007ffe13 r 000000000000001c 0000000000000001  andi     x28, x31, 0x7
#1211 0 0000000000000e9a     2285 r 0000000000000005 0000000000000002  c.addiw  x5, 0x1
#1212 0 0000000000000e9c     87ae r 000000000000000f 0000000000010828  c.mv     x15, x11
#1213 0 0000000000000e9e     4601 r 000000000000000c 0000000000000000  c.li     x12, 0x0
#1214 0 0000000000000ea0 040e0b63 r 0000000000000000 0000000000000000  beq      x28, x0, . + 0x56
#1215 0 0000000000000ea4     4f05 r 000000000000001e 0000000000000001  c.li     x30, 0x1
#1216 0 0000000000000ea6 05ee0363 r 0000000000000000 0000000000000000  beq      x28, x30, . + 0x46
#1217 0 0000000000000eec     639c r 000000000000000f 0000000000010818  c.ld     x15, 0x0(x15)
#1218 0 0000000000000eee     2605 r 000000000000000c 0000000000000001  c.addiw  x12, 0x1
#1219 0 0000000000000ef0     cb89 r 0000000000000000 0000000000000000  c.beqz   x15, . + 0x12
#1220 0 0000000000000ef2 01f60863 r 0000000000000000 0000000000000000  beq      x12, x31, . + 0x10
#1221 0 0000000000000f02     86fe r 000000000000000d 0000000000000001  c.mv     x13, x31
#1222 0 0000000000000f04     c625 r 0000000000000000 0000000000000000  c.beqz   x12, . + 0x68
#1223 0 0000000000000f06     cead r 0000000000000000 0000000000000000  c.beqz   x13, . + 0x7a
#1224 0 0000000000000f08     cfa5 r 0000000000000000 0000000000000000  c.beqz   x15, . + 0x78
#1225 0 0000000000000f0a 0085be03 r 000000000000001c 00000000000108c8  ld       x28, 0x8(x11)
#1226 0 0000000000000f0e 0087b303 r 0000000000000006 00000000000108c4  ld       x6, 0x8(x15)
#1227 0 0000000000000f12 000e1703 r 000000000000000e 0000000000005252  lh       x14, 0x0(x28)
#1228 0 0000000000000f16 00231f03 r 000000000000001e 0000000000000003  lh       x30, 0x2(x6)
#1229 0 0000000000000f1a 002e1883 r 0000000000000011 0000000000000002  lh       x17, 0x2(x28)
#1230 0 0000000000000f1e 01071e9b r 000000000000001d 0000000052520000  slliw    x29, x14, 0x10
#1231 0 0000000000000f22 010ede9b r 000000000000001d 0000000000005252  srliw    x29, x29, 0x10
#1232 0 0000000000000f26 008ede9b r 000000000000001d 0000000000000052  srliw    x29, x29, 0x8
#1233 0 0000000000000f2a f0077713 r 000000000000000e 0000000000005200  andi     x14, x14, -0x100
#1234 0 0000000000000f2e 01d76733 r 000000000000000e 0000000000005252  or       x14, x14, x29
#1235 0 0000000000000f32 00ee1023 m 00000000000108c8 0000000000005252  sh       x14, 0x0(x28)
#1236 0 0000000000000f36 00031e83 r 000000000000001d 0000000000004949  lh       x29, 0x0(x6)
#1237 0 0000000000000f3a 41e888bb r 0000000000000011 ffffffffffffffff  subw     x17, x17, x30
#1238 0 0000000000000f3e 010e9e1b r 000000000000001c 0000000049490000  slliw    x28, x29, 0x10
#1239 0 0000000000000f42 010e5f1b r 000000000000001e 0000000000004949  srliw    x30, x28, 0x10
#1240 0 0000000000000f46 f00ef713 r 000000000000000e 0000000000004900  andi     x14, x29, -0x100
#1241 0 0000000000000f4a 008f5e9b r 000000000000001d 0000000000000049  srliw    x29, x30, 0x8
#1242 0 0000000000000f4e 01d76e33 r 000000000000001c 0000000000004949  or       x28, x14, x29
#1243 0 0000000000000f52 01c31023 m 00000000000108c4 0000000000004949  sh       x28, 0x0(x6)
#1244 0 0000000000000f56 03105563 r 0000000000000000 0000000000000000  bge      x0, x17, . + 0x2a
#1245 0 0000000000000f80     832e r 0000000000000006 0000000000010828  c.mv     x6, x11
#1246 0 0000000000000f82     367d r 000000000000000c 0000000000000000  c.addiw  x12, -0x1
#1247 0 0000000000000f84     618c r 000000000000000b 0000000000010818  c.ld     x11, 0x0(x11)
#1248 0 0000000000000f86     bfe9 r 0000000000000000 0000000000000000  c.j      . - 0x26
#1249 0 0000000000000f60 00080d63 r 0000000000000000 0000000000000000  beq      x16, x0, . + 0x1a
#1250 0 0000000000000f64 00683023 m 0000000000010838 0000000000010828  sd       x6, 0x0(x16)
#1251 0 0000000000000f68     881a r 0000000000000010 0000000000010828  c.mv     x16, x6
#1252 0 0000000000000f6a     fe51 r 0000000000000000 0000000000000000  c.bnez   x12, . - 0x64
#1253 0 0000000000000f6c     ce91 r 0000000000000000 0000000000000000  c.beqz   x13, . + 0x1c
#1254 0 0000000000000f6e     c385 r 0000000000000000 0000000000000000  c.beqz   x15, . + 0x20
#1255 0 0000000000000f70     833e r 0000000000000006 0000000000010818  c.mv     x6, x15
#1256 0 0000000000000f72     36fd r 000000000000000d 0000000000000000  c.addiw  x13, -0x1
#1257 0 0000000000000f74     639c r 000000000000000f 0000000000010808  c.ld     x15, 0x0(x15)
#1258 0 0000000000000f76 fe0817e3 r 0000000000000000 0000000000000000  bne      x16, x0, . - 0x12
#1259 0 0000000000000f64 00683023 m 0000000000010828 0000000000010818  sd       x6, 0x0(x16)
#1260 0 0000000000000f68     881a r 0000000000000010 0000000000010818  c.mv     x16, x6
#1261 0 0000000000000f6a     fe51 r 0000000000000000 0000000000000000  c.bnez   x12, . - 0x64
#1262 0 0000000000000f6c     ce91 r 0000000000000000 0000000000000000  c.beqz   x13, . + 0x1c
#1263 0 0000000000000f88     c399 r 0000000000000000 0000000000000000  c.beqz   x15, . + 0x6
#1264 0 0000000000000f8a     85be r 000000000000000b 0000000000010808  c.mv     x11, x15
#1265 0 0000000000000f8c     b729 r 0000000000000000 0000000000000000  c.j      . - 0xf6
#1266 0 0000000000000e96 007ffe13 r 000000000000001c 0000000000000001  andi     x28, x31, 0x7
#1267 0 0000000000000e9a     2285 r 0000000000000005 0000000000000003  c.addiw  x5, 0x1
#1268 0 0000000000000e9c     87ae r 000000000000000f 0000000000010808  c.mv     x15, x11
#1269 0 0000000000000e9e     4601 r 000000000000000c 0000000000000000  c.li     x12, 0x0
#1270 0 0000000000000ea0 040e0b63 r 0000000000000000 0000000000000000  beq      x28, x0, . + 0x56
#1271 0 0000000000000ea4     4f05 r 000000000000001e 0000000000000001  c.li     x30, 0x1
#1272 0 0000000000000ea6 05ee0363 r 0000000000000000 0000000000000000  beq      x28, x30, . + 0x46
#1273 0 0000000000000eec     639c r 000000000000000f 00000000000107f8  c.ld     x15, 0x0(x15)
#1274 0 0000000000000eee     2605 r 000000000000000c 0000000000000001  c.addiw  x12, 0x1
#1275 0 0000000000000ef0     cb89 r 0000000000000000 0000000000000000  c.beqz   x15, . + 0x12
#1276 0 0000000000000ef2 01f60863 r 0000000000000000 0000000000000000  beq      x12, x31, . + 0x10
#1277 0 0000000000000f02     86fe r 000000000000000d 0000000000000001  c.mv     x13, x31
#1278 0 0000000000000f04     c625 r 0000000000000000 0000000000000000  c.beqz   x12, . + 0x68
#1279 0 0000000000000f06     cead r 0000000000000000 0000000000000000  c.beqz   x13, . + 0x7a
#1280 0 0000000000000f08     cfa5 r 0000000000000000 0000000000000000  c.beqz   x15, . + 0x78
#1281 0 0000000000000f0a 0085be03 r 000000000000001c 00000000000108c0  ld       x28, 0x8(x11)
#1282 0 0000000000000f0e 0087b303 r 0000000000000006 00000000000108bc  ld       x6, 0x8(x15)
#1283 0 0000000000000f12 000e1703 r 000000000000000e 0000000000004040  lh       x14, 0x0(x28)
#1284 0 0000000000000f16 00231f03 r 000000000000001e 0000000000000005  lh       x30, 0x2(x6)
#1285 0 0000000000000f1a 002e1883 r 0000000000000011 0000000000000004  lh       x17, 0x2(x28)
#1286 0 0000000000000f1e 01071e9b r 000000000000001d 0000000040400000  slliw    x29, x14, 0x10
#1287 0 0000000000000f22 010ede9b r 000000000000001d 0000000000004040  srliw    x29, x29, 0x10
#1288 0 0000000000000f26 008ede9b r 000000000000001d 0000000000000040  srliw    x29, x29, 0x8
#1289 0 0000000000000f2a f0077713 r 000000000000000e 0000000000004000  andi     x14, x14, -0x100
#1290 0 0000000000000f2e 01d76733 r 000000000000000e 0000000000004040  or       x14, x14, x29
#1291 0 0000000000000f32 00ee1023 m 00000000000108c0 0000000000004040  sh       x14, 0x0(x28)
#1292 0 0000000000000f36 00031e83 r 000000000000001d 0000000000003f3f  lh       x29, 0x0(x6)
#1293 0 0000000000000f3a 41e888bb r 0000000000000011 ffffffffffffffff  subw     x17, x17, x30
#1294 0 0000000000000f3e 010e9e1b r 000000000000001c 000000003f3f0000  slliw    x28, x29, 0x10
#1295 0 0000000000000f42 010e5f1b r 000000000000001e 0000000000003f3f  srliw    x30, x28, 0x10
#1296 0 0000000000000f46 f00ef713 r 000000000000000e 0000000000003f00  andi     x14, x29, -0x100
#1297 0 0000000000000f4a 008f5e9b r 000000000000001d 000000000000003f  srliw    x29, x30, 0x8
#1298 0 0000000000000f4e 01d76e33 r 000000000000001c 0000000000003f3f  or       x28, x14, x29
#1299 0 0000000000000f52 01c31023 m 00000000000108bc 0000000000003f3f  sh       x28, 0x0(x6)
#1300 0 0000000000000f56 03105563 r 0000000000000000 0000000000000000  bge      x0, x17, . + 0x2a
#1301 0 0000000000000f80     832e r 0000000000000006 0000000000010808  c.mv     x6, x11
#1302 0 0000000000000f82     367d r 000000000000000c 0000000000000000  c.addiw  x12, -0x1
#1303 0 0000000000000f84     618c r 000000000000000b 00000000000107f8  c.ld     x11, 0x0(x11)
#1304 0 0000000000000f86     bfe9 r 0000000000000000 0000000000000000  c.j      . - 0x26
#1305 0 0000000000000f60 00080d63 r 0000000000000000 0000000000000000  beq      x16, x0, . + 0x1a
#1306 0 0000000000000f64 00683023 m 0000000000010818 0000000000010808  sd       x6, 0x0(x16)
#1307 0 0000000000000f68     881a r 0000000000000010 0000000000010808  c.mv     x16, x6
#1308 0 0000000000000f6a     fe51 r 0000000000000000 0000000000000000  c.bnez   x12, . - 0x64
#1309 0 0000000000000f6c     ce91 r 0000000000000000 0000000000000000  c.beqz   x13, . + 0x1c
#1310 0 0000000000000f6e     c385 r 0000000000000000 0000000000000000  c.beqz   x15, . + 0x20
#1311 0 0000000000000f70     833e r 0000000000000006 00000000000107f8  c.mv     x6, x15
#1312 0 0000000000000f72     36fd r 000000000000000d 0000000000000000  c.addiw  x13, -0x1
#1313 0 0000000000000f74     639c r 000000000000000f 00000000000107e8  c.ld     x15, 0x0(x15)
#1314 0 0000000000000f76 fe0817e3 r 0000000000000000 0000000000000000  bne      x16, x0, . - 0x12
#1315 0 0000000000000f64 00683023 m 0000000000010808 00000000000107f8  sd       x6, 0x0(x16)
#1316 0 0000000000000f68     881a r 0000000000000010 00000000000107f8  c.mv     x16, x6
#1317 0 0000000000000f6a     fe51 r 0000000000000000 0000000000000000  c.bnez   x12, . - 0x64
#1318 0 0000000000000f6c     ce91 r 0000000000000000 0000000000000000  c.beqz   x13, . + 0x1c
#1319 0 0000000000000f88     c399 r 0000000000000000 0000000000000000  c.beqz   x15, . + 0x6
#1320 0 0000000000000f8a     85be r 000000000000000b 00000000000107e8  c.mv     x11, x15
#1321 0 0000000000000f8c     b729 r 0000000000000000 0000000000000000  c.j      . - 0xf6
#1322 0 0000000000000e96 007ffe13 r 000000000000001c 0000000000000001  andi     x28, x31, 0x7
#1323 0 0000000000000e9a     2285 r 0000000000000005 0000000000000004  c.addiw  x5, 0x1
#1324 0 0000000000000e9c     87ae r 000000000000000f 00000000000107e8  c.mv     x15, x11
#1325 0 0000000000000e9e     4601 r 000000000000000c 0000000000000000  c.li     x12, 0x0
#1326 0 0000000000000ea0 040e0b63 r 0000000000000000 0000000000000000  beq      x28, x0, . + 0x56
#1327 0 0000000000000ea4     4f05 r 000000000000001e 0000000000000001  c.li     x30, 0x1
#1328 0 0000000000000ea6 05ee0363 r 0000000000000000 0000000000000000  beq      x28, x30, . + 0x46
#1329 0 0000000000000eec     639c r 000000000000000f 00000000000107d8  c.ld     x15, 0x0(x15)
#1330 0 0000000000000eee     2605 r 000000000000000c 0000000000000001  c.addiw  x12, 0x1
#1331 0 0000000000000ef0     cb89 r 0000000000000000 0000000000000000  c.beqz   x15, . + 0x12
#1332 0 0000000000000ef2 01f60863 r 0000000000000000 0000000000000000  beq      x12, x31, . + 0x10
#1333 0 0000000000000f02     86fe r 000000000000000d 0000000000000001  c.mv     x13, x31
#1334 0 0000000000000f04     c625 r 0000000000000000 0000000000000000  c.beqz   x12, . + 0x68
#1335 0 0000000000000f06     cead r 0000000000000000 0000000000000000  c.beqz   x13, . + 0x7a
#1336 0 0000000000000f08     cfa5 r 0000000000000000 0000000000000000  c.beqz   x15, . + 0x78
#1337 0 0000000000000f0a 0085be03 r 000000000000001c 00000000000108b8  ld       x28, 0x8(x11)
#1338 0 0000000000000f0e 0087b303 r 0000000000000006 00000000000108b4  ld       x6, 0x8(x15)
#1339 0 0000000000000f12 000e1703 r 000000000000000e 0000000000003636  lh       x14, 0x0(x28)
#1340 0 0000000000000f16 00231f03 r 000000000000001e 0000000000000007  lh       x30, 0x2(x6)
#1341 0 0000000000000f1a 002e1883 r 0000000000000011 0000000000000706  lh       x17, 0x2(x28)
#1342 0 0000000000000f1e 01071e9b r 000000000000001d 0000000036360000  slliw    x29, x14, 0x10
#1343 0 0000000000000f22 010ede9b r 000000000000001d 0000000000003636  srliw    x29, x29, 0x10
#1344 0 0000000000000f26 008ede9b r 000000000000001d 0000000000000036  srliw    x29, x29, 0x8
#1345 0 0000000000000f2a f0077713 r 000000000000000e 0000000000003600  andi     x14, x14, -0x100
#1346 0 0000000000000f2e 01d76733 r 000000000000000e 0000000000003636  or       x14, x14, x29
#1347 0 0000000000000f32 00ee1023 m 00000000000108b8 0000000000003636  sh       x14, 0x0(x28)
#1348 0 0000000000000f36 00031e83 r 000000000000001d 0000000000002d2d  lh       x29, 0x0(x6)
#1349 0 0000000000000f3a 41e888bb r 0000000000000011 00000000000006ff  subw     x17, x17, x30
#1350 0 0000000000000f3e 010e9e1b r 000000000000001c 000000002d2d0000  slliw    x28, x29, 0x10
#1351 0 0000000000000f42 010e5f1b r 000000000000001e 0000000000002d2d  srliw    x30, x28, 0x10
#1352 0 0000000000000f46 f00ef713 r 000000000000000e 0000000000002d00  andi     x14, x29, -0x100
#1353 0 0000000000000f4a 008f5e9b r 000000000000001d 000000000000002d  srliw    x29, x30, 0x8
#1354 0 0000000000000f4e 01d76e33 r 000000000000001c 0000000000002d2d  or       x28, x14, x29
#1355 0 0000000000000f52 01c31023 m 00000000000108b4 0000000000002d2d  sh       x28, 0x0(x6)
#1356 0 0000000000000f56 03105563 r 0000000000000000 0000000000000000  bge      x0, x17, . + 0x2a
#1357 0 0000000000000f5a     833e r 0000000000000006 00000000000107d8  c.mv     x6, x15
#1358 0 0000000000000f5c     639c r 000000000000000f 00000000000107c8  c.ld     x15, 0x0(x15)
#1359 0 0000000000000f5e     36fd r 000000000000000d 0000000000000000  c.addiw  x13, -0x1
#1360 0 0000000000000f60 00080d63 r 0000000000000000 0000000000000000  beq      x16, x0, . + 0x1a
#1361 0 0000000000000f64 00683023 m 00000000000107f8 00000000000107d8  sd       x6, 0x0(x16)
#1362 0 0000000000000f68     881a r 0000000000000010 00000000000107d8  c.mv     x16, x6
#1363 0 0000000000000f6a     fe51 r 0000000000000000 0000000000000000  c.bnez   x12, . - 0x64
#1364 0 0000000000000f06     cead r 0000000000000000 0000000000000000  c.beqz   x13, . + 0x7a
#1365 0 0000000000000f80     832e r 0000000000000006 00000000000107e8  c.mv     x6, x11
#1366 0 0000000000000f82     367d r 000000000000000c 0000000000000000  c.addiw  x12, -0x1
#1367 0 0000000000000f84     618c r 000000000000000b 00000000000107d8  c.ld     x11, 0x0(x11)
#1368 0 0000000000000f86     bfe9 r 0000000000000000 0000000000000000  c.j      . - 0x26
#1369 0 0000000000000f60 00080d63 r 0000000000000000 0000000000000000  beq      x16, x0, . + 0x1a
#1370 0 0000000000000f64 00683023 m 00000000000107d8 00000000000107e8  sd       x6, 0x0(x16)
#1371 0 0000000000000f68     881a r 0000000000000010 00000000000107e8  c.mv     x16, x6
#1372 0 0000000000000f6a     fe51 r 0000000000000000 0000000000000000  c.bnez   x12, . - 0x64
#1373 0 0000000000000f6c     ce91 r 0000000000000000 0000000000000000  c.beqz   x13, . + 0x1c
#1374 0 0000000000000f88     c399 r 0000000000000000 0000000000000000  c.beqz   x15, . + 0x6
#1375 0 0000000000000f8a     85be r 000000000000000b 00000000000107c8  c.mv     x11, x15
#1376 0 0000000000000f8c     b729 r 0000000000000000 0000000000000000  c.j      . - 0xf6
#1377 0 0000000000000e96 007ffe13 r 000000000000001c 0000000000000001  andi     x28, x31, 0x7
#1378 0 0000000000000e9a     2285 r 0000000000000005 0000000000000005  c.addiw  x5, 0x1
#1379 0 0000000000000e9c     87ae r 000000000000000f 00000000000107c8  c.mv     x15, x11
#1380 0 0000000000000e9e     4601 r 000000000000000c 0000000000000000  c.li     x12, 0x0
#1381 0 0000000000000ea0 040e0b63 r 0000000000000000 0000000000000000  beq      x28, x0, . + 0x56
#1382 0 0000000000000ea4     4f05 r 000000000000001e 0000000000000001  c.li     x30, 0x1
#1383 0 0000000000000ea6 05ee0363 r 0000000000000000 0000000000000000  beq      x28, x30, . + 0x46
#1384 0 0000000000000eec     639c r 000000000000000f 00000000000107b8  c.ld     x15, 0x0(x15)
#1385 0 0000000000000eee     2605 r 000000000000000c 0000000000000001  c.addiw  x12, 0x1
#1386 0 0000000000000ef0     cb89 r 0000000000000000 0000000000000000  c.beqz   x15, . + 0x12
#1387 0 0000000000000ef2 01f60863 r 0000000000000000 0000000000000000  beq      x12, x31, . + 0x10
#1388 0 0000000000000f02     86fe r 000000000000000d 0000000000000001  c.mv     x13, x31
#1389 0 0000000000000f04     c625 r 0000000000000000 0000000000000000  c.beqz   x12, . + 0x68
#1390 0 0000000000000f06     cead r 0000000000000000 0000000000000000  c.beqz   x13, . + 0x7a
#1391 0 0000000000000f08     cfa5 r 0000000000000000 0000000000000000  c.beqz   x15, . + 0x78
#1392 0 0000000000000f0a 0085be03 r 000000000000001c 00000000000108b0  ld       x28, 0x8(x11)
#1393 0 0000000000000f0e 0087b303 r 0000000000000006 00000000000108ac  ld       x6, 0x8(x15)
#1394 0 0000000000000f12 000e1703 r 000000000000000e 0000000000002424  lh       x14, 0x0(x28)
#1395 0 0000000000000f16 00231f03 r 000000000000001e 0000000000000209  lh       x30, 0x2(x6)
#1396 0 0000000000000f1a 002e1883 r 0000000000000011 0000000000000108  lh       x17, 0x2(x28)
#1397 0 0000000000000f1e 01071e9b r 000000000000001d 0000000024240000  slliw    x29, x14, 0x10
#1398 0 0000000000000f22 010ede9b r 000000000000001d 0000000000002424  srliw    x29, x29, 0x10
#1399 0 0000000000000f26 008ede9b r 000000000000001d 0000000000000024  srliw    x29, x29, 0x8
#1400 0 0000000000000f2a f0077713 r 000000000000000e 0000000000002400  andi     x14, x14, -0x100
#1401 0 0000000000000f2e 01d76733 r 000000000000000e 0000000000002424  or       x14, x14, x29
#1402 0 0000000000000f32 00ee1023 m 00000000000108b0 0000000000002424  sh       x14, 0x0(x28)
#1403 0 0000000000000f36 00031e83 r 000000000000001d 0000000000001b1b  lh       x29, 0x0(x6)
#1404 0 0000000000000f3a 41e888bb r 0000000000000011 fffffffffffffeff  subw     x17, x17, x30
#1405 0 0000000000000f3e 010e9e1b r 000000000000001c 000000001b1b0000  slliw    x28, x29, 0x10
#1406 0 0000000000000f42 010e5f1b r 000000000000001e 0000000000001b1b  srliw    x30, x28, 0x10
#1407 0 0000000000000f46 f00ef713 r 000000000000000e 0000000000001b00  andi     x14, x29, -0x100
#1408 0 0000000000000f4a 008f5e9b r 000000000000001d 000000000000001b  srliw    x29, x30, 0x8
#1409 0 0000000000000f4e 01d76e33 r 000000000000001c 0000000000001b1b  or       x28, x14, x29
#1410 0 0000000000000f52 01c31023 m 00000000000108ac 0000000000001b1b  sh       x28, 0x0(x6)
#1411 0 0000000000000f56 03105563 r 0000000000000000 0000000000000000  bge      x0, x17, . + 0x2a
#1412 0 0000000000000f80     832e r 0000000000000006 00000000000107c8  c.mv     x6, x11
#1413 0 0000000000000f82     367d r 000000000000000c 0000000000000000  c.addiw  x12, -0x1
#1414 0 0000000000000f84     618c r 000000000000000b 00000000000107b8  c.ld     x11, 0x0(x11)
#1415 0 0000000000000f86     bfe9 r 0000000000000000 0000000000000000  c.j      . - 0x26
#1416 0 0000000000000f60 00080d63 r 0000000000000000 0000000000000000  beq      x16, x0, . + 0x1a
#1417 0 0000000000000f64 00683023 m 00000000000107e8 00000000000107c8  sd       x6, 0x0(x16)
#1418 0 0000000000000f68     881a r 0000000000000010 00000000000107c8  c.mv     x16, x6
#1419 0 0000000000000f6a     fe51 r 0000000000000000 0000000000000000  c.bnez   x12, . - 0x64
#1420 0 0000000000000f6c     ce91 r 0000000000000000 0000000000000000  c.beqz   x13, . + 0x1c
#1421 0 0000000000000f6e     c385 r 0000000000000000 0000000000000000  c.beqz   x15, . + 0x20
#1422 0 0000000000000f70     833e r 0000000000000006 00000000000107b8  c.mv     x6, x15
#1423 0 0000000000000f72     36fd r 000000000000000d 0000000000000000  c.addiw  x13, -0x1
#1424 0 0000000000000f74     639c r 000000000000000f 00000000000107a8  c.ld     x15, 0x0(x15)
#1425 0 0000000000000f76 fe0817e3 r 0000000000000000 0000000000000000  bne      x16, x0, . - 0x12
#1426 0 0000000000000f64 00683023 m 00000000000107c8 00000000000107b8  sd       x6, 0x0(x16)
#1427 0 0000000000000f68     881a r 0000000000000010 00000000000107b8  c.mv     x16, x6
#1428 0 0000000000000f6a     fe51 r 0000000000000000 0000000000000000  c.bnez   x12, . - 0x64
#1429 0 0000000000000f6c     ce91 r 0000000000000000 0000000000000000  c.beqz   x13, . + 0x1c
#1430 0 0000000000000f88     c399 r 0000000000000000 0000000000000000  c.beqz   x15, . + 0x6
#1431 0 0000000000000f8a     85be r 000000000000000b 00000000000107a8  c.mv     x11, x15
#1432 0 0000000000000f8c     b729 r 0000000000000000 0000000000000000  c.j      . - 0xf6
#1433 0 0000000000000e96 007ffe13 r 000000000000001c 0000000000000001  andi     x28, x31, 0x7
#1434 0 0000000000000e9a     2285 r 0000000000000005 0000000000000006  c.addiw  x5, 0x1
#1435 0 0000000000000e9c     87ae r 000000000000000f 00000000000107a8  c.mv     x15, x11
#1436 0 0000000000000e9e     4601 r 000000000000000c 0000000000000000  c.li     x12, 0x0
#1437 0 0000000000000ea0 040e0b63 r 0000000000000000 0000000000000000  beq      x28, x0, . + 0x56
#1438 0 0000000000000ea4     4f05 r 000000000000001e 0000000000000001  c.li     x30, 0x1
#1439 0 0000000000000ea6 05ee0363 r 0000000000000000 0000000000000000  beq      x28, x30, . + 0x46
#1440 0 0000000000000eec     639c r 000000000000000f 0000000000010798  c.ld     x15, 0x0(x15)
#1441 0 0000000000000eee     2605 r 000000000000000c 0000000000000001  c.addiw  x12, 0x1
#1442 0 0000000000000ef0     cb89 r 0000000000000000 0000000000000000  c.beqz   x15, . + 0x12
#1443 0 0000000000000ef2 01f60863 r 0000000000000000 0000000000000000  beq      x12, x31, . + 0x10
#1444 0 0000000000000f02     86fe r 000000000000000d 0000000000000001  c.mv     x13, x31
#1445 0 0000000000000f04     c625 r 0000000000000000 0000000000000000  c.beqz   x12, . + 0x68
#1446 0 0000000000000f06     cead r 0000000000000000 0000000000000000  c.beqz   x13, . + 0x7a
#1447 0 0000000000000f08     cfa5 r 0000000000000000 0000000000000000  c.beqz   x15, . + 0x78
#1448 0 0000000000000f0a 0085be03 r 000000000000001c 00000000000108a8  ld       x28, 0x8(x11)
#1449 0 0000000000000f0e 0087b303 r 0000000000000006 00000000000108a4  ld       x6, 0x8(x15)
#1450 0 0000000000000f12 000e1703 r 000000000000000e 0000000000001212  lh       x14, 0x0(x28)
#1451 0 0000000000000f16 00231f03 r 000000000000001e 000000000000040b  lh       x30, 0x2(x6)
#1452 0 0000000000000f1a 002e1883 r 0000000000000011 000000000000030a  lh       x17, 0x2(x28)
#1453 0 0000000000000f1e 01071e9b r 000000000000001d 0000000012120000  slliw    x29, x14, 0x10
#1454 0 0000000000000f22 010ede9b r 000000000000001d 0000000000001212  srliw    x29, x29, 0x10
#1455 0 0000000000000f26 008ede9b r 000000000000001d 0000000000000012  srliw    x29, x29, 0x8
#1456 0 0000000000000f2a f0077713 r 000000000000000e 0000000000001200  andi     x14, x14, -0x100
#1457 0 0000000000000f2e 01d76733 r 000000000000000e 0000000000001212  or       x14, x14, x29
#1458 0 0000000000000f32 00ee1023 m 00000000000108a8 0000000000001212  sh       x14, 0x0(x28)
#1459 0 0000000000000f36 00031e83 r 000000000000001d 0000000000000909  lh       x29, 0x0(x6)
#1460 0 0000000000000f3a 41e888bb r 0000000000000011 fffffffffffffeff  subw     x17, x17, x30
#1461 0 0000000000000f3e 010e9e1b r 000000000000001c 0000000009090000  slliw    x28, x29, 0x10
#1462 0 0000000000000f42 010e5f1b r 000000000000001e 0000000000000909  srliw    x30, x28, 0x10
#1463 0 0000000000000f46 f00ef713 r 000000000000000e 0000000000000900  andi     x14, x29, -0x100
#1464 0 0000000000000f4a 008f5e9b r 000000000000001d 0000000000000009  srliw    x29, x30, 0x8
#1465 0 0000000000000f4e 01d76e33 r 000000000000001c 0000000000000909  or       x28, x14, x29
#1466 0 0000000000000f52 01c31023 m 00000000000108a4 0000000000000909  sh       x28, 0x0(x6)
#1467 0 0000000000000f56 03105563 r 0000000000000000 0000000000000000  bge      x0, x17, . + 0x2a
#1468 0 0000000000000f80     832e r 0000000000000006 00000000000107a8  c.mv     x6, x11
#1469 0 0000000000000f82     367d r 000000000000000c 0000000000000000  c.addiw  x12, -0x1
#1470 0 0000000000000f84     618c r 000000000000000b 0000000000010798  c.ld     x11, 0x0(x11)
#1471 0 0000000000000f86     bfe9 r 0000000000000000 0000000000000000  c.j      . - 0x26
#1472 0 0000000000000f60 00080d63 r 0000000000000000 0000000000000000  beq      x16, x0, . + 0x1a
#1473 0 0000000000000f64 00683023 m 00000000000107b8 00000000000107a8  sd       x6, 0x0(x16)
#1474 0 0000000000000f68     881a r 0000000000000010 00000000000107a8  c.mv     x16, x6
#1475 0 0000000000000f6a     fe51 r 0000000000000000 0000000000000000  c.bnez   x12, . - 0x64
#1476 0 0000000000000f6c     ce91 r 0000000000000000 0000000000000000  c.beqz   x13, . + 0x1c
#1477 0 0000000000000f6e     c385 r 0000000000000000 0000000000000000  c.beqz   x15, . + 0x20
#1478 0 0000000000000f70     833e r 0000000000000006 0000000000010798  c.mv     x6, x15
#1479 0 0000000000000f72     36fd r 000000000000000d 0000000000000000  c.addiw  x13, -0x1
#1480 0 0000000000000f74     639c r 000000000000000f 0000000000010788  c.ld     x15, 0x0(x15)
#1481 0 0000000000000f76 fe0817e3 r 0000000000000000 0000000000000000  bne      x16, x0, . - 0x12
#1482 0 0000000000000f64 00683023 m 00000000000107a8 0000000000010798  sd       x6, 0x0(x16)
#1483 0 0000000000000f68     881a r 0000000000000010 0000000000010798  c.mv     x16, x6
#1484 0 0000000000000f6a     fe51 r 0000000000000000 0000000000000000  c.bnez   x12, . - 0x64
#1485 0 0000000000000f6c     ce91 r 0000000000000000 0000000000000000  c.beqz   x13, . + 0x1c
#1486 0 0000000000000f88     c399 r 0000000000000000 0000000000000000  c.beqz   x15, . + 0x6
#1487 0 0000000000000f8a     85be r 000000000000000b 0000000000010788  c.mv     x11, x15
#1488 0 0000000000000f8c     b729 r 0000000000000000 0000000000000000  c.j      . - 0xf6
#1489 0 0000000000000e96 007ffe13 r 000000000000001c 0000000000000001  andi     x28, x31, 0x7
#1490 0 0000000000000e9a     2285 r 0000000000000005 0000000000000007  c.addiw  x5, 0x1
#1491 0 0000000000000e9c     87ae r 000000000000000f 0000000000010788  c.mv     x15, x11
#1492 0 0000000000000e9e     4601 r 000000000000000c 0000000000000000  c.li     x12, 0x0
#1493 0 0000000000000ea0 040e0b63 r 0000000000000000 0000000000000000  beq      x28, x0, . + 0x56
#1494 0 0000000000000ea4     4f05 r 000000000000001e 0000000000000001  c.li     x30, 0x1
#1495 0 0000000000000ea6 05ee0363 r 0000000000000000 0000000000000000  beq      x28, x30, . + 0x46
#1496 0 0000000000000eec     639c r 000000000000000f 0000000000010778  c.ld     x15, 0x0(x15)
#1497 0 0000000000000eee     2605 r 000000000000000c 0000000000000001  c.addiw  x12, 0x1
#1498 0 0000000000000ef0     cb89 r 0000000000000000 0000000000000000  c.beqz   x15, . + 0x12
#1499 0 0000000000000ef2 01f60863 r 0000000000000000 0000000000000000  beq      x12, x31, . + 0x10
#1500 0 0000000000000f02     86fe r 000000000000000d 0000000000000001  c.mv     x13, x31
#1501 0 0000000000000f04     c625 r 0000000000000000 0000000000000000  c.beqz   x12, . + 0x68
#1502 0 0000000000000f06     cead r 0000000000000000 0000000000000000  c.beqz   x13, . + 0x7a
#1503 0 0000000000000f08     cfa5 r 0000000000000000 0000000000000000  c.beqz   x15, . + 0x78
#1504 0 0000000000000f0a 0085be03 r 000000000000001c 00000000000108a0  ld       x28, 0x8(x11)
#1505 0 0000000000000f0e 0087b303 r 0000000000000006 000000000001089c  ld       x6, 0x8(x15)
#1506 0 0000000000000f12 000e1703 r 000000000000000e 0000000000000000  lh       x14, 0x0(x28)
#1507 0 0000000000000f16 00231f03 r 000000000000001e 000000000000060d  lh       x30, 0x2(x6)
#1508 0 0000000000000f1a 002e1883 r 0000000000000011 000000000000050c  lh       x17, 0x2(x28)
#1509 0 0000000000000f1e 01071e9b r 000000000000001d 0000000000000000  slliw    x29, x14, 0x10
#1510 0 0000000000000f22 010ede9b r 000000000000001d 0000000000000000  srliw    x29, x29, 0x10
#1511 0 0000000000000f26 008ede9b r 000000000000001d 0000000000000000  srliw    x29, x29, 0x8
#1512 0 0000000000000f2a f0077713 r 000000000000000e 0000000000000000  andi     x14, x14, -0x100
#1513 0 0000000000000f2e 01d76733 r 000000000000000e 0000000000000000  or       x14, x14, x29
#1514 0 0000000000000f32 00ee1023 m 00000000000108a0 0000000000000000  sh       x14, 0x0(x28)
#1515 0 0000000000000f36 00031e83 r 000000000000001d 0000000000007f7f  lh       x29, 0x0(x6)
#1516 0 0000000000000f3a 41e888bb r 0000000000000011 fffffffffffffeff  subw     x17, x17, x30
#1517 0 0000000000000f3e 010e9e1b r 000000000000001c 000000007f7f0000  slliw    x28, x29, 0x10
#1518 0 0000000000000f42 010e5f1b r 000000000000001e 0000000000007f7f  srliw    x30, x28, 0x10
#1519 0 0000000000000f46 f00ef713 r 000000000000000e 0000000000007f00  andi     x14, x29, -0x100
#1520 0 0000000000000f4a 008f5e9b r 000000000000001d 000000000000007f  srliw    x29, x30, 0x8
#1521 0 0000000000000f4e 01d76e33 r 000000000000001c 0000000000007f7f  or       x28, x14, x29
#1522 0 0000000000000f52 01c31023 m 000000000001089c 0000000000007f7f  sh       x28, 0x0(x6)
#1523 0 0000000000000f56 03105563 r 0000000000000000 0000000000000000  bge      x0, x17, . + 0x2a
#1524 0 0000000000000f80     832e r 0000000000000006 0000000000010788  c.mv     x6, x11
#1525 0 0000000000000f82     367d r 000000000000000c 0000000000000000  c.addiw  x12, -0x1
#1526 0 0000000000000f84     618c r 000000000000000b 0000000000010778  c.ld     x11, 0x0(x11)
#1527 0 0000000000000f86     bfe9 r 0000000000000000 0000000000000000  c.j      . - 0x26
#1528 0 0000000000000f60 00080d63 r 0000000000000000 0000000000000000  beq      x16, x0, . + 0x1a
#1529 0 0000000000000f64 00683023 m 0000000000010798 0000000000010788  sd       x6, 0x0(x16)
#1530 0 0000000000000f68     881a r 0000000000000010 0000000000010788  c.mv     x16, x6
#1531 0 0000000000000f6a     fe51 r 0000000000000000 0000000000000000  c.bnez   x12, . - 0x64
#1532 0 0000000000000f6c     ce91 r 0000000000000000 0000000000000000  c.beqz   x13, . + 0x1c
#1533 0 0000000000000f6e     c385 r 0000000000000000 0000000000000000  c.beqz   x15, . + 0x20
#1534 0 0000000000000f70     833e r 0000000000000006 0000000000010778  c.mv     x6, x15
#1535 0 0000000000000f72     36fd r 000000000000000d 0000000000000000  c.addiw  x13, -0x1
#1536 0 0000000000000f74     639c r 000000000000000f 0000000000010768  c.ld     x15, 0x0(x15)
#1537 0 0000000000000f76 fe0817e3 r 0000000000000000 0000000000000000  bne      x16, x0, . - 0x12
#1538 0 0000000000000f64 00683023 m 0000000000010788 0000000000010778  sd       x6, 0x0(x16)
#1539 0 0000000000000f68     881a r 0000000000000010 0000000000010778  c.mv     x16, x6
#1540 0 0000000000000f6a     fe51 r 0000000000000000 0000000000000000  c.bnez   x12, . - 0x64
#1541 0 0000000000000f6c     ce91 r 0000000000000000 0000000000000000  c.beqz   x13, . + 0x1c
#1542 0 0000000000000f88     c399 r 0000000000000000 0000000000000000  c.beqz   x15, . + 0x6
#1543 0 0000000000000f8a     85be r 000000000000000b 0000000000010768  c.mv     x11, x15
#1544 0 0000000000000f8c     b729 r 0000000000000000 0000000000000000  c.j      . - 0xf6
#1545 0 0000000000000e96 007ffe13 r 000000000000001c 0000000000000001  andi     x28, x31, 0x7
#1546 0 0000000000000e9a     2285 r 0000000000000005 0000000000000008  c.addiw  x5, 0x1
#1547 0 0000000000000e9c     87ae r 000000000000000f 0000000000010768  c.mv     x15, x11
#1548 0 0000000000000e9e     4601 r 000000000000000c 0000000000000000  c.li     x12, 0x0
#1549 0 0000000000000ea0 040e0b63 r 0000000000000000 0000000000000000  beq      x28, x0, . + 0x56
#1550 0 0000000000000ea4     4f05 r 000000000000001e 0000000000000001  c.li     x30, 0x1
#1551 0 0000000000000ea6 05ee0363 r 0000000000000000 0000000000000000  beq      x28, x30, . + 0x46
#1552 0 0000000000000eec     639c r 000000000000000f 0000000000010758  c.ld     x15, 0x0(x15)
#1553 0 0000000000000eee     2605 r 000000000000000c 0000000000000001  c.addiw  x12, 0x1
#1554 0 0000000000000ef0     cb89 r 0000000000000000 0000000000000000  c.beqz   x15, . + 0x12
#1555 0 0000000000000ef2 01f60863 r 0000000000000000 0000000000000000  beq      x12, x31, . + 0x10
#1556 0 0000000000000f02     86fe r 000000000000000d 0000000000000001  c.mv     x13, x31
#1557 0 0000000000000f04     c625 r 0000000000000000 0000000000000000  c.beqz   x12, . + 0x68
#1558 0 0000000000000f06     cead r 0000000000000000 0000000000000000  c.beqz   x13, . + 0x7a
#1559 0 0000000000000f08     cfa5 r 0000000000000000 0000000000000000  c.beqz   x15, . + 0x78
#1560 0 0000000000000f0a 0085be03 r 000000000000001c 0000000000010898  ld       x28, 0x8(x11)
#1561 0 0000000000000f0e 0087b303 r 0000000000000006 0000000000010894  ld       x6, 0x8(x15)
#1562 0 0000000000000f12 000e1703 r 000000000000000e 0000000000007676  lh       x14, 0x0(x28)
#1563 0 0000000000000f16 00231f03 r 000000000000001e 000000000000000f  lh       x30, 0x2(x6)
#1564 0 0000000000000f1a 002e1883 r 0000000000000011 000000000000070e  lh       x17, 0x2(x28)
#1565 0 0000000000000f1e 01071e9b r 000000000000001d 0000000076760000  slliw    x29, x14, 0x10
#1566 0 0000000000000f22 010ede9b r 000000000000001d 0000000000007676  srliw    x29, x29, 0x10
#1567 0 0000000000000f26 008ede9b r 000000000000001d 0000000000000076  srliw    x29, x29, 0x8
#1568 0 0000000000000f2a f0077713 r 000000000000000e 0000000000007600  andi     x14, x14, -0x100
#1569 0 0000000000000f2e 01d76733 r 000000000000000e 0000000000007676  or       x14, x14, x29
#1570 0 0000000000000f32 00ee1023 m 0000000000010898 0000000000007676  sh       x14, 0x0(x28)
#1571 0 0000000000000f36 00031e83 r 000000000000001d 0000000000006d6d  lh       x29, 0x0(x6)
#1572 0 0000000000000f3a 41e888bb r 0000000000000011 00000000000006ff  subw     x17, x17, x30
#1573 0 0000000000000f3e 010e9e1b r 000000000000001c 000000006d6d0000  slliw    x28, x29, 0x10
#1574 0 0000000000000f42 010e5f1b r 000000000000001e 0000000000006d6d  srliw    x30, x28, 0x10
#1575 0 0000000000000f46 f00ef713 r 000000000000000e 0000000000006d00  andi     x14, x29, -0x100
#1576 0 0000000000000f4a 008f5e9b r 000000000000001d 000000000000006d  srliw    x29, x30, 0x8
#1577 0 0000000000000f4e 01d76e33 r 000000000000001c 0000000000006d6d  or       x28, x14, x29
#1578 0 0000000000000f52 01c31023 m 0000000000010894 0000000000006d6d  sh       x28, 0x0(x6)
#1579 0 0000000000000f56 03105563 r 0000000000000000 0000000000000000  bge      x0, x17, . + 0x2a
#1580 0 0000000000000f5a     833e r 0000000000000006 0000000000010758  c.mv     x6, x15
#1581 0 0000000000000f5c     639c r 000000000000000f 0000000000010748  c.ld     x15, 0x0(x15)
#1582 0 0000000000000f5e     36fd r 000000000000000d 0000000000000000  c.addiw  x13, -0x1
#1583 0 0000000000000f60 00080d63 r 0000000000000000 0000000000000000  beq      x16, x0, . + 0x1a
#1584 0 0000000000000f64 00683023 m 0000000000010778 0000000000010758  sd       x6, 0x0(x16)
#1585 0 0000000000000f68     881a r 0000000000000010 0000000000010758  c.mv     x16, x6
#1586 0 0000000000000f6a     fe51 r 0000000000000000 0000000000000000  c.bnez   x12, . - 0x64
#1587 0 0000000000000f06     cead r 0000000000000000 0000000000000000  c.beqz   x13, . + 0x7a
#1588 0 0000000000000f80     832e r 0000000000000006 0000000000010768  c.mv     x6, x11
#1589 0 0000000000000f82     367d r 000000000000000c 0000000000000000  c.addiw  x12, -0x1
#1590 0 0000000000000f84     618c r 000000000000000b 0000000000010758  c.ld     x11, 0x0(x11)
#1591 0 0000000000000f86     bfe9 r 0000000000000000 0000000000000000  c.j      . - 0x26
#1592 0 0000000000000f60 00080d63 r 0000000000000000 0000000000000000  beq      x16, x0, . + 0x1a
#1593 0 0000000000000f64 00683023 m 0000000000010758 0000000000010768  sd       x6, 0x0(x16)
#1594 0 0000000000000f68     881a r 0000000000000010 0000000000010768  c.mv     x16, x6
#1595 0 0000000000000f6a     fe51 r 0000000000000000 0000000000000000  c.bnez   x12, . - 0x64
#1596 0 0000000000000f6c     ce91 r 0000000000000000 0000000000000000  c.beqz   x13, . + 0x1c
#1597 0 0000000000000f88     c399 r 0000000000000000 0000000000000000  c.beqz   x15, . + 0x6
#1598 0 0000000000000f8a     85be r 000000000000000b 0000000000010748  c.mv     x11, x15
#1599 0 0000000000000f8c     b729 r 0000000000000000 0000000000000000  c.j      . - 0xf6
#1600 0 0000000000000e96 007ffe13 r 000000000000001c 0000000000000001  andi     x28, x31, 0x7
#1601 0 0000000000000e9a     2285 r 0000000000000005 0000000000000009  c.addiw  x5, 0x1
#1602 0 0000000000000e9c     87ae r 000000000000000f 0000000000010748  c.mv     x15, x11
#1603 0 0000000000000e9e     4601 r 000000000000000c 0000000000000000  c.li     x12, 0x0
#1604 0 0000000000000ea0 040e0b63 r 0000000000000000 0000000000000000  beq      x28, x0, . + 0x56
#1605 0 0000000000000ea4     4f05 r 000000000000001e 0000000000000001  c.li     x30, 0x1
#1606 0 0000000000000ea6 05ee0363 r 0000000000000000 0000000000000000  beq      x28, x30, . + 0x46
#1607 0 0000000000000eec     639c r 000000000000000f 0000000000010738  c.ld     x15, 0x0(x15)
#1608 0 0000000000000eee     2605 r 000000000000000c 0000000000000001  c.addiw  x12, 0x1
#1609 0 0000000000000ef0     cb89 r 0000000000000000 0000000000000000  c.beqz   x15, . + 0x12
#1610 0 0000000000000ef2 01f60863 r 0000000000000000 0000000000000000  beq      x12, x31, . + 0x10
#1611 0 0000000000000f02     86fe r 000000000000000d 0000000000000001  c.mv     x13, x31
#1612 0 0000000000000f04     c625 r 0000000000000000 0000000000000000  c.beqz   x12, . + 0x68
#1613 0 0000000000000f06     cead r 0000000000000000 0000000000000000  c.beqz   x13, . + 0x7a
#1614 0 0000000000000f08     cfa5 r 0000000000000000 0000000000000000  c.beqz   x15, . + 0x78
#1615 0 0000000000000f0a 0085be03 r 000000000000001c 0000000000010890  ld       x28, 0x8(x11)
#1616 0 0000000000000f0e 0087b303 r 0000000000000006 000000000001088c  ld       x6, 0x8(x15)
#1617 0 0000000000000f12 000e1703 r 000000000000000e 0000000000006464  lh       x14, 0x0(x28)
#1618 0 0000000000000f16 00231f03 r 000000000000001e 0000000000000211  lh       x30, 0x2(x6)
#1619 0 0000000000000f1a 002e1883 r 0000000000000011 0000000000000110  lh       x17, 0x2(x28)
#1620 0 0000000000000f1e 01071e9b r 000000000000001d 0000000064640000  slliw    x29, x14, 0x10
#1621 0 0000000000000f22 010ede9b r 000000000000001d 0000000000006464  srliw    x29, x29, 0x10
#1622 0 0000000000000f26 008ede9b r 000000000000001d 0000000000000064  srliw    x29, x29, 0x8
#1623 0 0000000000000f2a f0077713 r 000000000000000e 0000000000006400  andi     x14, x14, -0x100
#1624 0 0000000000000f2e 01d76733 r 000000000000000e 0000000000006464  or       x14, x14, x29
#1625 0 0000000000000f32 00ee1023 m 0000000000010890 0000000000006464  sh       x14, 0x0(x28)
#1626 0 0000000000000f36 00031e83 r 000000000000001d 0000000000005b5b  lh       x29, 0x0(x6)
#1627 0 0000000000000f3a 41e888bb r 0000000000000011 fffffffffffffeff  subw     x17, x17, x30
#1628 0 0000000000000f3e 010e9e1b r 000000000000001c 000000005b5b0000  slliw    x28, x29, 0x10
#1629 0 0000000000000f42 010e5f1b r 000000000000001e 0000000000005b5b  srliw    x30, x28, 0x10
#1630 0 0000000000000f46 f00ef713 r 000000000000000e 0000000000005b00  andi     x14, x29, -0x100
#1631 0 0000000000000f4a 008f5e9b r 000000000000001d 000000000000005b  srliw    x29, x30, 0x8
#1632 0 0000000000000f4e 01d76e33 r 000000000000001c 0000000000005b5b  or       x28, x14, x29
#1633 0 0000000000000f52 01c31023 m 000000000001088c 0000000000005b5b  sh       x28, 0x0(x6)
#1634 0 0000000000000f56 03105563 r 0000000000000000 0000000000000000  bge      x0, x17, . + 0x2a
#1635 0 0000000000000f80     832e r 0000000000000006 0000000000010748  c.mv     x6, x11
#1636 0 0000000000000f82     367d r 000000000000000c 0000000000000000  c.addiw  x12, -0x1
#1637 0 0000000000000f84     618c r 000000000000000b 0000000000010738  c.ld     x11, 0x0(x11)
#1638 0 0000000000000f86     bfe9 r 0000000000000000 0000000000000000  c.j      . - 0x26
#1639 0 0000000000000f60 00080d63 r 0000000000000000 0000000000000000  beq      x16, x0, . + 0x1a
#1640 0 0000000000000f64 00683023 m 0000000000010768 0000000000010748  sd       x6, 0x0(x16)
#1641 0 0000000000000f68     881a r 0000000000000010 0000000000010748  c.mv     x16, x6
#1642 0 0000000000000f6a     fe51 r 0000000000000000 0000000000000000  c.bnez   x12, . - 0x64
#1643 0 0000000000000f6c     ce91 r 0000000000000000 0000000000000000  c.beqz   x13, . + 0x1c
#1644 0 0000000000000f6e     c385 r 0000000000000000 0000000000000000  c.beqz   x15, . + 0x20
#1645 0 0000000000000f70     833e r 0000000000000006 0000000000010738  c.mv     x6, x15
#1646 0 0000000000000f72     36fd r 000000000000000d 0000000000000000  c.addiw  x13, -0x1
#1647 0 0000000000000f74     639c r 000000000000000f 0000000000010728  c.ld     x15, 0x0(x15)
#1648 0 0000000000000f76 fe0817e3 r 0000000000000000 0000000000000000  bne      x16, x0, . - 0x12
#1649 0 0000000000000f64 00683023 m 0000000000010748 0000000000010738  sd       x6, 0x0(x16)
#1650 0 0000000000000f68     881a r 0000000000000010 0000000000010738  c.mv     x16, x6
#1651 0 0000000000000f6a     fe51 r 0000000000000000 0000000000000000  c.bnez   x12, . - 0x64
#1652 0 0000000000000f6c     ce91 r 0000000000000000 0000000000000000  c.beqz   x13, . + 0x1c
#1653 0 0000000000000f88     c399 r 0000000000000000 0000000000000000  c.beqz   x15, . + 0x6
#1654 0 0000000000000f8a     85be r 000000000000000b 0000000000010728  c.mv     x11, x15
#1655 0 0000000000000f8c     b729 r 0000000000000000 0000000000000000  c.j      . - 0xf6
#1656 0 0000000000000e96 007ffe13 r 000000000000001c 0000000000000001  andi     x28, x31, 0x7
#1657 0 0000000000000e9a     2285 r 0000000000000005 000000000000000a  c.addiw  x5, 0x1
#1658 0 0000000000000e9c     87ae r 000000000000000f 0000000000010728  c.mv     x15, x11
#1659 0 0000000000000e9e     4601 r 000000000000000c 0000000000000000  c.li     x12, 0x0
#1660 0 0000000000000ea0 040e0b63 r 0000000000000000 0000000000000000  beq      x28, x0, . + 0x56
#1661 0 0000000000000ea4     4f05 r 000000000000001e 0000000000000001  c.li     x30, 0x1
#1662 0 0000000000000ea6 05ee0363 r 0000000000000000 0000000000000000  beq      x28, x30, . + 0x46
#1663 0 0000000000000eec     639c r 000000000000000f 0000000000010718  c.ld     x15, 0x0(x15)
#1664 0 0000000000000eee     2605 r 000000000000000c 0000000000000001  c.addiw  x12, 0x1
#1665 0 0000000000000ef0     cb89 r 0000000000000000 0000000000000000  c.beqz   x15, . + 0x12
#1666 0 0000000000000ef2 01f60863 r 0000000000000000 0000000000000000  beq      x12, x31, . + 0x10
#1667 0 0000000000000f02     86fe r 000000000000000d 0000000000000001  c.mv     x13, x31
#1668 0 0000000000000f04     c625 r 0000000000000000 0000000000000000  c.beqz   x12, . + 0x68
#1669 0 0000000000000f06     cead r 0000000000000000 0000000000000000  c.beqz   x13, . + 0x7a
#1670 0 0000000000000f08     cfa5 r 0000000000000000 0000000000000000  c.beqz   x15, . + 0x78
#1671 0 0000000000000f0a 0085be03 r 000000000000001c 0000000000010888  ld       x28, 0x8(x11)
#1672 0 0000000000000f0e 0087b303 r 0000000000000006 0000000000010884  ld       x6, 0x8(x15)
#1673 0 0000000000000f12 000e1703 r 000000000000000e 0000000000005252  lh       x14, 0x0(x28)
#1674 0 0000000000000f16 00231f03 r 000000000000001e 0000000000000413  lh       x30, 0x2(x6)
#1675 0 0000000000000f1a 002e1883 r 0000000000000011 0000000000000312  lh       x17, 0x2(x28)
#1676 0 0000000000000f1e 01071e9b r 000000000000001d 0000000052520000  slliw    x29, x14, 0x10
#1677 0 0000000000000f22 010ede9b r 000000000000001d 0000000000005252  srliw    x29, x29, 0x10
#1678 0 0000000000000f26 008ede9b r 000000000000001d 0000000000000052  srliw    x29, x29, 0x8
#1679 0 0000000000000f2a f0077713 r 000000000000000e 0000000000005200  andi     x14, x14, -0x100
#1680 0 0000000000000f2e 01d76733 r 000000000000000e 0000000000005252  or       x14, x14, x29
#1681 0 0000000000000f32 00ee1023 m 0000000000010888 0000000000005252  sh       x14, 0x0(x28)
#1682 0 0000000000000f36 00031e83 r 000000000000001d 0000000000004949  lh       x29, 0x0(x6)
#1683 0 0000000000000f3a 41e888bb r 0000000000000011 fffffffffffffeff  subw     x17, x17, x30
#1684 0 0000000000000f3e 010e9e1b r 000000000000001c 0000000049490000  slliw    x28, x29, 0x10
#1685 0 0000000000000f42 010e5f1b r 000000000000001e 0000000000004949  srliw    x30, x28, 0x10
#1686 0 0000000000000f46 f00ef713 r 000000000000000e 0000000000004900  andi     x14, x29, -0x100
#1687 0 0000000000000f4a 008f5e9b r 000000000000001d 0000000000000049  srliw    x29, x30, 0x8
#1688 0 0000000000000f4e 01d76e33 r 000000000000001c 0000000000004949  or       x28, x14, x29
#1689 0 0000000000000f52 01c31023 m 0000000000010884 0000000000004949  sh       x28, 0x0(x6)
#1690 0 0000000000000f56 03105563 r 0000000000000000 0000000000000000  bge      x0, x17, . + 0x2a
#1691 0 0000000000000f80     832e r 0000000000000006 0000000000010728  c.mv     x6, x11
#1692 0 0000000000000f82     367d r 000000000000000c 0000000000000000  c.addiw  x12, -0x1
#1693 0 0000000000000f84     618c r 000000000000000b 0000000000010718  c.ld     x11, 0x0(x11)
#1694 0 0000000000000f86     bfe9 r 0000000000000000 0000000000000000  c.j      . - 0x26
#1695 0 0000000000000f60 00080d63 r 0000000000000000 0000000000000000  beq      x16, x0, . + 0x1a
#1696 0 0000000000000f64 00683023 m 0000000000010738 0000000000010728  sd       x6, 0x0(x16)
#1697 0 0000000000000f68     881a r 0000000000000010 0000000000010728  c.mv     x16, x6
#1698 0 0000000000000f6a     fe51 r 0000000000000000 0000000000000000  c.bnez   x12, . - 0x64
#1699 0 0000000000000f6c     ce91 r 0000000000000000 0000000000000000  c.beqz   x13, . + 0x1c
#1700 0 0000000000000f6e     c385 r 0000000000000000 0000000000000000  c.beqz   x15, . + 0x20
#1701 0 0000000000000f70     833e r 0000000000000006 0000000000010718  c.mv     x6, x15
#1702 0 0000000000000f72     36fd r 000000000000000d 0000000000000000  c.addiw  x13, -0x1
#1703 0 0000000000000f74     639c r 000000000000000f 0000000000010708  c.ld     x15, 0x0(x15)
#1704 0 0000000000000f76 fe0817e3 r 0000000000000000 0000000000000000  bne      x16, x0, . - 0x12
#1705 0 0000000000000f64 00683023 m 0000000000010728 0000000000010718  sd       x6, 0x0(x16)
#1706 0 0000000000000f68     881a r 0000000000000010 0000000000010718  c.mv     x16, x6
#1707 0 0000000000000f6a     fe51 r 0000000000000000 0000000000000000  c.bnez   x12, . - 0x64
#1708 0 0000000000000f6c     ce91 r 0000000000000000 0000000000000000  c.beqz   x13, . + 0x1c
#1709 0 0000000000000f88     c399 r 0000000000000000 0000000000000000  c.beqz   x15, . + 0x6
#1710 0 0000000000000f8a     85be r 000000000000000b 0000000000010708  c.mv     x11, x15
#1711 0 0000000000000f8c     b729 r 0000000000000000 0000000000000000  c.j      . - 0xf6
#1712 0 0000000000000e96 007ffe13 r 000000000000001c 0000000000000001  andi     x28, x31, 0x7
#1713 0 0000000000000e9a     2285 r 0000000000000005 000000000000000b  c.addiw  x5, 0x1
#1714 0 0000000000000e9c     87ae r 000000000000000f 0000000000010708  c.mv     x15, x11
#1715 0 0000000000000e9e     4601 r 000000000000000c 0000000000000000  c.li     x12, 0x0
#1716 0 0000000000000ea0 040e0b63 r 0000000000000000 0000000000000000  beq      x28, x0, . + 0x56
#1717 0 0000000000000ea4     4f05 r 000000000000001e 0000000000000001  c.li     x30, 0x1
#1718 0 0000000000000ea6 05ee0363 r 0000000000000000 0000000000000000  beq      x28, x30, . + 0x46
#1719 0 0000000000000eec     639c r 000000000000000f 00000000000106f8  c.ld     x15, 0x0(x15)
#1720 0 0000000000000eee     2605 r 000000000000000c 0000000000000001  c.addiw  x12, 0x1
#1721 0 0000000000000ef0     cb89 r 0000000000000000 0000000000000000  c.beqz   x15, . + 0x12
#1722 0 0000000000000ef2 01f60863 r 0000000000000000 0000000000000000  beq      x12, x31, . + 0x10
#1723 0 0000000000000f02     86fe r 000000000000000d 0000000000000001  c.mv     x13, x31
#1724 0 0000000000000f04     c625 r 0000000000000000 0000000000000000  c.beqz   x12, . + 0x68
#1725 0 0000000000000f06     cead r 0000000000000000 0000000000000000  c.beqz   x13, . + 0x7a
#1726 0 0000000000000f08     cfa5 r 0000000000000000 0000000000000000  c.beqz   x15, . + 0x78
#1727 0 0000000000000f0a 0085be03 r 000000000000001c 0000000000010880  ld       x28, 0x8(x11)
#1728 0 0000000000000f0e 0087b303 r 0000000000000006 000000000001087c  ld       x6, 0x8(x15)
#1729 0 0000000000000f12 000e1703 r 000000000000000e 0000000000004040  lh       x14, 0x0(x28)
#1730 0 0000000000000f16 00231f03 r 000000000000001e 0000000000000615  lh       x30, 0x2(x6)
#1731 0 0000000000000f1a 002e1883 r 0000000000000011 0000000000000514  lh       x17, 0x2(x28)
#1732 0 0000000000000f1e 01071e9b r 000000000000001d 0000000040400000  slliw    x29, x14, 0x10
#1733 0 0000000000000f22 010ede9b r 000000000000001d 0000000000004040  srliw    x29, x29, 0x10
#1734 0 0000000000000f26 008ede9b r 000000000000001d 0000000000000040  srliw    x29, x29, 0x8
#1735 0 0000000000000f2a f0077713 r 000000000000000e 0000000000004000  andi     x14, x14, -0x100
#1736 0 0000000000000f2e 01d76733 r 000000000000000e 0000000000004040  or       x14, x14, x29
#1737 0 0000000000000f32 00ee1023 m 0000000000010880 0000000000004040  sh       x14, 0x0(x28)
#1738 0 0000000000000f36 00031e83 r 000000000000001d 0000000000003f3f  lh       x29, 0x0(x6)
#1739 0 0000000000000f3a 41e888bb r 0000000000000011 fffffffffffffeff  subw     x17, x17, x30
#1740 0 0000000000000f3e 010e9e1b r 000000000000001c 000000003f3f0000  slliw    x28, x29, 0x10
#1741 0 0000000000000f42 010e5f1b r 000000000000001e 0000000000003f3f  srliw    x30, x28, 0x10
#1742 0 0000000000000f46 f00ef713 r 000000000000000e 0000000000003f00  andi     x14, x29, -0x100
#1743 0 0000000000000f4a 008f5e9b r 000000000000001d 000000000000003f  srliw    x29, x30, 0x8
#1744 0 0000000000000f4e 01d76e33 r 000000000000001c 0000000000003f3f  or       x28, x14, x29
#1745 0 0000000000000f52 01c31023 m 000000000001087c 0000000000003f3f  sh       x28, 0x0(x6)
#1746 0 0000000000000f56 03105563 r 0000000000000000 0000000000000000  bge      x0, x17, . + 0x2a
#1747 0 0000000000000f80     832e r 0000000000000006 0000000000010708  c.mv     x6, x11
#1748 0 0000000000000f82     367d r 000000000000000c 0000000000000000  c.addiw  x12, -0x1
#1749 0 0000000000000f84     618c r 000000000000000b 00000000000106f8  c.ld     x11, 0x0(x11)
#1750 0 0000000000000f86     bfe9 r 0000000000000000 0000000000000000  c.j      . - 0x26
#1751 0 0000000000000f60 00080d63 r 0000000000000000 0000000000000000  beq      x16, x0, . + 0x1a
#1752 0 0000000000000f64 00683023 m 0000000000010718 0000000000010708  sd       x6, 0x0(x16)
#1753 0 0000000000000f68     881a r 0000000000000010 0000000000010708  c.mv     x16, x6
#1754 0 0000000000000f6a     fe51 r 0000000000000000 0000000000000000  c.bnez   x12, . - 0x64
#1755 0 0000000000000f6c     ce91 r 0000000000000000 0000000000000000  c.beqz   x13, . + 0x1c
#1756 0 0000000000000f6e     c385 r 0000000000000000 0000000000000000  c.beqz   x15, . + 0x20
#1757 0 0000000000000f70     833e r 0000000000000006 00000000000106f8  c.mv     x6, x15
#1758 0 0000000000000f72     36fd r 000000000000000d 0000000000000000  c.addiw  x13, -0x1
#1759 0 0000000000000f74     639c r 000000000000000f 00000000000106e8  c.ld     x15, 0x0(x15)
#1760 0 0000000000000f76 fe0817e3 r 0000000000000000 0000000000000000  bne      x16, x0, . - 0x12
#1761 0 0000000000000f64 00683023 m 0000000000010708 00000000000106f8  sd       x6, 0x0(x16)
#1762 0 0000000000000f68     881a r 0000000000000010 00000000000106f8  c.mv     x16, x6
#1763 0 0000000000000f6a     fe51 r 0000000000000000 0000000000000000  c.bnez   x12, . - 0x64
#1764 0 0000000000000f6c     ce91 r 0000000000000000 0000000000000000  c.beqz   x13, . + 0x1c
#1765 0 0000000000000f88     c399 r 0000000000000000 0000000000000000  c.beqz   x15, . + 0x6
#1766 0 0000000000000f8a     85be r 000000000000000b 00000000000106e8  c.mv     x11, x15
#1767 0 0000000000000f8c     b729 r 0000000000000000 0000000000000000  c.j      . - 0xf6
#1768 0 0000000000000e96 007ffe13 r 000000000000001c 0000000000000001  andi     x28, x31, 0x7
#1769 0 0000000000000e9a     2285 r 0000000000000005 000000000000000c  c.addiw  x5, 0x1
#1770 0 0000000000000e9c     87ae r 000000000000000f 00000000000106e8  c.mv     x15, x11
#1771 0 0000000000000e9e     4601 r 000000000000000c 0000000000000000  c.li     x12, 0x0
#1772 0 0000000000000ea0 040e0b63 r 0000000000000000 0000000000000000  beq      x28, x0, . + 0x56
#1773 0 0000000000000ea4     4f05 r 000000000000001e 0000000000000001  c.li     x30, 0x1
#1774 0 0000000000000ea6 05ee0363 r 0000000000000000 0000000000000000  beq      x28, x30, . + 0x46
#1775 0 0000000000000eec     639c r 000000000000000f 00000000000106d8  c.ld     x15, 0x0(x15)
#1776 0 0000000000000eee     2605 r 000000000000000c 0000000000000001  c.addiw  x12, 0x1
#1777 0 0000000000000ef0     cb89 r 0000000000000000 0000000000000000  c.beqz   x15, . + 0x12
#1778 0 0000000000000ef2 01f60863 r 0000000000000000 0000000000000000  beq      x12, x31, . + 0x10
#1779 0 0000000000000f02     86fe r 000000000000000d 0000000000000001  c.mv     x13, x31
#1780 0 0000000000000f04     c625 r 0000000000000000 0000000000000000  c.beqz   x12, . + 0x68
#1781 0 0000000000000f06     cead r 0000000000000000 0000000000000000  c.beqz   x13, . + 0x7a
#1782 0 0000000000000f08     cfa5 r 0000000000000000 0000000000000000  c.beqz   x15, . + 0x78
#1783 0 0000000000000f0a 0085be03 r 000000000000001c 0000000000010878  ld       x28, 0x8(x11)
#1784 0 0000000000000f0e 0087b303 r 0000000000000006 0000000000010874  ld       x6, 0x8(x15)
#1785 0 0000000000000f12 000e1703 r 000000000000000e 0000000000003636  lh       x14, 0x0(x28)
#1786 0 0000000000000f16 00231f03 r 000000000000001e 0000000000000017  lh       x30, 0x2(x6)
#1787 0 0000000000000f1a 002e1883 r 0000000000000011 0000000000000716  lh       x17, 0x2(x28)
#1788 0 0000000000000f1e 01071e9b r 000000000000001d 0000000036360000  slliw    x29, x14, 0x10
#1789 0 0000000000000f22 010ede9b r 000000000000001d 0000000000003636  srliw    x29, x29, 0x10
#1790 0 0000000000000f26 008ede9b r 000000000000001d 0000000000000036  srliw    x29, x29, 0x8
#1791 0 0000000000000f2a f0077713 r 000000000000000e 0000000000003600  andi     x14, x14, -0x100
#1792 0 0000000000000f2e 01d76733 r 000000000000000e 0000000000003636  or       x14, x14, x29
#1793 0 0000000000000f32 00ee1023 m 0000000000010878 0000000000003636  sh       x14, 0x0(x28)
#1794 0 0000000000000f36 00031e83 r 000000000000001d 0000000000002d2d  lh       x29, 0x0(x6)
#1795 0 0000000000000f3a 41e888bb r 0000000000000011 00000000000006ff  subw     x17, x17, x30
#1796 0 0000000000000f3e 010e9e1b r 000000000000001c 000000002d2d0000  slliw    x28, x29, 0x10
#1797 0 0000000000000f42 010e5f1b r 000000000000001e 0000000000002d2d  srliw    x30, x28, 0x10
#1798 0 0000000000000f46 f00ef713 r 000000000000000e 0000000000002d00  andi     x14, x29, -0x100
#1799 0 0000000000000f4a 008f5e9b r 000000000000001d 000000000000002d  srliw    x29, x30, 0x8
#1800 0 0000000000000f4e 01d76e33 r 000000000000001c 0000000000002d2d  or       x28, x14, x29
#1801 0 0000000000000f52 01c31023 m 0000000000010874 0000000000002d2d  sh       x28, 0x0(x6)
#1802 0 0000000000000f56 03105563 r 0000000000000000 0000000000000000  bge      x0, x17, . + 0x2a
#1803 0 0000000000000f5a     833e r 0000000000000006 00000000000106d8  c.mv     x6, x15
#1804 0 0000000000000f5c     639c r 000000000000000f 00000000000106c8  c.ld     x15, 0x0(x15)
#1805 0 0000000000000f5e     36fd r 000000000000000d 0000000000000000  c.addiw  x13, -0x1
#1806 0 0000000000000f60 00080d63 r 0000000000000000 0000000000000000  beq      x16, x0, . + 0x1a
#1807 0 0000000000000f64 00683023 m 00000000000106f8 00000000000106d8  sd       x6, 0x0(x16)
#1808 0 0000000000000f68     881a r 0000000000000010 00000000000106d8  c.mv     x16, x6
#1809 0 0000000000000f6a     fe51 r 0000000000000000 0000000000000000  c.bnez   x12, . - 0x64
#1810 0 0000000000000f06     cead r 0000000000000000 0000000000000000  c.beqz   x13, . + 0x7a
#1811 0 0000000000000f80     832e r 0000000000000006 00000000000106e8  c.mv     x6, x11
#1812 0 0000000000000f82     367d r 000000000000000c 0000000000000000  c.addiw  x12, -0x1
#1813 0 0000000000000f84     618c r 000000000000000b 00000000000106d8  c.ld     x11, 0x0(x11)
#1814 0 0000000000000f86     bfe9 r 0000000000000000 0000000000000000  c.j      . - 0x26
#1815 0 0000000000000f60 00080d63 r 0000000000000000 0000000000000000  beq      x16, x0, . + 0x1a
#1816 0 0000000000000f64 00683023 m 00000000000106d8 00000000000106e8  sd       x6, 0x0(x16)
#1817 0 0000000000000f68     881a r 0000000000000010 00000000000106e8  c.mv     x16, x6
#1818 0 0000000000000f6a     fe51 r 0000000000000000 0000000000000000  c.bnez   x12, . - 0x64
#1819 0 0000000000000f6c     ce91 r 0000000000000000 0000000000000000  c.beqz   x13, . + 0x1c
#1820 0 0000000000000f88     c399 r 0000000000000000 0000000000000000  c.beqz   x15, . + 0x6
#1821 0 0000000000000f8a     85be r 000000000000000b 00000000000106c8  c.mv     x11, x15
#1822 0 0000000000000f8c     b729 r 0000000000000000 0000000000000000  c.j      . - 0xf6
#1823 0 0000000000000e96 007ffe13 r 000000000000001c 0000000000000001  andi     x28, x31, 0x7
#1824 0 0000000000000e9a     2285 r 0000000000000005 000000000000000d  c.addiw  x5, 0x1
#1825 0 0000000000000e9c     87ae r 000000000000000f 00000000000106c8  c.mv     x15, x11
#1826 0 0000000000000e9e     4601 r 000000000000000c 0000000000000000  c.li     x12, 0x0
#1827 0 0000000000000ea0 040e0b63 r 0000000000000000 0000000000000000  beq      x28, x0, . + 0x56
#1828 0 0000000000000ea4     4f05 r 000000000000001e 0000000000000001  c.li     x30, 0x1
#1829 0 0000000000000ea6 05ee0363 r 0000000000000000 0000000000000000  beq      x28, x30, . + 0x46
#1830 0 0000000000000eec     639c r 000000000000000f 00000000000106b8  c.ld     x15, 0x0(x15)
#1831 0 0000000000000eee     2605 r 000000000000000c 0000000000000001  c.addiw  x12, 0x1
#1832 0 0000000000000ef0     cb89 r 0000000000000000 0000000000000000  c.beqz   x15, . + 0x12
#1833 0 0000000000000ef2 01f60863 r 0000000000000000 0000000000000000  beq      x12, x31, . + 0x10
#1834 0 0000000000000f02     86fe r 000000000000000d 0000000000000001  c.mv     x13, x31
#1835 0 0000000000000f04     c625 r 0000000000000000 0000000000000000  c.beqz   x12, . + 0x68
#1836 0 0000000000000f06     cead r 0000000000000000 0000000000000000  c.beqz   x13, . + 0x7a
#1837 0 0000000000000f08     cfa5 r 0000000000000000 0000000000000000  c.beqz   x15, . + 0x78
#1838 0 0000000000000f0a 0085be03 r 000000000000001c 0000000000010870  ld       x28, 0x8(x11)
#1839 0 0000000000000f0e 0087b303 r 0000000000000006 000000000001086c  ld       x6, 0x8(x15)
#1840 0 0000000000000f12 000e1703 r 000000000000000e 0000000000002424  lh       x14, 0x0(x28)
#1841 0 0000000000000f16 00231f03 r 000000000000001e 0000000000000219  lh       x30, 0x2(x6)
#1842 0 0000000000000f1a 002e1883 r 0000000000000011 0000000000000118  lh       x17, 0x2(x28)
#1843 0 0000000000000f1e 01071e9b r 000000000000001d 0000000024240000  slliw    x29, x14, 0x10
#1844 0 0000000000000f22 010ede9b r 000000000000001d 0000000000002424  srliw    x29, x29, 0x10
#1845 0 0000000000000f26 008ede9b r 000000000000001d 0000000000000024  srliw    x29, x29, 0x8
#1846 0 0000000000000f2a f0077713 r 000000000000000e 0000000000002400  andi     x14, x14, -0x100
#1847 0 0000000000000f2e 01d76733 r 000000000000000e 0000000000002424  or       x14, x14, x29
#1848 0 0000000000000f32 00ee1023 m 0000000000010870 0000000000002424  sh       x14, 0x0(x28)
#1849 0 0000000000000f36 00031e83 r 000000000000001d 0000000000001b1b  lh       x29, 0x0(x6)
#1850 0 0000000000000f3a 41e888bb r 0000000000000011 fffffffffffffeff  subw     x17, x17, x30
#1851 0 0000000000000f3e 010e9e1b r 000000000000001c 000000001b1b0000  slliw    x28, x29, 0x10
#1852 0 0000000000000f42 010e5f1b r 000000000000001e 0000000000001b1b  srliw    x30, x28, 0x10
#1853 0 0000000000000f46 f00ef713 r 000000000000000e 0000000000001b00  andi     x14, x29, -0x100
#1854 0 0000000000000f4a 008f5e9b r 000000000000001d 000000000000001b  srliw    x29, x30, 0x8
#1855 0 0000000000000f4e 01d76e33 r 000000000000001c 0000000000001b1b  or       x28, x14, x29
#1856 0 0000000000000f52 01c31023 m 000000000001086c 0000000000001b1b  sh       x28, 0x0(x6)
#1857 0 0000000000000f56 03105563 r 0000000000000000 0000000000000000  bge      x0, x17, . + 0x2a
#1858 0 0000000000000f80     832e r 0000000000000006 00000000000106c8  c.mv     x6, x11
#1859 0 0000000000000f82     367d r 000000000000000c 0000000000000000  c.addiw  x12, -0x1
#1860 0 0000000000000f84     618c r 000000000000000b 00000000000106b8  c.ld     x11, 0x0(x11)
#1861 0 0000000000000f86     bfe9 r 0000000000000000 0000000000000000  c.j      . - 0x26
#1862 0 0000000000000f60 00080d63 r 0000000000000000 0000000000000000  beq      x16, x0, . + 0x1a
#1863 0 0000000000000f64 00683023 m 00000000000106e8 00000000000106c8  sd       x6, 0x0(x16)
#1864 0 0000000000000f68     881a r 0000000000000010 00000000000106c8  c.mv     x16, x6
#1865 0 0000000000000f6a     fe51 r 0000000000000000 0000000000000000  c.bnez   x12, . - 0x64
#1866 0 0000000000000f6c     ce91 r 0000000000000000 0000000000000000  c.beqz   x13, . + 0x1c
#1867 0 0000000000000f6e     c385 r 0000000000000000 0000000000000000  c.beqz   x15, . + 0x20
#1868 0 0000000000000f70     833e r 0000000000000006 00000000000106b8  c.mv     x6, x15
#1869 0 0000000000000f72     36fd r 000000000000000d 0000000000000000  c.addiw  x13, -0x1
#1870 0 0000000000000f74     639c r 000000000000000f 00000000000106a8  c.ld     x15, 0x0(x15)
#1871 0 0000000000000f76 fe0817e3 r 0000000000000000 0000000000000000  bne      x16, x0, . - 0x12
#1872 0 0000000000000f64 00683023 m 00000000000106c8 00000000000106b8  sd       x6, 0x0(x16)
#1873 0 0000000000000f68     881a r 0000000000000010 00000000000106b8  c.mv     x16, x6
#1874 0 0000000000000f6a     fe51 r 0000000000000000 0000000000000000  c.bnez   x12, . - 0x64
#1875 0 0000000000000f6c     ce91 r 0000000000000000 0000000000000000  c.beqz   x13, . + 0x1c
#1876 0 0000000000000f88     c399 r 0000000000000000 0000000000000000  c.beqz   x15, . + 0x6
#1877 0 0000000000000f8a     85be r 000000000000000b 00000000000106a8  c.mv     x11, x15
#1878 0 0000000000000f8c     b729 r 0000000000000000 0000000000000000  c.j      . - 0xf6
#1879 0 0000000000000e96 007ffe13 r 000000000000001c 0000000000000001  andi     x28, x31, 0x7
#1880 0 0000000000000e9a     2285 r 0000000000000005 000000000000000e  c.addiw  x5, 0x1
#1881 0 0000000000000e9c     87ae r 000000000000000f 00000000000106a8  c.mv     x15, x11
#1882 0 0000000000000e9e     4601 r 000000000000000c 0000000000000000  c.li     x12, 0x0
#1883 0 0000000000000ea0 040e0b63 r 0000000000000000 0000000000000000  beq      x28, x0, . + 0x56
#1884 0 0000000000000ea4     4f05 r 000000000000001e 0000000000000001  c.li     x30, 0x1
#1885 0 0000000000000ea6 05ee0363 r 0000000000000000 0000000000000000  beq      x28, x30, . + 0x46
#1886 0 0000000000000eec     639c r 000000000000000f 0000000000010698  c.ld     x15, 0x0(x15)
#1887 0 0000000000000eee     2605 r 000000000000000c 0000000000000001  c.addiw  x12, 0x1
#1888 0 0000000000000ef0     cb89 r 0000000000000000 0000000000000000  c.beqz   x15, . + 0x12
#1889 0 0000000000000ef2 01f60863 r 0000000000000000 0000000000000000  beq      x12, x31, . + 0x10
#1890 0 0000000000000f02     86fe r 000000000000000d 0000000000000001  c.mv     x13, x31
#1891 0 0000000000000f04     c625 r 0000000000000000 0000000000000000  c.beqz   x12, . + 0x68
#1892 0 0000000000000f06     cead r 0000000000000000 0000000000000000  c.beqz   x13, . + 0x7a
#1893 0 0000000000000f08     cfa5 r 0000000000000000 0000000000000000  c.beqz   x15, . + 0x78
#1894 0 0000000000000f0a 0085be03 r 000000000000001c 0000000000010868  ld       x28, 0x8(x11)
#1895 0 0000000000000f0e 0087b303 r 0000000000000006 0000000000010864  ld       x6, 0x8(x15)
#1896 0 0000000000000f12 000e1703 r 000000000000000e 0000000000001212  lh       x14, 0x0(x28)
#1897 0 0000000000000f16 00231f03 r 000000000000001e 000000000000041b  lh       x30, 0x2(x6)
#1898 0 0000000000000f1a 002e1883 r 0000000000000011 000000000000031a  lh       x17, 0x2(x28)
#1899 0 0000000000000f1e 01071e9b r 000000000000001d 0000000012120000  slliw    x29, x14, 0x10
#1900 0 0000000000000f22 010ede9b r 000000000000001d 0000000000001212  srliw    x29, x29, 0x10
#1901 0 0000000000000f26 008ede9b r 000000000000001d 0000000000000012  srliw    x29, x29, 0x8
#1902 0 0000000000000f2a f0077713 r 000000000000000e 0000000000001200  andi     x14, x14, -0x100
#1903 0 0000000000000f2e 01d76733 r 000000000000000e 0000000000001212  or       x14, x14, x29
#1904 0 0000000000000f32 00ee1023 m 0000000000010868 0000000000001212  sh       x14, 0x0(x28)
#1905 0 0000000000000f36 00031e83 r 000000000000001d 0000000000000909  lh       x29, 0x0(x6)
#1906 0 0000000000000f3a 41e888bb r 0000000000000011 fffffffffffffeff  subw     x17, x17, x30
#1907 0 0000000000000f3e 010e9e1b r 000000000000001c 0000000009090000  slliw    x28, x29, 0x10
#1908 0 0000000000000f42 010e5f1b r 000000000000001e 0000000000000909  srliw    x30, x28, 0x10
#1909 0 0000000000000f46 f00ef713 r 000000000000000e 0000000000000900  andi     x14, x29, -0x100
#1910 0 0000000000000f4a 008f5e9b r 000000000000001d 0000000000000009  srliw    x29, x30, 0x8
#1911 0 0000000000000f4e 01d76e33 r 000000000000001c 0000000000000909  or       x28, x14, x29
#1912 0 0000000000000f52 01c31023 m 0000000000010864 0000000000000909  sh       x28, 0x0(x6)
#1913 0 0000000000000f56 03105563 r 0000000000000000 0000000000000000  bge      x0, x17, . + 0x2a
#1914 0 0000000000000f80     832e r 0000000000000006 00000000000106a8  c.mv     x6, x11
#1915 0 0000000000000f82     367d r 000000000000000c 0000000000000000  c.addiw  x12, -0x1
#1916 0 0000000000000f84     618c r 000000000000000b 0000000000010698  c.ld     x11, 0x0(x11)
#1917 0 0000000000000f86     bfe9 r 0000000000000000 0000000000000000  c.j      . - 0x26
#1918 0 0000000000000f60 00080d63 r 0000000000000000 0000000000000000  beq      x16, x0, . + 0x1a
#1919 0 0000000000000f64 00683023 m 00000000000106b8 00000000000106a8  sd       x6, 0x0(x16)
#1920 0 0000000000000f68     881a r 0000000000000010 00000000000106a8  c.mv     x16, x6
#1921 0 0000000000000f6a     fe51 r 0000000000000000 0000000000000000  c.bnez   x12, . - 0x64
#1922 0 0000000000000f6c     ce91 r 0000000000000000 0000000000000000  c.beqz   x13, . + 0x1c
#1923 0 0000000000000f6e     c385 r 0000000000000000 0000000000000000  c.beqz   x15, . + 0x20
#1924 0 0000000000000f70     833e r 0000000000000006 0000000000010698  c.mv     x6, x15
#1925 0 0000000000000f72     36fd r 000000000000000d 0000000000000000  c.addiw  x13, -0x1
#1926 0 0000000000000f74     639c r 000000000000000f 0000000000010688  c.ld     x15, 0x0(x15)
#1927 0 0000000000000f76 fe0817e3 r 0000000000000000 0000000000000000  bne      x16, x0, . - 0x12
#1928 0 0000000000000f64 00683023 m 00000000000106a8 0000000000010698  sd       x6, 0x0(x16)
#1929 0 0000000000000f68     881a r 0000000000000010 0000000000010698  c.mv     x16, x6
#1930 0 0000000000000f6a     fe51 r 0000000000000000 0000000000000000  c.bnez   x12, . - 0x64
#1931 0 0000000000000f6c     ce91 r 0000000000000000 0000000000000000  c.beqz   x13, . + 0x1c
#1932 0 0000000000000f88     c399 r 0000000000000000 0000000000000000  c.beqz   x15, . + 0x6
#1933 0 0000000000000f8a     85be r 000000000000000b 0000000000010688  c.mv     x11, x15
#1934 0 0000000000000f8c     b729 r 0000000000000000 0000000000000000  c.j      . - 0xf6
#1935 0 0000000000000e96 007ffe13 r 000000000000001c 0000000000000001  andi     x28, x31, 0x7
#1936 0 0000000000000e9a     2285 r 0000000000000005 000000000000000f  c.addiw  x5, 0x1
#1937 0 0000000000000e9c     87ae r 000000000000000f 0000000000010688  c.mv     x15, x11
#1938 0 0000000000000e9e     4601 r 000000000000000c 0000000000000000  c.li     x12, 0x0
#1939 0 0000000000000ea0 040e0b63 r 0000000000000000 0000000000000000  beq      x28, x0, . + 0x56
#1940 0 0000000000000ea4     4f05 r 000000000000001e 0000000000000001  c.li     x30, 0x1
#1941 0 0000000000000ea6 05ee0363 r 0000000000000000 0000000000000000  beq      x28, x30, . + 0x46
#1942 0 0000000000000eec     639c r 000000000000000f 0000000000010678  c.ld     x15, 0x0(x15)
#1943 0 0000000000000eee     2605 r 000000000000000c 0000000000000001  c.addiw  x12, 0x1
#1944 0 0000000000000ef0     cb89 r 0000000000000000 0000000000000000  c.beqz   x15, . + 0x12
#1945 0 0000000000000ef2 01f60863 r 0000000000000000 0000000000000000  beq      x12, x31, . + 0x10
#1946 0 0000000000000f02     86fe r 000000000000000d 0000000000000001  c.mv     x13, x31
#1947 0 0000000000000f04     c625 r 0000000000000000 0000000000000000  c.beqz   x12, . + 0x68
#1948 0 0000000000000f06     cead r 0000000000000000 0000000000000000  c.beqz   x13, . + 0x7a
#1949 0 0000000000000f08     cfa5 r 0000000000000000 0000000000000000  c.beqz   x15, . + 0x78
#1950 0 0000000000000f0a 0085be03 r 000000000000001c 0000000000010860  ld       x28, 0x8(x11)
#1951 0 0000000000000f0e 0087b303 r 0000000000000006 000000000001085c  ld       x6, 0x8(x15)
#1952 0 0000000000000f12 000e1703 r 000000000000000e 0000000000000000  lh       x14, 0x0(x28)
#1953 0 0000000000000f16 00231f03 r 000000000000001e 0000000000007fff  lh       x30, 0x2(x6)
#1954 0 0000000000000f1a 002e1883 r 0000000000000011 000000000000051c  lh       x17, 0x2(x28)
#1955 0 0000000000000f1e 01071e9b r 000000000000001d 0000000000000000  slliw    x29, x14, 0x10
#1956 0 0000000000000f22 010ede9b r 000000000000001d 0000000000000000  srliw    x29, x29, 0x10
#1957 0 0000000000000f26 008ede9b r 000000000000001d 0000000000000000  srliw    x29, x29, 0x8
#1958 0 0000000000000f2a f0077713 r 000000000000000e 0000000000000000  andi     x14, x14, -0x100
#1959 0 0000000000000f2e 01d76733 r 000000000000000e 0000000000000000  or       x14, x14, x29
#1960 0 0000000000000f32 00ee1023 m 0000000000010860 0000000000000000  sh       x14, 0x0(x28)
#1961 0 0000000000000f36 00031e83 r 000000000000001d ffffffffffffffff  lh       x29, 0x0(x6)
#1962 0 0000000000000f3a 41e888bb r 0000000000000011 ffffffffffff851d  subw     x17, x17, x30
#1963 0 0000000000000f3e 010e9e1b r 000000000000001c ffffffffffff0000  slliw    x28, x29, 0x10
#1964 0 0000000000000f42 010e5f1b r 000000000000001e 000000000000ffff  srliw    x30, x28, 0x10
#1965 0 0000000000000f46 f00ef713 r 000000000000000e ffffffffffffff00  andi     x14, x29, -0x100
#1966 0 0000000000000f4a 008f5e9b r 000000000000001d 00000000000000ff  srliw    x29, x30, 0x8
#1967 0 0000000000000f4e 01d76e33 r 000000000000001c ffffffffffffffff  or       x28, x14, x29
#1968 0 0000000000000f52 01c31023 m 000000000001085c 000000000000ffff  sh       x28, 0x0(x6)
#1969 0 0000000000000f56 03105563 r 0000000000000000 0000000000000000  bge      x0, x17, . + 0x2a
#1970 0 0000000000000f80     832e r 0000000000000006 0000000000010688  c.mv     x6, x11
#1971 0 0000000000000f82     367d r 000000000000000c 0000000000000000  c.addiw  x12, -0x1
#1972 0 0000000000000f84     618c r 000000000000000b 0000000000010678  c.ld     x11, 0x0(x11)
#1973 0 0000000000000f86     bfe9 r 0000000000000000 0000000000000000  c.j      . - 0x26
#1974 0 0000000000000f60 00080d63 r 0000000000000000 0000000000000000  beq      x16, x0, . + 0x1a
#1975 0 0000000000000f64 00683023 m 0000000000010698 0000000000010688  sd       x6, 0x0(x16)
#1976 0 0000000000000f68     881a r 0000000000000010 0000000000010688  c.mv     x16, x6
#1977 0 0000000000000f6a     fe51 r 0000000000000000 0000000000000000  c.bnez   x12, . - 0x64
#1978 0 0000000000000f6c     ce91 r 0000000000000000 0000000000000000  c.beqz   x13, . + 0x1c
#1979 0 0000000000000f6e     c385 r 0000000000000000 0000000000000000  c.beqz   x15, . + 0x20
#1980 0 0000000000000f70     833e r 0000000000000006 0000000000010678  c.mv     x6, x15
#1981 0 0000000000000f72     36fd r 000000000000000d 0000000000000000  c.addiw  x13, -0x1
#1982 0 0000000000000f74     639c r 000000000000000f 0000000000000000  c.ld     x15, 0x0(x15)
#1983 0 0000000000000f76 fe0817e3 r 0000000000000000 0000000000000000  bne      x16, x0, . - 0x12
#1984 0 0000000000000f64 00683023 m 0000000000010688 0000000000010678  sd       x6, 0x0(x16)
#1985 0 0000000000000f68     881a r 0000000000000010 0000000000010678  c.mv     x16, x6
#1986 0 0000000000000f6a     fe51 r 0000000000000000 0000000000000000  c.bnez   x12, . - 0x64
#1987 0 0000000000000f6c     ce91 r 0000000000000000 0000000000000000  c.beqz   x13, . + 0x1c
#1988 0 0000000000000f88     c399 r 0000000000000000 0000000000000000  c.beqz   x15, . + 0x6
#1989 0 0000000000000f8e 00083023 m 0000000000010678 0000000000000000  sd       x0, 0x0(x16)
#1990 0 0000000000000f92 00728b63 r 0000000000000000 0000000000000000  beq      x5, x7, . + 0x16
#1991 0 0000000000000f96 001f9f9b r 000000000000001f 0000000000000002  slliw    x31, x31, 0x1
#1992 0 0000000000000f9a     c901 r 0000000000000000 0000000000000000  c.beqz   x10, . + 0x10
#1993 0 0000000000000f9c     87aa r 000000000000000f 0000000000010668  c.mv     x15, x10
#1994 0 0000000000000f9e     4281 r 0000000000000005 0000000000000000  c.li     x5, 0x0
#1995 0 0000000000000fa0     4801 r 0000000000000010 0000000000000000  c.li     x16, 0x0
#1996 0 0000000000000fa2     4501 r 000000000000000a 0000000000000000  c.li     x10, 0x0
#1997 0 0000000000000fa4     85be r 000000000000000b 0000000000010668  c.mv     x11, x15
#1998 0 0000000000000fa6     bdc5 r 0000000000000000 0000000000000000  c.j      . - 0x110
#1999 0 0000000000000e96 007ffe13 r 000000000000001c 0000000000000002  andi     x28, x31, 0x7
#2000 0 0000000000000e9a     2285 r 0000000000000005 0000000000000001  c.addiw  x5, 0x1
#2001 0 0000000000000e9c     87ae r 000000000000000f 0000000000010668  c.mv     x15, x11
#2002 0 0000000000000e9e     4601 r 000000000000000c 0000000000000000  c.li     x12, 0x0
#2003 0 0000000000000ea0 040e0b63 r 0000000000000000 0000000000000000  beq      x28, x0, . + 0x56
#2004 0 0000000000000ea4     4f05 r 000000000000001e 0000000000000001  c.li     x30, 0x1
#2005 0 0000000000000ea6 05ee0363 r 0000000000000000 0000000000000000  beq      x28, x30, . + 0x46
#2006 0 0000000000000eaa     4e89 r 000000000000001d 0000000000000002  c.li     x29, 0x2
#2007 0 0000000000000eac 03de0d63 r 0000000000000000 0000000000000000  beq      x28, x29, . + 0x3a
#2008 0 0000000000000ee6     639c r 000000000000000f 0000000000010838  c.ld     x15, 0x0(x15)
#2009 0 0000000000000ee8     2605 r 000000000000000c 0000000000000001  c.addiw  x12, 0x1
#2010 0 0000000000000eea     cf81 r 0000000000000000 0000000000000000  c.beqz   x15, . + 0x18
#2011 0 0000000000000eec     639c r 000000000000000f 0000000000010828  c.ld     x15, 0x0(x15)
#2012 0 0000000000000eee     2605 r 000000000000000c 0000000000000002  c.addiw  x12, 0x1
#2013 0 0000000000000ef0     cb89 r 0000000000000000 0000000000000000  c.beqz   x15, . + 0x12
#2014 0 0000000000000ef2 01f60863 r 0000000000000000 0000000000000000  beq      x12, x31, . + 0x10
#2015 0 0000000000000f02     86fe r 000000000000000d 0000000000000002  c.mv     x13, x31
#2016 0 0000000000000f04     c625 r 0000000000000000 0000000000000000  c.beqz   x12, . + 0x68
#2017 0 0000000000000f06     cead r 0000000000000000 0000000000000000  c.beqz   x13, . + 0x7a
#2018 0 0000000000000f08     cfa5 r 0000000000000000 0000000000000000  c.beqz   x15, . + 0x78
#2019 0 0000000000000f0a 0085be03 r 000000000000001c 0000000000010858  ld       x28, 0x8(x11)
#2020 0 0000000000000f0e 0087b303 r 0000000000000006 00000000000108c8  ld       x6, 0x8(x15)
#2021 0 0000000000000f12 000e1703 r 000000000000000e ffffffffffff8080  lh       x14, 0x0(x28)
#2022 0 0000000000000f16 00231f03 r 000000000000001e 0000000000000002  lh       x30, 0x2(x6)
#2023 0 0000000000000f1a 002e1883 r 0000000000000011 0000000000000000  lh       x17, 0x2(x28)
#2024 0 0000000000000f1e 01071e9b r 000000000000001d ffffffff80800000  slliw    x29, x14, 0x10
#2025 0 0000000000000f22 010ede9b r 000000000000001d 0000000000008080  srliw    x29, x29, 0x10
#2026 0 0000000000000f26 008ede9b r 000000000000001d 0000000000000080  srliw    x29, x29, 0x8
#2027 0 0000000000000f2a f0077713 r 000000000000000e ffffffffffff8000  andi     x14, x14, -0x100
#2028 0 0000000000000f2e 01d76733 r 000000000000000e ffffffffffff8080  or       x14, x14, x29
#2029 0 0000000000000f32 00ee1023 m 0000000000010858 0000000000008080  sh       x14, 0x0(x28)
#2030 0 0000000000000f36 00031e83 r 000000000000001d 0000000000005252  lh       x29, 0x0(x6)
#2031 0 0000000000000f3a 41e888bb r 0000000000000011 fffffffffffffffe  subw     x17, x17, x30
#2032 0 0000000000000f3e 010e9e1b r 000000000000001c 0000000052520000  slliw    x28, x29, 0x10
#2033 0 0000000000000f42 010e5f1b r 000000000000001e 0000000000005252  srliw    x30, x28, 0x10
#2034 0 0000000000000f46 f00ef713 r 000000000000000e 0000000000005200  andi     x14, x29, -0x100
#2035 0 0000000000000f4a 008f5e9b r 000000000000001d 0000000000000052  srliw    x29, x30, 0x8
#2036 0 0000000000000f4e 01d76e33 r 000000000000001c 0000000000005252  or       x28, x14, x29
#2037 0 0000000000000f52 01c31023 m 00000000000108c8 0000000000005252  sh       x28, 0x0(x6)
#2038 0 0000000000000f56 03105563 r 0000000000000000 0000000000000000  bge      x0, x17, . + 0x2a
#2039 0 0000000000000f80     832e r 0000000000000006 0000000000010668  c.mv     x6, x11
#2040 0 0000000000000f82     367d r 000000000000000c 0000000000000001  c.addiw  x12, -0x1
#2041 0 0000000000000f84     618c r 000000000000000b 0000000000010838  c.ld     x11, 0x0(x11)
#2042 0 0000000000000f86     bfe9 r 0000000000000000 0000000000000000  c.j      . - 0x26
#2043 0 0000000000000f60 00080d63 r 0000000000000000 0000000000000000  beq      x16, x0, . + 0x1a
#2044 0 0000000000000f7a     851a r 000000000000000a 0000000000010668  c.mv     x10, x6
#2045 0 0000000000000f7c     881a r 0000000000000010 0000000000010668  c.mv     x16, x6
#2046 0 0000000000000f7e     b7f5 r 0000000000000000 0000000000000000  c.j      . - 0x14
#2047 0 0000000000000f6a     fe51 r 0000000000000000 0000000000000000  c.bnez   x12, . - 0x64
#2048 0 0000000000000f06     cead r 0000000000000000 0000000000000000  c.beqz   x13, . + 0x7a
#2049 0 0000000000000f08     cfa5 r 0000000000000000 0000000000000000  c.beqz   x15, . + 0x78
#2050 0 0000000000000f0a 0085be03 r 000000000000001c 00000000000108cc  ld       x28, 0x8(x11)
#2051 0 0000000000000f0e 0087b303 r 0000000000000006 00000000000108c8  ld       x6, 0x8(x15)
#2052 0 0000000000000f12 000e1703 r 000000000000000e 0000000000005b5b  lh       x14, 0x0(x28)
#2053 0 0000000000000f16 00231f03 r 000000000000001e 0000000000000002  lh       x30, 0x2(x6)
#2054 0 0000000000000f1a 002e1883 r 0000000000000011 0000000000000001  lh       x17, 0x2(x28)
#2055 0 0000000000000f1e 01071e9b r 000000000000001d 000000005b5b0000  slliw    x29, x14, 0x10
#2056 0 0000000000000f22 010ede9b r 000000000000001d 0000000000005b5b  srliw    x29, x29, 0x10
#2057 0 0000000000000f26 008ede9b r 000000000000001d 000000000000005b  srliw    x29, x29, 0x8
#2058 0 0000000000000f2a f0077713 r 000000000000000e 0000000000005b00  andi     x14, x14, -0x100
#2059 0 0000000000000f2e 01d76733 r 000000000000000e 0000000000005b5b  or       x14, x14, x29
#2060 0 0000000000000f32 00ee1023 m 00000000000108cc 0000000000005b5b  sh       x14, 0x0(x28)
#2061 0 0000000000000f36 00031e83 r 000000000000001d 0000000000005252  lh       x29, 0x0(x6)
#2062 0 0000000000000f3a 41e888bb r 0000000000000011 ffffffffffffffff  subw     x17, x17, x30
#2063 0 0000000000000f3e 010e9e1b r 000000000000001c 0000000052520000  slliw    x28, x29, 0x10
#2064 0 0000000000000f42 010e5f1b r 000000000000001e 0000000000005252  srliw    x30, x28, 0x10
#2065 0 0000000000000f46 f00ef713 r 000000000000000e 0000000000005200  andi     x14, x29, -0x100
#2066 0 0000000000000f4a 008f5e9b r 000000000000001d 0000000000000052  srliw    x29, x30, 0x8
#2067 0 0000000000000f4e 01d76e33 r 000000000000001c 0000000000005252  or       x28, x14, x29
#2068 0 0000000000000f52 01c31023 m 00000000000108c8 0000000000005252  sh       x28, 0x0(x6)
#2069 0 0000000000000f56 03105563 r 0000000000000000 0000000000000000  bge      x0, x17, . + 0x2a
#2070 0 0000000000000f80     832e r 0000000000000006 0000000000010838  c.mv     x6, x11
#2071 0 0000000000000f82     367d r 000000000000000c 0000000000000000  c.addiw  x12, -0x1
#2072 0 0000000000000f84     618c r 000000000000000b 0000000000010828  c.ld     x11, 0x0(x11)
#2073 0 0000000000000f86     bfe9 r 0000000000000000 0000000000000000  c.j      . - 0x26
#2074 0 0000000000000f60 00080d63 r 0000000000000000 0000000000000000  beq      x16, x0, . + 0x1a
#2075 0 0000000000000f64 00683023 m 0000000000010668 0000000000010838  sd       x6, 0x0(x16)
#2076 0 0000000000000f68     881a r 0000000000000010 0000000000010838  c.mv     x16, x6
#2077 0 0000000000000f6a     fe51 r 0000000000000000 0000000000000000  c.bnez   x12, . - 0x64
#2078 0 0000000000000f6c     ce91 r 0000000000000000 0000000000000000  c.beqz   x13, . + 0x1c
#2079 0 0000000000000f6e     c385 r 0000000000000000 0000000000000000  c.beqz   x15, . + 0x20
#2080 0 0000000000000f70     833e r 0000000000000006 0000000000010828  c.mv     x6, x15
#2081 0 0000000000000f72     36fd r 000000000000000d 0000000000000001  c.addiw  x13, -0x1
#2082 0 0000000000000f74     639c r 000000000000000f 0000000000010818  c.ld     x15, 0x0(x15)
#2083 0 0000000000000f76 fe0817e3 r 0000000000000000 0000000000000000  bne      x16, x0, . - 0x12
#2084 0 0000000000000f64 00683023 m 0000000000010838 0000000000010828  sd       x6, 0x0(x16)
#2085 0 0000000000000f68     881a r 0000000000000010 0000000000010828  c.mv     x16, x6
#2086 0 0000000000000f6a     fe51 r 0000000000000000 0000000000000000  c.bnez   x12, . - 0x64
#2087 0 0000000000000f6c     ce91 r 0000000000000000 0000000000000000  c.beqz   x13, . + 0x1c
#2088 0 0000000000000f6e     c385 r 0000000000000000 0000000000000000  c.beqz   x15, . + 0x20
#2089 0 0000000000000f70     833e r 0000000000000006 0000000000010818  c.mv     x6, x15
#2090 0 0000000000000f72     36fd r 000000000000000d 0000000000000000  c.addiw  x13, -0x1
#2091 0 0000000000000f74     639c r 000000000000000f 0000000000010808  c.ld     x15, 0x0(x15)
#2092 0 0000000000000f76 fe0817e3 r 0000000000000000 0000000000000000  bne      x16, x0, . - 0x12
#2093 0 0000000000000f64 00683023 m 0000000000010828 0000000000010818  sd       x6, 0x0(x16)
#2094 0 0000000000000f68     881a r 0000000000000010 0000000000010818  c.mv     x16, x6
#2095 0 0000000000000f6a     fe51 r 0000000000000000 0000000000000000  c.bnez   x12, . - 0x64
#2096 0 0000000000000f6c     ce91 r 0000000000000000 0000000000000000  c.beqz   x13, . + 0x1c
#2097 0 0000000000000f88     c399 r 0000000000000000 0000000000000000  c.beqz   x15, . + 0x6
#2098 0 0000000000000f8a     85be r 000000000000000b 0000000000010808  c.mv     x11, x15
#2099 0 0000000000000f8c     b729 r 0000000000000000 0000000000000000  c.j      . - 0xf6
#2100 0 0000000000000e96 007ffe13 r 000000000000001c 0000000000000002  andi     x28, x31, 0x7
#2101 0 0000000000000e9a     2285 r 0000000000000005 0000000000000002  c.addiw  x5, 0x1
#2102 0 0000000000000e9c     87ae r 000000000000000f 0000000000010808  c.mv     x15, x11
#2103 0 0000000000000e9e     4601 r 000000000000000c 0000000000000000  c.li     x12, 0x0
#2104 0 0000000000000ea0 040e0b63 r 0000000000000000 0000000000000000  beq      x28, x0, . + 0x56
#2105 0 0000000000000ea4     4f05 r 000000000000001e 0000000000000001  c.li     x30, 0x1
#2106 0 0000000000000ea6 05ee0363 r 0000000000000000 0000000000000000  beq      x28, x30, . + 0x46
#2107 0 0000000000000eaa     4e89 r 000000000000001d 0000000000000002  c.li     x29, 0x2
#2108 0 0000000000000eac 03de0d63 r 0000000000000000 0000000000000000  beq      x28, x29, . + 0x3a
#2109 0 0000000000000ee6     639c r 000000000000000f 00000000000107f8  c.ld     x15, 0x0(x15)
#2110 0 0000000000000ee8     2605 r 000000000000000c 0000000000000001  c.addiw  x12, 0x1
#2111 0 0000000000000eea     cf81 r 0000000000000000 0000000000000000  c.beqz   x15, . + 0x18
#2112 0 0000000000000eec     639c r 000000000000000f 00000000000107d8  c.ld     x15, 0x0(x15)
#2113 0 0000000000000eee     2605 r 000000000000000c 0000000000000002  c.addiw  x12, 0x1
#2114 0 0000000000000ef0     cb89 r 0000000000000000 0000000000000000  c.beqz   x15, . + 0x12
#2115 0 0000000000000ef2 01f60863 r 0000000000000000 0000000000000000  beq      x12, x31, . + 0x10
#2116 0 0000000000000f02     86fe r 000000000000000d 0000000000000002  c.mv     x13, x31
#2117 0 0000000000000f04     c625 r 0000000000000000 0000000000000000  c.beqz   x12, . + 0x68
#2118 0 0000000000000f06     cead r 0000000000000000 0000000000000000  c.beqz   x13, . + 0x7a
#2119 0 0000000000000f08     cfa5 r 0000000000000000 0000000000000000  c.beqz   x15, . + 0x78
#2120 0 0000000000000f0a 0085be03 r 000000000000001c 00000000000108c0  ld       x28, 0x8(x11)
#2121 0 0000000000000f0e 0087b303 r 0000000000000006 00000000000108b4  ld       x6, 0x8(x15)
#2122 0 0000000000000f12 000e1703 r 000000000000000e 0000000000004040  lh       x14, 0x0(x28)
#2123 0 0000000000000f16 00231f03 r 000000000000001e 0000000000000007  lh       x30, 0x2(x6)
#2124 0 0000000000000f1a 002e1883 r 0000000000000011 0000000000000004  lh       x17, 0x2(x28)
#2125 0 0000000000000f1e 01071e9b r 000000000000001d 0000000040400000  slliw    x29, x14, 0x10
#2126 0 0000000000000f22 010ede9b r 000000000000001d 0000000000004040  srliw    x29, x29, 0x10
#2127 0 0000000000000f26 008ede9b r 000000000000001d 0000000000000040  srliw    x29, x29, 0x8
#2128 0 0000000000000f2a f0077713 r 000000000000000e 0000000000004000  andi     x14, x14, -0x100
#2129 0 0000000000000f2e 01d76733 r 000000000000000e 0000000000004040  or       x14, x14, x29
#2130 0 0000000000000f32 00ee1023 m 00000000000108c0 0000000000004040  sh       x14, 0x0(x28)
#2131 0 0000000000000f36 00031e83 r 000000000000001d 0000000000002d2d  lh       x29, 0x0(x6)
#2132 0 0000000000000f3a 41e888bb r 0000000000000011 fffffffffffffffd  subw     x17, x17, x30
#2133 0 0000000000000f3e 010e9e1b r 000000000000001c 000000002d2d0000  slliw    x28, x29, 0x10
#2134 0 0000000000000f42 010e5f1b r 000000000000001e 0000000000002d2d  srliw    x30, x28, 0x10
#2135 0 0000000000000f46 f00ef713 r 000000000000000e 0000000000002d00  andi     x14, x29, -0x100
#2136 0 0000000000000f4a 008f5e9b r 000000000000001d 000000000000002d  srliw    x29, x30, 0x8
#2137 0 0000000000000f4e 01d76e33 r 000000000000001c 0000000000002d2d  or       x28, x14, x29
#2138 0 0000000000000f52 01c31023 m 00000000000108b4 0000000000002d2d  sh       x28, 0x0(x6)
#2139 0 0000000000000f56 03105563 r 0000000000000000 0000000000000000  bge      x0, x17, . + 0x2a
#2140 0 0000000000000f80     832e r 0000000000000006 0000000000010808  c.mv     x6, x11
#2141 0 0000000000000f82     367d r 000000000000000c 0000000000000001  c.addiw  x12, -0x1
#2142 0 0000000000000f84     618c r 000000000000000b 00000000000107f8  c.ld     x11, 0x0(x11)
#2143 0 0000000000000f86     bfe9 r 0000000000000000 0000000000000000  c.j      . - 0x26
#2144 0 0000000000000f60 00080d63 r 0000000000000000 0000000000000000  beq      x16, x0, . + 0x1a
#2145 0 0000000000000f64 00683023 m 0000000000010818 0000000000010808  sd       x6, 0x0(x16)
#2146 0 0000000000000f68     881a r 0000000000000010 0000000000010808  c.mv     x16, x6
#2147 0 0000000000000f6a     fe51 r 0000000000000000 0000000000000000  c.bnez   x12, . - 0x64
#2148 0 0000000000000f06     cead r 0000000000000000 0000000000000000  c.beqz   x13, . + 0x7a
#2149 0 0000000000000f08     cfa5 r 0000000000000000 0000000000000000  c.beqz   x15, . + 0x78
#2150 0 0000000000000f0a 0085be03 r 000000000000001c 00000000000108bc  ld       x28, 0x8(x11)
#2151 0 0000000000000f0e 0087b303 r 0000000000000006 00000000000108b4  ld       x6, 0x8(x15)
#2152 0 0000000000000f12 000e1703 r 000000000000000e 0000000000003f3f  lh       x14, 0x0(x28)
#2153 0 0000000000000f16 00231f03 r 000000000000001e 0000000000000007  lh       x30, 0x2(x6)
#2154 0 0000000000000f1a 002e1883 r 0000000000000011 0000000000000005  lh       x17, 0x2(x28)
#2155 0 0000000000000f1e 01071e9b r 000000000000001d 000000003f3f0000  slliw    x29, x14, 0x10
#2156 0 0000000000000f22 010ede9b r 000000000000001d 0000000000003f3f  srliw    x29, x29, 0x10
#2157 0 0000000000000f26 008ede9b r 000000000000001d 000000000000003f  srliw    x29, x29, 0x8
#2158 0 0000000000000f2a f0077713 r 000000000000000e 0000000000003f00  andi     x14, x14, -0x100
#2159 0 0000000000000f2e 01d76733 r 000000000000000e 0000000000003f3f  or       x14, x14, x29
#2160 0 0000000000000f32 00ee1023 m 00000000000108bc 0000000000003f3f  sh       x14, 0x0(x28)
#2161 0 0000000000000f36 00031e83 r 000000000000001d 0000000000002d2d  lh       x29, 0x0(x6)
#2162 0 0000000000000f3a 41e888bb r 0000000000000011 fffffffffffffffe  subw     x17, x17, x30
#2163 0 0000000000000f3e 010e9e1b r 000000000000001c 000000002d2d0000  slliw    x28, x29, 0x10
#2164 0 0000000000000f42 010e5f1b r 000000000000001e 0000000000002d2d  srliw    x30, x28, 0x10
#2165 0 0000000000000f46 f00ef713 r 000000000000000e 0000000000002d00  andi     x14, x29, -0x100
#2166 0 0000000000000f4a 008f5e9b r 000000000000001d 000000000000002d  srliw    x29, x30, 0x8
#2167 0 0000000000000f4e 01d76e33 r 000000000000001c 0000000000002d2d  or       x28, x14, x29
#2168 0 0000000000000f52 01c31023 m 00000000000108b4 0000000000002d2d  sh       x28, 0x0(x6)
#2169 0 0000000000000f56 03105563 r 0000000000000000 0000000000000000  bge      x0, x17, . + 0x2a
#2170 0 0000000000000f80     832e r 0000000000000006 00000000000107f8  c.mv     x6, x11
#2171 0 0000000000000f82     367d r 000000000000000c 0000000000000000  c.addiw  x12, -0x1
#2172 0 0000000000000f84     618c r 000000000000000b 00000000000107d8  c.ld     x11, 0x0(x11)
#2173 0 0000000000000f86     bfe9 r 0000000000000000 0000000000000000  c.j      . - 0x26
#2174 0 0000000000000f60 00080d63 r 0000000000000000 0000000000000000  beq      x16, x0, . + 0x1a
#2175 0 0000000000000f64 00683023 m 0000000000010808 00000000000107f8  sd       x6, 0x0(x16)
#2176 0 0000000000000f68     881a r 0000000000000010 00000000000107f8  c.mv     x16, x6
#2177 0 0000000000000f6a     fe51 r 0000000000000000 0000000000000000  c.bnez   x12, . - 0x64
#2178 0 0000000000000f6c     ce91 r 0000000000000000 0000000000000000  c.beqz   x13, . + 0x1c
#2179 0 0000000000000f6e     c385 r 0000000000000000 0000000000000000  c.beqz   x15, . + 0x20
#2180 0 0000000000000f70     833e r 0000000000000006 00000000000107d8  c.mv     x6, x15
#2181 0 0000000000000f72     36fd r 000000000000000d 0000000000000001  c.addiw  x13, -0x1
#2182 0 0000000000000f74     639c r 000000000000000f 00000000000107e8  c.ld     x15, 0x0(x15)
#2183 0 0000000000000f76 fe0817e3 r 0000000000000000 0000000000000000  bne      x16, x0, . - 0x12
#2184 0 0000000000000f64 00683023 m 00000000000107f8 00000000000107d8  sd       x6, 0x0(x16)
#2185 0 0000000000000f68     881a r 0000000000000010 00000000000107d8  c.mv     x16, x6
#2186 0 0000000000000f6a     fe51 r 0000000000000000 0000000000000000  c.bnez   x12, . - 0x64
#2187 0 0000000000000f6c     ce91 r 0000000000000000 0000000000000000  c.beqz   x13, . + 0x1c
#2188 0 0000000000000f6e     c385 r 0000000000000000 0000000000000000  c.beqz   x15, . + 0x20
#2189 0 0000000000000f70     833e r 0000000000000006 00000000000107e8  c.mv     x6, x15
#2190 0 0000000000000f72     36fd r 000000000000000d 0000000000000000  c.addiw  x13, -0x1
#2191 0 0000000000000f74     639c r 000000000000000f 00000000000107c8  c.ld     x15, 0x0(x15)
#2192 0 0000000000000f76 fe0817e3 r 0000000000000000 0000000000000000  bne      x16, x0, . - 0x12
#2193 0 0000000000000f64 00683023 m 00000000000107d8 00000000000107e8  sd       x6, 0x0(x16)
#2194 0 0000000000000f68     881a r 0000000000000010 00000000000107e8  c.mv     x16, x6
#2195 0 0000000000000f6a     fe51 r 0000000000000000 0000000000000000  c.bnez   x12, . - 0x64
#2196 0 0000000000000f6c     ce91 r 0000000000000000 0000000000000000  c.beqz   x13, . + 0x1c
#2197 0 0000000000000f88     c399 r 0000000000000000 0000000000000000  c.beqz   x15, . + 0x6
#2198 0 0000000000000f8a     85be r 000000000000000b 00000000000107c8  c.mv     x11, x15
#2199 0 0000000000000f8c     b729 r 0000000000000000 0000000000000000  c.j      . - 0xf6
#2200 0 0000000000000e96 007ffe13 r 000000000000001c 0000000000000002  andi     x28, x31, 0x7
#2201 0 0000000000000e9a     2285 r 0000000000000005 0000000000000003  c.addiw  x5, 0x1
#2202 0 0000000000000e9c     87ae r 000000000000000f 00000000000107c8  c.mv     x15, x11
#2203 0 0000000000000e9e     4601 r 000000000000000c 0000000000000000  c.li     x12, 0x0
#2204 0 0000000000000ea0 040e0b63 r 0000000000000000 0000000000000000  beq      x28, x0, . + 0x56
#2205 0 0000000000000ea4     4f05 r 000000000000001e 0000000000000001  c.li     x30, 0x1
#2206 0 0000000000000ea6 05ee0363 r 0000000000000000 0000000000000000  beq      x28, x30, . + 0x46
#2207 0 0000000000000eaa     4e89 r 000000000000001d 0000000000000002  c.li     x29, 0x2
#2208 0 0000000000000eac 03de0d63 r 0000000000000000 0000000000000000  beq      x28, x29, . + 0x3a
#2209 0 0000000000000ee6     639c r 000000000000000f 00000000000107b8  c.ld     x15, 0x0(x15)
#2210 0 0000000000000ee8     2605 r 000000000000000c 0000000000000001  c.addiw  x12, 0x1
#2211 0 0000000000000eea     cf81 r 0000000000000000 0000000000000000  c.beqz   x15, . + 0x18
#2212 0 0000000000000eec     639c r 000000000000000f 00000000000107a8  c.ld     x15, 0x0(x15)
#2213 0 0000000000000eee     2605 r 000000000000000c 0000000000000002  c.addiw  x12, 0x1
#2214 0 0000000000000ef0     cb89 r 0000000000000000 0000000000000000  c.beqz   x15, . + 0x12
#2215 0 0000000000000ef2 01f60863 r 0000000000000000 0000000000000000  beq      x12, x31, . + 0x10
#2216 0 0000000000000f02     86fe r 000000000000000d 0000000000000002  c.mv     x13, x31
#2217 0 0000000000000f04     c625 r 0000000000000000 0000000000000000  c.beqz   x12, . + 0x68
#2218 0 0000000000000f06     cead r 0000000000000000 0000000000000000  c.beqz   x13, . + 0x7a
#2219 0 0000000000000f08     cfa5 r 0000000000000000 0000000000000000  c.beqz   x15, . + 0x78
#2220 0 0000000000000f0a 0085be03 r 000000000000001c 00000000000108b0  ld       x28, 0x8(x11)
#2221 0 0000000000000f0e 0087b303 r 0000000000000006 00000000000108a8  ld       x6, 0x8(x15)
#2222 0 0000000000000f12 000e1703 r 000000000000000e 0000000000002424  lh       x14, 0x0(x28)
#2223 0 0000000000000f16 00231f03 r 000000000000001e 000000000000030a  lh       x30, 0x2(x6)
#2224 0 0000000000000f1a 002e1883 r 0000000000000011 0000000000000108  lh       x17, 0x2(x28)
#2225 0 0000000000000f1e 01071e9b r 000000000000001d 0000000024240000  slliw    x29, x14, 0x10
#2226 0 0000000000000f22 010ede9b r 000000000000001d 0000000000002424  srliw    x29, x29, 0x10
#2227 0 0000000000000f26 008ede9b r 000000000000001d 0000000000000024  srliw    x29, x29, 0x8
#2228 0 0000000000000f2a f0077713 r 000000000000000e 0000000000002400  andi     x14, x14, -0x100
#2229 0 0000000000000f2e 01d76733 r 000000000000000e 0000000000002424  or       x14, x14, x29
#2230 0 0000000000000f32 00ee1023 m 00000000000108b0 0000000000002424  sh       x14, 0x0(x28)
#2231 0 0000000000000f36 00031e83 r 000000000000001d 0000000000001212  lh       x29, 0x0(x6)
#2232 0 0000000000000f3a 41e888bb r 0000000000000011 fffffffffffffdfe  subw     x17, x17, x30
#2233 0 0000000000000f3e 010e9e1b r 000000000000001c 0000000012120000  slliw    x28, x29, 0x10
#2234 0 0000000000000f42 010e5f1b r 000000000000001e 0000000000001212  srliw    x30, x28, 0x10
#2235 0 0000000000000f46 f00ef713 r 000000000000000e 0000000000001200  andi     x14, x29, -0x100
#2236 0 0000000000000f4a 008f5e9b r 000000000000001d 0000000000000012  srliw    x29, x30, 0x8
#2237 0 0000000000000f4e 01d76e33 r 000000000000001c 0000000000001212  or       x28, x14, x29
#2238 0 0000000000000f52 01c31023 m 00000000000108a8 0000000000001212  sh       x28, 0x0(x6)
#2239 0 0000000000000f56 03105563 r 0000000000000000 0000000000000000  bge      x0, x17, . + 0x2a
#2240 0 0000000000000f80     832e r 0000000000000006 00000000000107c8  c.mv     x6, x11
#2241 0 0000000000000f82     367d r 000000000000000c 0000000000000001  c.addiw  x12, -0x1
#2242 0 0000000000000f84     618c r 000000000000000b 00000000000107b8  c.ld     x11, 0x0(x11)
#2243 0 0000000000000f86     bfe9 r 0000000000000000 0000000000000000  c.j      . - 0x26
#2244 0 0000000000000f60 00080d63 r 0000000000000000 0000000000000000  beq      x16, x0, . + 0x1a
#2245 0 0000000000000f64 00683023 m 00000000000107e8 00000000000107c8  sd       x6, 0x0(x16)
#2246 0 0000000000000f68     881a r 0000000000000010 00000000000107c8  c.mv     x16, x6
#2247 0 0000000000000f6a     fe51 r 0000000000000000 0000000000000000  c.bnez   x12, . - 0x64
#2248 0 0000000000000f06     cead r 0000000000000000 0000000000000000  c.beqz   x13, . + 0x7a
#2249 0 0000000000000f08     cfa5 r 0000000000000000 0000000000000000  c.beqz   x15, . + 0x78
#2250 0 0000000000000f0a 0085be03 r 000000000000001c 00000000000108ac  ld       x28, 0x8(x11)
#2251 0 0000000000000f0e 0087b303 r 0000000000000006 00000000000108a8  ld       x6, 0x8(x15)
#2252 0 0000000000000f12 000e1703 r 000000000000000e 0000000000001b1b  lh       x14, 0x0(x28)
#2253 0 0000000000000f16 00231f03 r 000000000000001e 000000000000030a  lh       x30, 0x2(x6)
#2254 0 0000000000000f1a 002e1883 r 0000000000000011 0000000000000209  lh       x17, 0x2(x28)
#2255 0 0000000000000f1e 01071e9b r 000000000000001d 000000001b1b0000  slliw    x29, x14, 0x10
#2256 0 0000000000000f22 010ede9b r 000000000000001d 0000000000001b1b  srliw    x29, x29, 0x10
#2257 0 0000000000000f26 008ede9b r 000000000000001d 000000000000001b  srliw    x29, x29, 0x8
#2258 0 0000000000000f2a f0077713 r 000000000000000e 0000000000001b00  andi     x14, x14, -0x100
#2259 0 0000000000000f2e 01d76733 r 000000000000000e 0000000000001b1b  or       x14, x14, x29
#2260 0 0000000000000f32 00ee1023 m 00000000000108ac 0000000000001b1b  sh       x14, 0x0(x28)
#2261 0 0000000000000f36 00031e83 r 000000000000001d 0000000000001212  lh       x29, 0x0(x6)
#2262 0 0000000000000f3a 41e888bb r 0000000000000011 fffffffffffffeff  subw     x17, x17, x30
#2263 0 0000000000000f3e 010e9e1b r 000000000000001c 0000000012120000  slliw    x28, x29, 0x10
#2264 0 0000000000000f42 010e5f1b r 000000000000001e 0000000000001212  srliw    x30, x28, 0x10
#2265 0 0000000000000f46 f00ef713 r 000000000000000e 0000000000001200  andi     x14, x29, -0x100
#2266 0 0000000000000f4a 008f5e9b r 000000000000001d 0000000000000012  srliw    x29, x30, 0x8
#2267 0 0000000000000f4e 01d76e33 r 000000000000001c 0000000000001212  or       x28, x14, x29
#2268 0 0000000000000f52 01c31023 m 00000000000108a8 0000000000001212  sh       x28, 0x0(x6)
#2269 0 0000000000000f56 03105563 r 0000000000000000 0000000000000000  bge      x0, x17, . + 0x2a
#2270 0 0000000000000f80     832e r 0000000000000006 00000000000107b8  c.mv     x6, x11
#2271 0 0000000000000f82     367d r 000000000000000c 0000000000000000  c.addiw  x12, -0x1
#2272 0 0000000000000f84     618c r 000000000000000b 00000000000107a8  c.ld     x11, 0x0(x11)
#2273 0 0000000000000f86     bfe9 r 0000000000000000 0000000000000000  c.j      . - 0x26
#2274 0 0000000000000f60 00080d63 r 0000000000000000 0000000000000000  beq      x16, x0, . + 0x1a
#2275 0 0000000000000f64 00683023 m 00000000000107c8 00000000000107b8  sd       x6, 0x0(x16)
#2276 0 0000000000000f68     881a r 0000000000000010 00000000000107b8  c.mv     x16, x6
#2277 0 0000000000000f6a     fe51 r 0000000000000000 0000000000000000  c.bnez   x12, . - 0x64
#2278 0 0000000000000f6c     ce91 r 0000000000000000 0000000000000000  c.beqz   x13, . + 0x1c
#2279 0 0000000000000f6e     c385 r 0000000000000000 0000000000000000  c.beqz   x15, . + 0x20
#2280 0 0000000000000f70     833e r 0000000000000006 00000000000107a8  c.mv     x6, x15
#2281 0 0000000000000f72     36fd r 000000000000000d 0000000000000001  c.addiw  x13, -0x1
#2282 0 0000000000000f74     639c r 000000000000000f 0000000000010798  c.ld     x15, 0x0(x15)
#2283 0 0000000000000f76 fe0817e3 r 0000000000000000 0000000000000000  bne      x16, x0, . - 0x12
#2284 0 0000000000000f64 00683023 m 00000000000107b8 00000000000107a8  sd       x6, 0x0(x16)
#2285 0 0000000000000f68     881a r 0000000000000010 00000000000107a8  c.mv     x16, x6
#2286 0 0000000000000f6a     fe51 r 0000000000000000 0000000000000000  c.bnez   x12, . - 0x64
#2287 0 0000000000000f6c     ce91 r 0000000000000000 0000000000000000  c.beqz   x13, . + 0x1c
#2288 0 0000000000000f6e     c385 r 0000000000000000 0000000000000000  c.beqz   x15, . + 0x20
#2289 0 0000000000000f70     833e r 0000000000000006 0000000000010798  c.mv     x6, x15
#2290 0 0000000000000f72     36fd r 000000000000000d 0000000000000000  c.addiw  x13, -0x1
#2291 0 0000000000000f74     639c r 000000000000000f 0000000000010788  c.ld     x15, 0x0(x15)
#2292 0 0000000000000f76 fe0817e3 r 0000000000000000 0000000000000000  bne      x16, x0, . - 0x12
#2293 0 0000000000000f64 00683023 m 00000000000107a8 0000000000010798  sd       x6, 0x0(x16)
#2294 0 0000000000000f68     881a r 0000000000000010 0000000000010798  c.mv     x16, x6
#2295 0 0000000000000f6a     fe51 r 0000000000000000 0000000000000000  c.bnez   x12, . - 0x64
#2296 0 0000000000000f6c     ce91 r 0000000000000000 0000000000000000  c.beqz   x13, . + 0x1c
#2297 0 0000000000000f88     c399 r 0000000000000000 0000000000000000  c.beqz   x15, . + 0x6
#2298 0 0000000000000f8a     85be r 000000000000000b 0000000000010788  c.mv     x11, x15
#2299 0 0000000000000f8c     b729 r 0000000000000000 0000000000000000  c.j      . - 0xf6
#2300 0 0000000000000e96 007ffe13 r 000000000000001c 0000000000000002  andi     x28, x31, 0x7
#2301 0 0000000000000e9a     2285 r 0000000000000005 0000000000000004  c.addiw  x5, 0x1
#2302 0 0000000000000e9c     87ae r 000000000000000f 0000000000010788  c.mv     x15, x11
#2303 0 0000000000000e9e     4601 r 000000000000000c 0000000000000000  c.li     x12, 0x0
#2304 0 0000000000000ea0 040e0b63 r 0000000000000000 0000000000000000  beq      x28, x0, . + 0x56
#2305 0 0000000000000ea4     4f05 r 000000000000001e 0000000000000001  c.li     x30, 0x1
#2306 0 0000000000000ea6 05ee0363 r 0000000000000000 0000000000000000  beq      x28, x30, . + 0x46
#2307 0 0000000000000eaa     4e89 r 000000000000001d 0000000000000002  c.li     x29, 0x2
#2308 0 0000000000000eac 03de0d63 r 0000000000000000 0000000000000000  beq      x28, x29, . + 0x3a
#2309 0 0000000000000ee6     639c r 000000000000000f 0000000000010778  c.ld     x15, 0x0(x15)
#2310 0 0000000000000ee8     2605 r 000000000000000c 0000000000000001  c.addiw  x12, 0x1
#2311 0 0000000000000eea     cf81 r 0000000000000000 0000000000000000  c.beqz   x15, . + 0x18
#2312 0 0000000000000eec     639c r 000000000000000f 0000000000010758  c.ld     x15, 0x0(x15)
#2313 0 0000000000000eee     2605 r 000000000000000c 0000000000000002  c.addiw  x12, 0x1
#2314 0 0000000000000ef0     cb89 r 0000000000000000 0000000000000000  c.beqz   x15, . + 0x12
#2315 0 0000000000000ef2 01f60863 r 0000000000000000 0000000000000000  beq      x12, x31, . + 0x10
#2316 0 0000000000000f02     86fe r 000000000000000d 0000000000000002  c.mv     x13, x31
#2317 0 0000000000000f04     c625 r 0000000000000000 0000000000000000  c.beqz   x12, . + 0x68
#2318 0 0000000000000f06     cead r 0000000000000000 0000000000000000  c.beqz   x13, . + 0x7a
#2319 0 0000000000000f08     cfa5 r 0000000000000000 0000000000000000  c.beqz   x15, . + 0x78
#2320 0 0000000000000f0a 0085be03 r 000000000000001c 00000000000108a0  ld       x28, 0x8(x11)
#2321 0 0000000000000f0e 0087b303 r 0000000000000006 0000000000010894  ld       x6, 0x8(x15)
#2322 0 0000000000000f12 000e1703 r 000000000000000e 0000000000000000  lh       x14, 0x0(x28)
#2323 0 0000000000000f16 00231f03 r 000000000000001e 000000000000000f  lh       x30, 0x2(x6)
#2324 0 0000000000000f1a 002e1883 r 0000000000000011 000000000000050c  lh       x17, 0x2(x28)
#2325 0 0000000000000f1e 01071e9b r 000000000000001d 0000000000000000  slliw    x29, x14, 0x10
#2326 0 0000000000000f22 010ede9b r 000000000000001d 0000000000000000  srliw    x29, x29, 0x10
#2327 0 0000000000000f26 008ede9b r 000000000000001d 0000000000000000  srliw    x29, x29, 0x8
#2328 0 0000000000000f2a f0077713 r 000000000000000e 0000000000000000  andi     x14, x14, -0x100
#2329 0 0000000000000f2e 01d76733 r 000000000000000e 0000000000000000  or       x14, x14, x29
#2330 0 0000000000000f32 00ee1023 m 00000000000108a0 0000000000000000  sh       x14, 0x0(x28)
#2331 0 0000000000000f36 00031e83 r 000000000000001d 0000000000006d6d  lh       x29, 0x0(x6)
#2332 0 0000000000000f3a 41e888bb r 0000000000000011 00000000000004fd  subw     x17, x17, x30
#2333 0 0000000000000f3e 010e9e1b r 000000000000001c 000000006d6d0000  slliw    x28, x29, 0x10
#2334 0 0000000000000f42 010e5f1b r 000000000000001e 0000000000006d6d  srliw    x30, x28, 0x10
#2335 0 0000000000000f46 f00ef713 r 000000000000000e 0000000000006d00  andi     x14, x29, -0x100
#2336 0 0000000000000f4a 008f5e9b r 000000000000001d 000000000000006d  srliw    x29, x30, 0x8
#2337 0 0000000000000f4e 01d76e33 r 000000000000001c 0000000000006d6d  or       x28, x14, x29
#2338 0 0000000000000f52 01c31023 m 0000000000010894 0000000000006d6d  sh       x28, 0x0(x6)
#2339 0 0000000000000f56 03105563 r 0000000000000000 0000000000000000  bge      x0, x17, . + 0x2a
#2340 0 0000000000000f5a     833e r 0000000000000006 0000000000010758  c.mv     x6, x15
#2341 0 0000000000000f5c     639c r 000000000000000f 0000000000010768  c.ld     x15, 0x0(x15)
#2342 0 0000000000000f5e     36fd r 000000000000000d 0000000000000001  c.addiw  x13, -0x1
#2343 0 0000000000000f60 00080d63 r 0000000000000000 0000000000000000  beq      x16, x0, . + 0x1a
#2344 0 0000000000000f64 00683023 m 0000000000010798 0000000000010758  sd       x6, 0x0(x16)
#2345 0 0000000000000f68     881a r 0000000000000010 0000000000010758  c.mv     x16, x6
#2346 0 0000000000000f6a     fe51 r 0000000000000000 0000000000000000  c.bnez   x12, . - 0x64
#2347 0 0000000000000f06     cead r 0000000000000000 0000000000000000  c.beqz   x13, . + 0x7a
#2348 0 0000000000000f08     cfa5 r 0000000000000000 0000000000000000  c.beqz   x15, . + 0x78
#2349 0 0000000000000f0a 0085be03 r 000000000000001c 00000000000108a0  ld       x28, 0x8(x11)
#2350 0 0000000000000f0e 0087b303 r 0000000000000006 0000000000010898  ld       x6, 0x8(x15)
#2351 0 0000000000000f12 000e1703 r 000000000000000e 0000000000000000  lh       x14, 0x0(x28)
#2352 0 0000000000000f16 00231f03 r 000000000000001e 000000000000070e  lh       x30, 0x2(x6)
#2353 0 0000000000000f1a 002e1883 r 0000000000000011 000000000000050c  lh       x17, 0x2(x28)
#2354 0 0000000000000f1e 01071e9b r 000000000000001d 0000000000000000  slliw    x29, x14, 0x10
#2355 0 0000000000000f22 010ede9b r 000000000000001d 0000000000000000  srliw    x29, x29, 0x10
#2356 0 0000000000000f26 008ede9b r 000000000000001d 0000000000000000  srliw    x29, x29, 0x8
#2357 0 0000000000000f2a f0077713 r 000000000000000e 0000000000000000  andi     x14, x14, -0x100
#2358 0 0000000000000f2e 01d76733 r 000000000000000e 0000000000000000  or       x14, x14, x29
#2359 0 0000000000000f32 00ee1023 m 00000000000108a0 0000000000000000  sh       x14, 0x0(x28)
#2360 0 0000000000000f36 00031e83 r 000000000000001d 0000000000007676  lh       x29, 0x0(x6)
#2361 0 0000000000000f3a 41e888bb r 0000000000000011 fffffffffffffdfe  subw     x17, x17, x30
#2362 0 0000000000000f3e 010e9e1b r 000000000000001c 0000000076760000  slliw    x28, x29, 0x10
#2363 0 0000000000000f42 010e5f1b r 000000000000001e 0000000000007676  srliw    x30, x28, 0x10
#2364 0 0000000000000f46 f00ef713 r 000000000000000e 0000000000007600  andi     x14, x29, -0x100
#2365 0 0000000000000f4a 008f5e9b r 000000000000001d 0000000000000076  srliw    x29, x30, 0x8
#2366 0 0000000000000f4e 01d76e33 r 000000000000001c 0000000000007676  or       x28, x14, x29
#2367 0 0000000000000f52 01c31023 m 0000000000010898 0000000000007676  sh       x28, 0x0(x6)
#2368 0 0000000000000f56 03105563 r 0000000000000000 0000000000000000  bge      x0, x17, . + 0x2a
#2369 0 0000000000000f80     832e r 0000000000000006 0000000000010788  c.mv     x6, x11
#2370 0 0000000000000f82     367d r 000000000000000c 0000000000000001  c.addiw  x12, -0x1
#2371 0 0000000000000f84     618c r 000000000000000b 0000000000010778  c.ld     x11, 0x0(x11)
#2372 0 0000000000000f86     bfe9 r 0000000000000000 0000000000000000  c.j      . - 0x26
#2373 0 0000000000000f60 00080d63 r 0000000000000000 0000000000000000  beq      x16, x0, . + 0x1a
#2374 0 0000000000000f64 00683023 m 0000000000010758 0000000000010788  sd       x6, 0x0(x16)
#2375 0 0000000000000f68     881a r 0000000000000010 0000000000010788  c.mv     x16, x6
#2376 0 0000000000000f6a     fe51 r 0000000000000000 0000000000000000  c.bnez   x12, . - 0x64
#2377 0 0000000000000f06     cead r 0000000000000000 0000000000000000  c.beqz   x13, . + 0x7a
#2378 0 0000000000000f08     cfa5 r 0000000000000000 0000000000000000  c.beqz   x15, . + 0x78
#2379 0 0000000000000f0a 0085be03 r 000000000000001c 000000000001089c  ld       x28, 0x8(x11)
#2380 0 0000000000000f0e 0087b303 r 0000000000000006 0000000000010898  ld       x6, 0x8(x15)
#2381 0 0000000000000f12 000e1703 r 000000000000000e 0000000000007f7f  lh       x14, 0x0(x28)
#2382 0 0000000000000f16 00231f03 r 000000000000001e 000000000000070e  lh       x30, 0x2(x6)
#2383 0 0000000000000f1a 002e1883 r 0000000000000011 000000000000060d  lh       x17, 0x2(x28)
#2384 0 0000000000000f1e 01071e9b r 000000000000001d 000000007f7f0000  slliw    x29, x14, 0x10
#2385 0 0000000000000f22 010ede9b r 000000000000001d 0000000000007f7f  srliw    x29, x29, 0x10
#2386 0 0000000000000f26 008ede9b r 000000000000001d 000000000000007f  srliw    x29, x29, 0x8
#2387 0 0000000000000f2a f0077713 r 000000000000000e 0000000000007f00  andi     x14, x14, -0x100
#2388 0 0000000000000f2e 01d76733 r 000000000000000e 0000000000007f7f  or       x14, x14, x29
#2389 0 0000000000000f32 00ee1023 m 000000000001089c 0000000000007f7f  sh       x14, 0x0(x28)
#2390 0 0000000000000f36 00031e83 r 000000000000001d 0000000000007676  lh       x29, 0x0(x6)
#2391 0 0000000000000f3a 41e888bb r 0000000000000011 fffffffffffffeff  subw     x17, x17, x30
#2392 0 0000000000000f3e 010e9e1b r 000000000000001c 0000000076760000  slliw    x28, x29, 0x10
#2393 0 0000000000000f42 010e5f1b r 000000000000001e 0000000000007676  srliw    x30, x28, 0x10
#2394 0 0000000000000f46 f00ef713 r 000000000000000e 0000000000007600  andi     x14, x29, -0x100
#2395 0 0000000000000f4a 008f5e9b r 000000000000001d 0000000000000076  srliw    x29, x30, 0x8
#2396 0 0000000000000f4e 01d76e33 r 000000000000001c 0000000000007676  or       x28, x14, x29
#2397 0 0000000000000f52 01c31023 m 0000000000010898 0000000000007676  sh       x28, 0x0(x6)
#2398 0 0000000000000f56 03105563 r 0000000000000000 0000000000000000  bge      x0, x17, . + 0x2a
#2399 0 0000000000000f80     832e r 0000000000000006 0000000000010778  c.mv     x6, x11
#2400 0 0000000000000f82     367d r 000000000000000c 0000000000000000  c.addiw  x12, -0x1
#2401 0 0000000000000f84     618c r 000000000000000b 0000000000010758  c.ld     x11, 0x0(x11)
#2402 0 0000000000000f86     bfe9 r 0000000000000000 0000000000000000  c.j      . - 0x26
#2403 0 0000000000000f60 00080d63 r 0000000000000000 0000000000000000  beq      x16, x0, . + 0x1a
#2404 0 0000000000000f64 00683023 m 0000000000010788 0000000000010778  sd       x6, 0x0(x16)
#2405 0 0000000000000f68     881a r 0000000000000010 0000000000010778  c.mv     x16, x6
#2406 0 0000000000000f6a     fe51 r 0000000000000000 0000000000000000  c.bnez   x12, . - 0x64
#2407 0 0000000000000f6c     ce91 r 0000000000000000 0000000000000000  c.beqz   x13, . + 0x1c
#2408 0 0000000000000f6e     c385 r 0000000000000000 0000000000000000  c.beqz   x15, . + 0x20
#2409 0 0000000000000f70     833e r 0000000000000006 0000000000010768  c.mv     x6, x15
#2410 0 0000000000000f72     36fd r 000000000000000d 0000000000000000  c.addiw  x13, -0x1
#2411 0 0000000000000f74     639c r 000000000000000f 0000000000010748  c.ld     x15, 0x0(x15)
#2412 0 0000000000000f76 fe0817e3 r 0000000000000000 0000000000000000  bne      x16, x0, . - 0x12
#2413 0 0000000000000f64 00683023 m 0000000000010778 0000000000010768  sd       x6, 0x0(x16)
#2414 0 0000000000000f68     881a r 0000000000000010 0000000000010768  c.mv     x16, x6
#2415 0 0000000000000f6a     fe51 r 0000000000000000 0000000000000000  c.bnez   x12, . - 0x64
#2416 0 0000000000000f6c     ce91 r 0000000000000000 0000000000000000  c.beqz   x13, . + 0x1c
#2417 0 0000000000000f88     c399 r 0000000000000000 0000000000000000  c.beqz   x15, . + 0x6
#2418 0 0000000000000f8a     85be r 000000000000000b 0000000000010748  c.mv     x11, x15
#2419 0 0000000000000f8c     b729 r 0000000000000000 0000000000000000  c.j      . - 0xf6
#2420 0 0000000000000e96 007ffe13 r 000000000000001c 0000000000000002  andi     x28, x31, 0x7
#2421 0 0000000000000e9a     2285 r 0000000000000005 0000000000000005  c.addiw  x5, 0x1
#2422 0 0000000000000e9c     87ae r 000000000000000f 0000000000010748  c.mv     x15, x11
#2423 0 0000000000000e9e     4601 r 000000000000000c 0000000000000000  c.li     x12, 0x0
#2424 0 0000000000000ea0 040e0b63 r 0000000000000000 0000000000000000  beq      x28, x0, . + 0x56
#2425 0 0000000000000ea4     4f05 r 000000000000001e 0000000000000001  c.li     x30, 0x1
#2426 0 0000000000000ea6 05ee0363 r 0000000000000000 0000000000000000  beq      x28, x30, . + 0x46
#2427 0 0000000000000eaa     4e89 r 000000000000001d 0000000000000002  c.li     x29, 0x2
#2428 0 0000000000000eac 03de0d63 r 0000000000000000 0000000000000000  beq      x28, x29, . + 0x3a
#2429 0 0000000000000ee6     639c r 000000000000000f 0000000000010738  c.ld     x15, 0x0(x15)
#2430 0 0000000000000ee8     2605 r 000000000000000c 0000000000000001  c.addiw  x12, 0x1
#2431 0 0000000000000eea     cf81 r 0000000000000000 0000000000000000  c.beqz   x15, . + 0x18
#2432 0 0000000000000eec     639c r 000000000000000f 0000000000010728  c.ld     x15, 0x0(x15)
#2433 0 0000000000000eee     2605 r 000000000000000c 0000000000000002  c.addiw  x12, 0x1
#2434 0 0000000000000ef0     cb89 r 0000000000000000 0000000000000000  c.beqz   x15, . + 0x12
#2435 0 0000000000000ef2 01f60863 r 0000000000000000 0000000000000000  beq      x12, x31, . + 0x10
#2436 0 0000000000000f02     86fe r 000000000000000d 0000000000000002  c.mv     x13, x31
#2437 0 0000000000000f04     c625 r 0000000000000000 0000000000000000  c.beqz   x12, . + 0x68
#2438 0 0000000000000f06     cead r 0000000000000000 0000000000000000  c.beqz   x13, . + 0x7a
#2439 0 0000000000000f08     cfa5 r 0000000000000000 0000000000000000  c.beqz   x15, . + 0x78
#2440 0 0000000000000f0a 0085be03 r 000000000000001c 0000000000010890  ld       x28, 0x8(x11)
#2441 0 0000000000000f0e 0087b303 r 0000000000000006 0000000000010888  ld       x6, 0x8(x15)
#2442 0 0000000000000f12 000e1703 r 000000000000000e 0000000000006464  lh       x14, 0x0(x28)
#2443 0 0000000000000f16 00231f03 r 000000000000001e 0000000000000312  lh       x30, 0x2(x6)
#2444 0 0000000000000f1a 002e1883 r 0000000000000011 0000000000000110  lh       x17, 0x2(x28)
#2445 0 0000000000000f1e 01071e9b r 000000000000001d 0000000064640000  slliw    x29, x14, 0x10
#2446 0 0000000000000f22 010ede9b r 000000000000001d 0000000000006464  srliw    x29, x29, 0x10
#2447 0 0000000000000f26 008ede9b r 000000000000001d 0000000000000064  srliw    x29, x29, 0x8
#2448 0 0000000000000f2a f0077713 r 000000000000000e 0000000000006400  andi     x14, x14, -0x100
#2449 0 0000000000000f2e 01d76733 r 000000000000000e 0000000000006464  or       x14, x14, x29
#2450 0 0000000000000f32 00ee1023 m 0000000000010890 0000000000006464  sh       x14, 0x0(x28)
#2451 0 0000000000000f36 00031e83 r 000000000000001d 0000000000005252  lh       x29, 0x0(x6)
#2452 0 0000000000000f3a 41e888bb r 0000000000000011 fffffffffffffdfe  subw     x17, x17, x30
#2453 0 0000000000000f3e 010e9e1b r 000000000000001c 0000000052520000  slliw    x28, x29, 0x10
#2454 0 0000000000000f42 010e5f1b r 000000000000001e 0000000000005252  srliw    x30, x28, 0x10
#2455 0 0000000000000f46 f00ef713 r 000000000000000e 0000000000005200  andi     x14, x29, -0x100
#2456 0 0000000000000f4a 008f5e9b r 000000000000001d 0000000000000052  srliw    x29, x30, 0x8
#2457 0 0000000000000f4e 01d76e33 r 000000000000001c 0000000000005252  or       x28, x14, x29
#2458 0 0000000000000f52 01c31023 m 0000000000010888 0000000000005252  sh       x28, 0x0(x6)
#2459 0 0000000000000f56 03105563 r 0000000000000000 0000000000000000  bge      x0, x17, . + 0x2a
#2460 0 0000000000000f80     832e r 0000000000000006 0000000000010748  c.mv     x6, x11
#2461 0 0000000000000f82     367d r 000000000000000c 0000000000000001  c.addiw  x12, -0x1
#2462 0 0000000000000f84     618c r 000000000000000b 0000000000010738  c.ld     x11, 0x0(x11)
#2463 0 0000000000000f86     bfe9 r 0000000000000000 0000000000000000  c.j      . - 0x26
#2464 0 0000000000000f60 00080d63 r 0000000000000000 0000000000000000  beq      x16, x0, . + 0x1a
#2465 0 0000000000000f64 00683023 m 0000000000010768 0000000000010748  sd       x6, 0x0(x16)
#2466 0 0000000000000f68     881a r 0000000000000010 0000000000010748  c.mv     x16, x6
#2467 0 0000000000000f6a     fe51 r 0000000000000000 0000000000000000  c.bnez   x12, . - 0x64
#2468 0 0000000000000f06     cead r 0000000000000000 0000000000000000  c.beqz   x13, . + 0x7a
#2469 0 0000000000000f08     cfa5 r 0000000000000000 0000000000000000  c.beqz   x15, . + 0x78
#2470 0 0000000000000f0a 0085be03 r 000000000000001c 000000000001088c  ld       x28, 0x8(x11)
#2471 0 0000000000000f0e 0087b303 r 0000000000000006 0000000000010888  ld       x6, 0x8(x15)
#2472 0 0000000000000f12 000e1703 r 000000000000000e 0000000000005b5b  lh       x14, 0x0(x28)
#2473 0 0000000000000f16 00231f03 r 000000000000001e 0000000000000312  lh       x30, 0x2(x6)
#2474 0 0000000000000f1a 002e1883 r 0000000000000011 0000000000000211  lh       x17, 0x2(x28)
#2475 0 0000000000000f1e 01071e9b r 000000000000001d 000000005b5b0000  slliw    x29, x14, 0x10
#2476 0 0000000000000f22 010ede9b r 000000000000001d 0000000000005b5b  srliw    x29, x29, 0x10
#2477 0 0000000000000f26 008ede9b r 000000000000001d 000000000000005b  srliw    x29, x29, 0x8
#2478 0 0000000000000f2a f0077713 r 000000000000000e 0000000000005b00  andi     x14, x14, -0x100
#2479 0 0000000000000f2e 01d76733 r 000000000000000e 0000000000005b5b  or       x14, x14, x29
#2480 0 0000000000000f32 00ee1023 m 000000000001088c 0000000000005b5b  sh       x14, 0x0(x28)
#2481 0 0000000000000f36 00031e83 r 000000000000001d 0000000000005252  lh       x29, 0x0(x6)
#2482 0 0000000000000f3a 41e888bb r 0000000000000011 fffffffffffffeff  subw     x17, x17, x30
#2483 0 0000000000000f3e 010e9e1b r 000000000000001c 0000000052520000  slliw    x28, x29, 0x10
#2484 0 0000000000000f42 010e5f1b r 000000000000001e 0000000000005252  srliw    x30, x28, 0x10
#2485 0 0000000000000f46 f00ef713 r 000000000000000e 0000000000005200  andi     x14, x29, -0x100
#2486 0 0000000000000f4a 008f5e9b r 000000000000001d 0000000000000052  srliw    x29, x30, 0x8
#2487 0 0000000000000f4e 01d76e33 r 000000000000001c 0000000000005252  or       x28, x14, x29
#2488 0 0000000000000f52 01c31023 m 0000000000010888 0000000000005252  sh       x28, 0x0(x6)
#2489 0 0000000000000f56 03105563 r 0000000000000000 0000000000000000  bge      x0, x17, . + 0x2a
#2490 0 0000000000000f80     832e r 0000000000000006 0000000000010738  c.mv     x6, x11
#2491 0 0000000000000f82     367d r 000000000000000c 0000000000000000  c.addiw  x12, -0x1
#2492 0 0000000000000f84     618c r 000000000000000b 0000000000010728  c.ld     x11, 0x0(x11)
#2493 0 0000000000000f86     bfe9 r 0000000000000000 0000000000000000  c.j      . - 0x26
#2494 0 0000000000000f60 00080d63 r 0000000000000000 0000000000000000  beq      x16, x0, . + 0x1a
#2495 0 0000000000000f64 00683023 m 0000000000010748 0000000000010738  sd       x6, 0x0(x16)
#2496 0 0000000000000f68     881a r 0000000000000010 0000000000010738  c.mv     x16, x6
#2497 0 0000000000000f6a     fe51 r 0000000000000000 0000000000000000  c.bnez   x12, . - 0x64
#2498 0 0000000000000f6c     ce91 r 0000000000000000 0000000000000000  c.beqz   x13, . + 0x1c
#2499 0 0000000000000f6e     c385 r 0000000000000000 0000000000000000  c.beqz   x15, . + 0x20
#2500 0 0000000000000f70     833e r 0000000000000006 0000000000010728  c.mv     x6, x15
#2501 0 0000000000000f72     36fd r 000000000000000d 0000000000000001  c.addiw  x13, -0x1
#2502 0 0000000000000f74     639c r 000000000000000f 0000000000010718  c.ld     x15, 0x0(x15)
#2503 0 0000000000000f76 fe0817e3 r 0000000000000000 0000000000000000  bne      x16, x0, . - 0x12
#2504 0 0000000000000f64 00683023 m 0000000000010738 0000000000010728  sd       x6, 0x0(x16)
#2505 0 0000000000000f68     881a r 0000000000000010 0000000000010728  c.mv     x16, x6
#2506 0 0000000000000f6a     fe51 r 0000000000000000 0000000000000000  c.bnez   x12, . - 0x64
#2507 0 0000000000000f6c     ce91 r 0000000000000000 0000000000000000  c.beqz   x13, . + 0x1c
#2508 0 0000000000000f6e     c385 r 0000000000000000 0000000000000000  c.beqz   x15, . + 0x20
#2509 0 0000000000000f70     833e r 0000000000000006 0000000000010718  c.mv     x6, x15
#2510 0 0000000000000f72     36fd r 000000000000000d 0000000000000000  c.addiw  x13, -0x1
#2511 0 0000000000000f74     639c r 000000000000000f 0000000000010708  c.ld     x15, 0x0(x15)
#2512 0 0000000000000f76 fe0817e3 r 0000000000000000 0000000000000000  bne      x16, x0, . - 0x12
#2513 0 0000000000000f64 00683023 m 0000000000010728 0000000000010718  sd       x6, 0x0(x16)
#2514 0 0000000000000f68     881a r 0000000000000010 0000000000010718  c.mv     x16, x6
#2515 0 0000000000000f6a     fe51 r 0000000000000000 0000000000000000  c.bnez   x12, . - 0x64
#2516 0 0000000000000f6c     ce91 r 0000000000000000 0000000000000000  c.beqz   x13, . + 0x1c
#2517 0 0000000000000f88     c399 r 0000000000000000 0000000000000000  c.beqz   x15, . + 0x6
#2518 0 0000000000000f8a     85be r 000000000000000b 0000000000010708  c.mv     x11, x15
#2519 0 0000000000000f8c     b729 r 0000000000000000 0000000000000000  c.j      . - 0xf6
#2520 0 0000000000000e96 007ffe13 r 000000000000001c 0000000000000002  andi     x28, x31, 0x7
#2521 0 0000000000000e9a     2285 r 0000000000000005 0000000000000006  c.addiw  x5, 0x1
#2522 0 0000000000000e9c     87ae r 000000000000000f 0000000000010708  c.mv     x15, x11
#2523 0 0000000000000e9e     4601 r 000000000000000c 0000000000000000  c.li     x12, 0x0
#2524 0 0000000000000ea0 040e0b63 r 0000000000000000 0000000000000000  beq      x28, x0, . + 0x56
#2525 0 0000000000000ea4     4f05 r 000000000000001e 0000000000000001  c.li     x30, 0x1
#2526 0 0000000000000ea6 05ee0363 r 0000000000000000 0000000000000000  beq      x28, x30, . + 0x46
#2527 0 0000000000000eaa     4e89 r 000000000000001d 0000000000000002  c.li     x29, 0x2
#2528 0 0000000000000eac 03de0d63 r 0000000000000000 0000000000000000  beq      x28, x29, . + 0x3a
#2529 0 0000000000000ee6     639c r 000000000000000f 00000000000106f8  c.ld     x15, 0x0(x15)
#2530 0 0000000000000ee8     2605 r 000000000000000c 0000000000000001  c.addiw  x12, 0x1
#2531 0 0000000000000eea     cf81 r 0000000000000000 0000000000000000  c.beqz   x15, . + 0x18
#2532 0 0000000000000eec     639c r 000000000000000f 00000000000106d8  c.ld     x15, 0x0(x15)
#2533 0 0000000000000eee     2605 r 000000000000000c 0000000000000002  c.addiw  x12, 0x1
#2534 0 0000000000000ef0     cb89 r 0000000000000000 0000000000000000  c.beqz   x15, . + 0x12
#2535 0 0000000000000ef2 01f60863 r 0000000000000000 0000000000000000  beq      x12, x31, . + 0x10
#2536 0 0000000000000f02     86fe r 000000000000000d 0000000000000002  c.mv     x13, x31
#2537 0 0000000000000f04     c625 r 0000000000000000 0000000000000000  c.beqz   x12, . + 0x68
#2538 0 0000000000000f06     cead r 0000000000000000 0000000000000000  c.beqz   x13, . + 0x7a
#2539 0 0000000000000f08     cfa5 r 0000000000000000 0000000000000000  c.beqz   x15, . + 0x78
#2540 0 0000000000000f0a 0085be03 r 000000000000001c 0000000000010880  ld       x28, 0x8(x11)
#2541 0 0000000000000f0e 0087b303 r 0000000000000006 0000000000010874  ld       x6, 0x8(x15)
#2542 0 0000000000000f12 000e1703 r 000000000000000e 0000000000004040  lh       x14, 0x0(x28)
#2543 0 0000000000000f16 00231f03 r 000000000000001e 0000000000000017  lh       x30, 0x2(x6)
#2544 0 0000000000000f1a 002e1883 r 0000000000000011 0000000000000514  lh       x17, 0x2(x28)
#2545 0 0000000000000f1e 01071e9b r 000000000000001d 0000000040400000  slliw    x29, x14, 0x10
#2546 0 0000000000000f22 010ede9b r 000000000000001d 0000000000004040  srliw    x29, x29, 0x10
#2547 0 0000000000000f26 008ede9b r 000000000000001d 0000000000000040  srliw    x29, x29, 0x8
#2548 0 0000000000000f2a f0077713 r 000000000000000e 0000000000004000  andi     x14, x14, -0x100
#2549 0 0000000000000f2e 01d76733 r 000000000000000e 0000000000004040  or       x14, x14, x29
#2550 0 0000000000000f32 00ee1023 m 0000000000010880 0000000000004040  sh       x14, 0x0(x28)
#2551 0 0000000000000f36 00031e83 r 000000000000001d 0000000000002d2d  lh       x29, 0x0(x6)
#2552 0 0000000000000f3a 41e888bb r 0000000000000011 00000000000004fd  subw     x17, x17, x30
#2553 0 0000000000000f3e 010e9e1b r 000000000000001c 000000002d2d0000  slliw    x28, x29, 0x10
#2554 0 0000000000000f42 010e5f1b r 000000000000001e 0000000000002d2d  srliw    x30, x28, 0x10
#2555 0 0000000000000f46 f00ef713 r 000000000000000e 0000000000002d00  andi     x14, x29, -0x100
#2556 0 0000000000000f4a 008f5e9b r 000000000000001d 000000000000002d  srliw    x29, x30, 0x8
#2557 0 0000000000000f4e 01d76e33 r 000000000000001c 0000000000002d2d  or       x28, x14, x29
#2558 0 0000000000000f52 01c31023 m 0000000000010874 0000000000002d2d  sh       x28, 0x0(x6)
#2559 0 0000000000000f56 03105563 r 0000000000000000 0000000000000000  bge      x0, x17, . + 0x2a
#2560 0 0000000000000f5a     833e r 0000000000000006 00000000000106d8  c.mv     x6, x15
#2561 0 0000000000000f5c     639c r 000000000000000f 00000000000106e8  c.ld     x15, 0x0(x15)
#2562 0 0000000000000f5e     36fd r 000000000000000d 0000000000000001  c.addiw  x13, -0x1
#2563 0 0000000000000f60 00080d63 r 0000000000000000 0000000000000000  beq      x16, x0, . + 0x1a
#2564 0 0000000000000f64 00683023 m 0000000000010718 00000000000106d8  sd       x6, 0x0(x16)
#2565 0 0000000000000f68     881a r 0000000000000010 00000000000106d8  c.mv     x16, x6
#2566 0 0000000000000f6a     fe51 r 0000000000000000 0000000000000000  c.bnez   x12, . - 0x64
#2567 0 0000000000000f06     cead r 0000000000000000 0000000000000000  c.beqz   x13, . + 0x7a
#2568 0 0000000000000f08     cfa5 r 0000000000000000 0000000000000000  c.beqz   x15, . + 0x78
#2569 0 0000000000000f0a 0085be03 r 000000000000001c 0000000000010880  ld       x28, 0x8(x11)
#2570 0 0000000000000f0e 0087b303 r 0000000000000006 0000000000010878  ld       x6, 0x8(x15)
#2571 0 0000000000000f12 000e1703 r 000000000000000e 0000000000004040  lh       x14, 0x0(x28)
#2572 0 0000000000000f16 00231f03 r 000000000000001e 0000000000000716  lh       x30, 0x2(x6)
#2573 0 0000000000000f1a 002e1883 r 0000000000000011 0000000000000514  lh       x17, 0x2(x28)
#2574 0 0000000000000f1e 01071e9b r 000000000000001d 0000000040400000  slliw    x29, x14, 0x10
#2575 0 0000000000000f22 010ede9b r 000000000000001d 0000000000004040  srliw    x29, x29, 0x10
#2576 0 0000000000000f26 008ede9b r 000000000000001d 0000000000000040  srliw    x29, x29, 0x8
#2577 0 0000000000000f2a f0077713 r 000000000000000e 0000000000004000  andi     x14, x14, -0x100
#2578 0 0000000000000f2e 01d76733 r 000000000000000e 0000000000004040  or       x14, x14, x29
#2579 0 0000000000000f32 00ee1023 m 0000000000010880 0000000000004040  sh       x14, 0x0(x28)
#2580 0 0000000000000f36 00031e83 r 000000000000001d 0000000000003636  lh       x29, 0x0(x6)
#2581 0 0000000000000f3a 41e888bb r 0000000000000011 fffffffffffffdfe  subw     x17, x17, x30
#2582 0 0000000000000f3e 010e9e1b r 000000000000001c 0000000036360000  slliw    x28, x29, 0x10
#2583 0 0000000000000f42 010e5f1b r 000000000000001e 0000000000003636  srliw    x30, x28, 0x10
#2584 0 0000000000000f46 f00ef713 r 000000000000000e 0000000000003600  andi     x14, x29, -0x100
#2585 0 0000000000000f4a 008f5e9b r 000000000000001d 0000000000000036  srliw    x29, x30, 0x8
#2586 0 0000000000000f4e 01d76e33 r 000000000000001c 0000000000003636  or       x28, x14, x29
#2587 0 0000000000000f52 01c31023 m 0000000000010878 0000000000003636  sh       x28, 0x0(x6)
#2588 0 0000000000000f56 03105563 r 0000000000000000 0000000000000000  bge      x0, x17, . + 0x2a
#2589 0 0000000000000f80     832e r 0000000000000006 0000000000010708  c.mv     x6, x11
#2590 0 0000000000000f82     367d r 000000000000000c 0000000000000001  c.addiw  x12, -0x1
#2591 0 0000000000000f84     618c r 000000000000000b 00000000000106f8  c.ld     x11, 0x0(x11)
#2592 0 0000000000000f86     bfe9 r 0000000000000000 0000000000000000  c.j      . - 0x26
#2593 0 0000000000000f60 00080d63 r 0000000000000000 0000000000000000  beq      x16, x0, . + 0x1a
#2594 0 0000000000000f64 00683023 m 00000000000106d8 0000000000010708  sd       x6, 0x0(x16)
#2595 0 0000000000000f68     881a r 0000000000000010 0000000000010708  c.mv     x16, x6
#2596 0 0000000000000f6a     fe51 r 0000000000000000 0000000000000000  c.bnez   x12, . - 0x64
#2597 0 0000000000000f06     cead r 0000000000000000 0000000000000000  c.beqz   x13, . + 0x7a
#2598 0 0000000000000f08     cfa5 r 0000000000000000 0000000000000000  c.beqz   x15, . + 0x78
#2599 0 0000000000000f0a 0085be03 r 000000000000001c 000000000001087c  ld       x28, 0x8(x11)
#2600 0 0000000000000f0e 0087b303 r 0000000000000006 0000000000010878  ld       x6, 0x8(x15)
#2601 0 0000000000000f12 000e1703 r 000000000000000e 0000000000003f3f  lh       x14, 0x0(x28)
#2602 0 0000000000000f16 00231f03 r 000000000000001e 0000000000000716  lh       x30, 0x2(x6)
#2603 0 0000000000000f1a 002e1883 r 0000000000000011 0000000000000615  lh       x17, 0x2(x28)
#2604 0 0000000000000f1e 01071e9b r 000000000000001d 000000003f3f0000  slliw    x29, x14, 0x10
#2605 0 0000000000000f22 010ede9b r 000000000000001d 0000000000003f3f  srliw    x29, x29, 0x10
#2606 0 0000000000000f26 008ede9b r 000000000000001d 000000000000003f  srliw    x29, x29, 0x8
#2607 0 0000000000000f2a f0077713 r 000000000000000e 0000000000003f00  andi     x14, x14, -0x100
#2608 0 0000000000000f2e 01d76733 r 000000000000000e 0000000000003f3f  or       x14, x14, x29
#2609 0 0000000000000f32 00ee1023 m 000000000001087c 0000000000003f3f  sh       x14, 0x0(x28)
#2610 0 0000000000000f36 00031e83 r 000000000000001d 0000000000003636  lh       x29, 0x0(x6)
#2611 0 0000000000000f3a 41e888bb r 0000000000000011 fffffffffffffeff  subw     x17, x17, x30
#2612 0 0000000000000f3e 010e9e1b r 000000000000001c 0000000036360000  slliw    x28, x29, 0x10
#2613 0 0000000000000f42 010e5f1b r 000000000000001e 0000000000003636  srliw    x30, x28, 0x10
#2614 0 0000000000000f46 f00ef713 r 000000000000000e 0000000000003600  andi     x14, x29, -0x100
#2615 0 0000000000000f4a 008f5e9b r 000000000000001d 0000000000000036  srliw    x29, x30, 0x8
#2616 0 0000000000000f4e 01d76e33 r 000000000000001c 0000000000003636  or       x28, x14, x29
#2617 0 0000000000000f52 01c31023 m 0000000000010878 0000000000003636  sh       x28, 0x0(x6)
#2618 0 0000000000000f56 03105563 r 0000000000000000 0000000000000000  bge      x0, x17, . + 0x2a
#2619 0 0000000000000f80     832e r 0000000000000006 00000000000106f8  c.mv     x6, x11
#2620 0 0000000000000f82     367d r 000000000000000c 0000000000000000  c.addiw  x12, -0x1
#2621 0 0000000000000f84     618c r 000000000000000b 00000000000106d8  c.ld     x11, 0x0(x11)
#2622 0 0000000000000f86     bfe9 r 0000000000000000 0000000000000000  c.j      . - 0x26
#2623 0 0000000000000f60 00080d63 r 0000000000000000 0000000000000000  beq      x16, x0, . + 0x1a
#2624 0 0000000000000f64 00683023 m 0000000000010708 00000000000106f8  sd       x6, 0x0(x16)
#2625 0 0000000000000f68     881a r 0000000000000010 00000000000106f8  c.mv     x16, x6
#2626 0 0000000000000f6a     fe51 r 0000000000000000 0000000000000000  c.bnez   x12, . - 0x64
#2627 0 0000000000000f6c     ce91 r 0000000000000000 0000000000000000  c.beqz   x13, . + 0x1c
#2628 0 0000000000000f6e     c385 r 0000000000000000 0000000000000000  c.beqz   x15, . + 0x20
#2629 0 0000000000000f70     833e r 0000000000000006 00000000000106e8  c.mv     x6, x15
#2630 0 0000000000000f72     36fd r 000000000000000d 0000000000000000  c.addiw  x13, -0x1
#2631 0 0000000000000f74     639c r 000000000000000f 00000000000106c8  c.ld     x15, 0x0(x15)
#2632 0 0000000000000f76 fe0817e3 r 0000000000000000 0000000000000000  bne      x16, x0, . - 0x12
#2633 0 0000000000000f64 00683023 m 00000000000106f8 00000000000106e8  sd       x6, 0x0(x16)
#2634 0 0000000000000f68     881a r 0000000000000010 00000000000106e8  c.mv     x16, x6
#2635 0 0000000000000f6a     fe51 r 0000000000000000 0000000000000000  c.bnez   x12, . - 0x64
#2636 0 0000000000000f6c     ce91 r 0000000000000000 0000000000000000  c.beqz   x13, . + 0x1c
#2637 0 0000000000000f88     c399 r 0000000000000000 0000000000000000  c.beqz   x15, . + 0x6
#2638 0 0000000000000f8a     85be r 000000000000000b 00000000000106c8  c.mv     x11, x15
#2639 0 0000000000000f8c     b729 r 0000000000000000 0000000000000000  c.j      . - 0xf6
#2640 0 0000000000000e96 007ffe13 r 000000000000001c 0000000000000002  andi     x28, x31, 0x7
#2641 0 0000000000000e9a     2285 r 0000000000000005 0000000000000007  c.addiw  x5, 0x1
#2642 0 0000000000000e9c     87ae r 000000000000000f 00000000000106c8  c.mv     x15, x11
#2643 0 0000000000000e9e     4601 r 000000000000000c 0000000000000000  c.li     x12, 0x0
#2644 0 0000000000000ea0 040e0b63 r 0000000000000000 0000000000000000  beq      x28, x0, . + 0x56
#2645 0 0000000000000ea4     4f05 r 000000000000001e 0000000000000001  c.li     x30, 0x1
#2646 0 0000000000000ea6 05ee0363 r 0000000000000000 0000000000000000  beq      x28, x30, . + 0x46
#2647 0 0000000000000eaa     4e89 r 000000000000001d 0000000000000002  c.li     x29, 0x2
#2648 0 0000000000000eac 03de0d63 r 0000000000000000 0000000000000000  beq      x28, x29, . + 0x3a
#2649 0 0000000000000ee6     639c r 000000000000000f 00000000000106b8  c.ld     x15, 0x0(x15)
#2650 0 0000000000000ee8     2605 r 000000000000000c 0000000000000001  c.addiw  x12, 0x1
#2651 0 0000000000000eea     cf81 r 0000000000000000 0000000000000000  c.beqz   x15, . + 0x18
#2652 0 0000000000000eec     639c r 000000000000000f 00000000000106a8  c.ld     x15, 0x0(x15)
#2653 0 0000000000000eee     2605 r 000000000000000c 0000000000000002  c.addiw  x12, 0x1
#2654 0 0000000000000ef0     cb89 r 0000000000000000 0000000000000000  c.beqz   x15, . + 0x12
#2655 0 0000000000000ef2 01f60863 r 0000000000000000 0000000000000000  beq      x12, x31, . + 0x10
#2656 0 0000000000000f02     86fe r 000000000000000d 0000000000000002  c.mv     x13, x31
#2657 0 0000000000000f04     c625 r 0000000000000000 0000000000000000  c.beqz   x12, . + 0x68
#2658 0 0000000000000f06     cead r 0000000000000000 0000000000000000  c.beqz   x13, . + 0x7a
#2659 0 0000000000000f08     cfa5 r 0000000000000000 0000000000000000  c.beqz   x15, . + 0x78
#2660 0 0000000000000f0a 0085be03 r 000000000000001c 0000000000010870  ld       x28, 0x8(x11)
#2661 0 0000000000000f0e 0087b303 r 0000000000000006 0000000000010868  ld       x6, 0x8(x15)
#2662 0 0000000000000f12 000e1703 r 000000000000000e 0000000000002424  lh       x14, 0x0(x28)
#2663 0 0000000000000f16 00231f03 r 000000000000001e 000000000000031a  lh       x30, 0x2(x6)
#2664 0 0000000000000f1a 002e1883 r 0000000000000011 0000000000000118  lh       x17, 0x2(x28)
#2665 0 0000000000000f1e 01071e9b r 000000000000001d 0000000024240000  slliw    x29, x14, 0x10
#2666 0 0000000000000f22 010ede9b r 000000000000001d 0000000000002424  srliw    x29, x29, 0x10
#2667 0 0000000000000f26 008ede9b r 000000000000001d 0000000000000024  srliw    x29, x29, 0x8
#2668 0 0000000000000f2a f0077713 r 000000000000000e 0000000000002400  andi     x14, x14, -0x100
#2669 0 0000000000000f2e 01d76733 r 000000000000000e 0000000000002424  or       x14, x14, x29
#2670 0 0000000000000f32 00ee1023 m 0000000000010870 0000000000002424  sh       x14, 0x0(x28)
#2671 0 0000000000000f36 00031e83 r 000000000000001d 0000000000001212  lh       x29, 0x0(x6)
#2672 0 0000000000000f3a 41e888bb r 0000000000000011 fffffffffffffdfe  subw     x17, x17, x30
#2673 0 0000000000000f3e 010e9e1b r 000000000000001c 0000000012120000  slliw    x28, x29, 0x10
#2674 0 0000000000000f42 010e5f1b r 000000000000001e 0000000000001212  srliw    x30, x28, 0x10
#2675 0 0000000000000f46 f00ef713 r 000000000000000e 0000000000001200  andi     x14, x29, -0x100
#2676 0 0000000000000f4a 008f5e9b r 000000000000001d 0000000000000012  srliw    x29, x30, 0x8
#2677 0 0000000000000f4e 01d76e33 r 000000000000001c 0000000000001212  or       x28, x14, x29
#2678 0 0000000000000f52 01c31023 m 0000000000010868 0000000000001212  sh       x28, 0x0(x6)
#2679 0 0000000000000f56 03105563 r 0000000000000000 0000000000000000  bge      x0, x17, . + 0x2a
#2680 0 0000000000000f80     832e r 0000000000000006 00000000000106c8  c.mv     x6, x11
#2681 0 0000000000000f82     367d r 000000000000000c 0000000000000001  c.addiw  x12, -0x1
#2682 0 0000000000000f84     618c r 000000000000000b 00000000000106b8  c.ld     x11, 0x0(x11)
#2683 0 0000000000000f86     bfe9 r 0000000000000000 0000000000000000  c.j      . - 0x26
#2684 0 0000000000000f60 00080d63 r 0000000000000000 0000000000000000  beq      x16, x0, . + 0x1a
#2685 0 0000000000000f64 00683023 m 00000000000106e8 00000000000106c8  sd       x6, 0x0(x16)
#2686 0 0000000000000f68     881a r 0000000000000010 00000000000106c8  c.mv     x16, x6
#2687 0 0000000000000f6a     fe51 r 0000000000000000 0000000000000000  c.bnez   x12, . - 0x64
#2688 0 0000000000000f06     cead r 0000000000000000 0000000000000000  c.beqz   x13, . + 0x7a
#2689 0 0000000000000f08     cfa5 r 0000000000000000 0000000000000000  c.beqz   x15, . + 0x78
#2690 0 0000000000000f0a 0085be03 r 000000000000001c 000000000001086c  ld       x28, 0x8(x11)
#2691 0 0000000000000f0e 0087b303 r 0000000000000006 0000000000010868  ld       x6, 0x8(x15)
#2692 0 0000000000000f12 000e1703 r 000000000000000e 0000000000001b1b  lh       x14, 0x0(x28)
#2693 0 0000000000000f16 00231f03 r 000000000000001e 000000000000031a  lh       x30, 0x2(x6)
#2694 0 0000000000000f1a 002e1883 r 0000000000000011 0000000000000219  lh       x17, 0x2(x28)
#2695 0 0000000000000f1e 01071e9b r 000000000000001d 000000001b1b0000  slliw    x29, x14, 0x10
#2696 0 0000000000000f22 010ede9b r 000000000000001d 0000000000001b1b  srliw    x29, x29, 0x10
#2697 0 0000000000000f26 008ede9b r 000000000000001d 000000000000001b  srliw    x29, x29, 0x8
#2698 0 0000000000000f2a f0077713 r 000000000000000e 0000000000001b00  andi     x14, x14, -0x100
#2699 0 0000000000000f2e 01d76733 r 000000000000000e 0000000000001b1b  or       x14, x14, x29
#2700 0 0000000000000f32 00ee1023 m 000000000001086c 0000000000001b1b  sh       x14, 0x0(x28)
#2701 0 0000000000000f36 00031e83 r 000000000000001d 0000000000001212  lh       x29, 0x0(x6)
#2702 0 0000000000000f3a 41e888bb r 0000000000000011 fffffffffffffeff  subw     x17, x17, x30
#2703 0 0000000000000f3e 010e9e1b r 000000000000001c 0000000012120000  slliw    x28, x29, 0x10
#2704 0 0000000000000f42 010e5f1b r 000000000000001e 0000000000001212  srliw    x30, x28, 0x10
#2705 0 0000000000000f46 f00ef713 r 000000000000000e 0000000000001200  andi     x14, x29, -0x100
#2706 0 0000000000000f4a 008f5e9b r 000000000000001d 0000000000000012  srliw    x29, x30, 0x8
#2707 0 0000000000000f4e 01d76e33 r 000000000000001c 0000000000001212  or       x28, x14, x29
#2708 0 0000000000000f52 01c31023 m 0000000000010868 0000000000001212  sh       x28, 0x0(x6)
#2709 0 0000000000000f56 03105563 r 0000000000000000 0000000000000000  bge      x0, x17, . + 0x2a
#2710 0 0000000000000f80     832e r 0000000000000006 00000000000106b8  c.mv     x6, x11
#2711 0 0000000000000f82     367d r 000000000000000c 0000000000000000  c.addiw  x12, -0x1
#2712 0 0000000000000f84     618c r 000000000000000b 00000000000106a8  c.ld     x11, 0x0(x11)
#2713 0 0000000000000f86     bfe9 r 0000000000000000 0000000000000000  c.j      . - 0x26
#2714 0 0000000000000f60 00080d63 r 0000000000000000 0000000000000000  beq      x16, x0, . + 0x1a
#2715 0 0000000000000f64 00683023 m 00000000000106c8 00000000000106b8  sd       x6, 0x0(x16)
#2716 0 0000000000000f68     881a r 0000000000000010 00000000000106b8  c.mv     x16, x6
#2717 0 0000000000000f6a     fe51 r 0000000000000000 0000000000000000  c.bnez   x12, . - 0x64
#2718 0 0000000000000f6c     ce91 r 0000000000000000 0000000000000000  c.beqz   x13, . + 0x1c
#2719 0 0000000000000f6e     c385 r 0000000000000000 0000000000000000  c.beqz   x15, . + 0x20
#2720 0 0000000000000f70     833e r 0000000000000006 00000000000106a8  c.mv     x6, x15
#2721 0 0000000000000f72     36fd r 000000000000000d 0000000000000001  c.addiw  x13, -0x1
#2722 0 0000000000000f74     639c r 000000000000000f 0000000000010698  c.ld     x15, 0x0(x15)
#2723 0 0000000000000f76 fe0817e3 r 0000000000000000 0000000000000000  bne      x16, x0, . - 0x12
#2724 0 0000000000000f64 00683023 m 00000000000106b8 00000000000106a8  sd       x6, 0x0(x16)
#2725 0 0000000000000f68     881a r 0000000000000010 00000000000106a8  c.mv     x16, x6
#2726 0 0000000000000f6a     fe51 r 0000000000000000 0000000000000000  c.bnez   x12, . - 0x64
#2727 0 0000000000000f6c     ce91 r 0000000000000000 0000000000000000  c.beqz   x13, . + 0x1c
#2728 0 0000000000000f6e     c385 r 0000000000000000 0000000000000000  c.beqz   x15, . + 0x20
#2729 0 0000000000000f70     833e r 0000000000000006 0000000000010698  c.mv     x6, x15
#2730 0 0000000000000f72     36fd r 000000000000000d 0000000000000000  c.addiw  x13, -0x1
#2731 0 0000000000000f74     639c r 000000000000000f 0000000000010688  c.ld     x15, 0x0(x15)
#2732 0 0000000000000f76 fe0817e3 r 0000000000000000 0000000000000000  bne      x16, x0, . - 0x12
#2733 0 0000000000000f64 00683023 m 00000000000106a8 0000000000010698  sd       x6, 0x0(x16)
#2734 0 0000000000000f68     881a r 0000000000000010 0000000000010698  c.mv     x16, x6
#2735 0 0000000000000f6a     fe51 r 0000000000000000 0000000000000000  c.bnez   x12, . - 0x64
#2736 0 0000000000000f6c     ce91 r 0000000000000000 0000000000000000  c.beqz   x13, . + 0x1c
#2737 0 0000000000000f88     c399 r 0000000000000000 0000000000000000  c.beqz   x15, . + 0x6
#2738 0 0000000000000f8a     85be r 000000000000000b 0000000000010688  c.mv     x11, x15
#2739 0 0000000000000f8c     b729 r 0000000000000000 0000000000000000  c.j      . - 0xf6
#2740 0 0000000000000e96 007ffe13 r 000000000000001c 0000000000000002  andi     x28, x31, 0x7
#2741 0 0000000000000e9a     2285 r 0000000000000005 0000000000000008  c.addiw  x5, 0x1
#2742 0 0000000000000e9c     87ae r 000000000000000f 0000000000010688  c.mv     x15, x11
#2743 0 0000000000000e9e     4601 r 000000000000000c 0000000000000000  c.li     x12, 0x0
#2744 0 0000000000000ea0 040e0b63 r 0000000000000000 0000000000000000  beq      x28, x0, . + 0x56
#2745 0 0000000000000ea4     4f05 r 000000000000001e 0000000000000001  c.li     x30, 0x1
#2746 0 0000000000000ea6 05ee0363 r 0000000000000000 0000000000000000  beq      x28, x30, . + 0x46
#2747 0 0000000000000eaa     4e89 r 000000000000001d 0000000000000002  c.li     x29, 0x2
#2748 0 0000000000000eac 03de0d63 r 0000000000000000 0000000000000000  beq      x28, x29, . + 0x3a
#2749 0 0000000000000ee6     639c r 000000000000000f 0000000000010678  c.ld     x15, 0x0(x15)
#2750 0 0000000000000ee8     2605 r 000000000000000c 0000000000000001  c.addiw  x12, 0x1
#2751 0 0000000000000eea     cf81 r 0000000000000000 0000000000000000  c.beqz   x15, . + 0x18
#2752 0 0000000000000eec     639c r 000000000000000f 0000000000000000  c.ld     x15, 0x0(x15)
#2753 0 0000000000000eee     2605 r 000000000000000c 0000000000000002  c.addiw  x12, 0x1
#2754 0 0000000000000ef0     cb89 r 0000000000000000 0000000000000000  c.beqz   x15, . + 0x12
#2755 0 0000000000000f02     86fe r 000000000000000d 0000000000000002  c.mv     x13, x31
#2756 0 0000000000000f04     c625 r 0000000000000000 0000000000000000  c.beqz   x12, . + 0x68
#2757 0 0000000000000f06     cead r 0000000000000000 0000000000000000  c.beqz   x13, . + 0x7a
#2758 0 0000000000000f08     cfa5 r 0000000000000000 0000000000000000  c.beqz   x15, . + 0x78
#2759 0 0000000000000f80     832e r 0000000000000006 0000000000010688  c.mv     x6, x11
#2760 0 0000000000000f82     367d r 000000000000000c 0000000000000001  c.addiw  x12, -0x1
#2761 0 0000000000000f84     618c r 000000000000000b 0000000000010678  c.ld     x11, 0x0(x11)
#2762 0 0000000000000f86     bfe9 r 0000000000000000 0000000000000000  c.j      . - 0x26
#2763 0 0000000000000f60 00080d63 r 0000000000000000 0000000000000000  beq      x16, x0, . + 0x1a
#2764 0 0000000000000f64 00683023 m 0000000000010698 0000000000010688  sd       x6, 0x0(x16)
#2765 0 0000000000000f68     881a r 0000000000000010 0000000000010688  c.mv     x16, x6
#2766 0 0000000000000f6a     fe51 r 0000000000000000 0000000000000000  c.bnez   x12, . - 0x64
#2767 0 0000000000000f06     cead r 0000000000000000 0000000000000000  c.beqz   x13, . + 0x7a
#2768 0 0000000000000f08     cfa5 r 0000000000000000 0000000000000000  c.beqz   x15, . + 0x78
#2769 0 0000000000000f80     832e r 0000000000000006 0000000000010678  c.mv     x6, x11
#2770 0 0000000000000f82     367d r 000000000000000c 0000000000000000  c.addiw  x12, -0x1
#2771 0 0000000000000f84     618c r 000000000000000b 0000000000000000  c.ld     x11, 0x0(x11)
#2772 0 0000000000000f86     bfe9 r 0000000000000000 0000000000000000  c.j      . - 0x26
#2773 0 0000000000000f60 00080d63 r 0000000000000000 0000000000000000  beq      x16, x0, . + 0x1a
#2774 0 0000000000000f64 00683023 m 0000000000010688 0000000000010678  sd       x6, 0x0(x16)
#2775 0 0000000000000f68     881a r 0000000000000010 0000000000010678  c.mv     x16, x6
#2776 0 0000000000000f6a     fe51 r 0000000000000000 0000000000000000  c.bnez   x12, . - 0x64
#2777 0 0000000000000f6c     ce91 r 0000000000000000 0000000000000000  c.beqz   x13, . + 0x1c
#2778 0 0000000000000f6e     c385 r 0000000000000000 0000000000000000  c.beqz   x15, . + 0x20
#2779 0 0000000000000f8e 00083023 m 0000000000010678 0000000000000000  sd       x0, 0x0(x16)
#2780 0 0000000000000f92 00728b63 r 0000000000000000 0000000000000000  beq      x5, x7, . + 0x16
#2781 0 0000000000000f96 001f9f9b r 000000000000001f 0000000000000004  slliw    x31, x31, 0x1
#2782 0 0000000000000f9a     c901 r 0000000000000000 0000000000000000  c.beqz   x10, . + 0x10
#2783 0 0000000000000f9c     87aa r 000000000000000f 0000000000010668  c.mv     x15, x10
#2784 0 0000000000000f9e     4281 r 0000000000000005 0000000000000000  c.li     x5, 0x0
#2785 0 0000000000000fa0     4801 r 0000000000000010 0000000000000000  c.li     x16, 0x0
#2786 0 0000000000000fa2     4501 r 000000000000000a 0000000000000000  c.li     x10, 0x0
#2787 0 0000000000000fa4     85be r 000000000000000b 0000000000010668  c.mv     x11, x15
#2788 0 0000000000000fa6     bdc5 r 0000000000000000 0000000000000000  c.j      . - 0x110
#2789 0 0000000000000e96 007ffe13 r 000000000000001c 0000000000000004  andi     x28, x31, 0x7
#2790 0 0000000000000e9a     2285 r 0000000000000005 0000000000000001  c.addiw  x5, 0x1
#2791 0 0000000000000e9c     87ae r 000000000000000f 0000000000010668  c.mv     x15, x11
#2792 0 0000000000000e9e     4601 r 000000000000000c 0000000000000000  c.li     x12, 0x0
#2793 0 0000000000000ea0 040e0b63 r 0000000000000000 0000000000000000  beq      x28, x0, . + 0x56
#2794 0 0000000000000ea4     4f05 r 000000000000001e 0000000000000001  c.li     x30, 0x1
#2795 0 0000000000000ea6 05ee0363 r 0000000000000000 0000000000000000  beq      x28, x30, . + 0x46
#2796 0 0000000000000eaa     4e89 r 000000000000001d 0000000000000002  c.li     x29, 0x2
#2797 0 0000000000000eac 03de0d63 r 0000000000000000 0000000000000000  beq      x28, x29, . + 0x3a
#2798 0 0000000000000eb0     430d r 0000000000000006 0000000000000003  c.li     x6, 0x3
#2799 0 0000000000000eb2 026e0763 r 0000000000000000 0000000000000000  beq      x28, x6, . + 0x2e
#2800 0 0000000000000eb6     4691 r 000000000000000d 0000000000000004  c.li     x13, 0x4
#2801 0 0000000000000eb8 02de0163 r 0000000000000000 0000000000000000  beq      x28, x13, . + 0x22
#2802 0 0000000000000eda     639c r 000000000000000f 0000000000010838  c.ld     x15, 0x0(x15)
#2803 0 0000000000000edc     2605 r 000000000000000c 0000000000000001  c.addiw  x12, 0x1
#2804 0 0000000000000ede     c395 r 0000000000000000 0000000000000000  c.beqz   x15, . + 0x24
#2805 0 0000000000000ee0     639c r 000000000000000f 0000000000010828  c.ld     x15, 0x0(x15)
#2806 0 0000000000000ee2     2605 r 000000000000000c 0000000000000002  c.addiw  x12, 0x1
#2807 0 0000000000000ee4     cf99 r 0000000000000000 0000000000000000  c.beqz   x15, . + 0x1e
#2808 0 0000000000000ee6     639c r 000000000000000f 0000000000010818  c.ld     x15, 0x0(x15)
#2809 0 0000000000000ee8     2605 r 000000000000000c 0000000000000003  c.addiw  x12, 0x1
#2810 0 0000000000000eea     cf81 r 0000000000000000 0000000000000000  c.beqz   x15, . + 0x18
#2811 0 0000000000000eec     639c r 000000000000000f 0000000000010808  c.ld     x15, 0x0(x15)
#2812 0 0000000000000eee     2605 r 000000000000000c 0000000000000004  c.addiw  x12, 0x1
#2813 0 0000000000000ef0     cb89 r 0000000000000000 0000000000000000  c.beqz   x15, . + 0x12
#2814 0 0000000000000ef2 01f60863 r 0000000000000000 0000000000000000  beq      x12, x31, . + 0x10
#2815 0 0000000000000f02     86fe r 000000000000000d 0000000000000004  c.mv     x13, x31
#2816 0 0000000000000f04     c625 r 0000000000000000 0000000000000000  c.beqz   x12, . + 0x68
#2817 0 0000000000000f06     cead r 0000000000000000 0000000000000000  c.beqz   x13, . + 0x7a
#2818 0 0000000000000f08     cfa5 r 0000000000000000 0000000000000000  c.beqz   x15, . + 0x78
#2819 0 0000000000000f0a 0085be03 r 000000000000001c 0000000000010858  ld       x28, 0x8(x11)
#2820 0 0000000000000f0e 0087b303 r 0000000000000006 00000000000108c0  ld       x6, 0x8(x15)
#2821 0 0000000000000f12 000e1703 r 000000000000000e ffffffffffff8080  lh       x14, 0x0(x28)
#2822 0 0000000000000f16 00231f03 r 000000000000001e 0000000000000004  lh       x30, 0x2(x6)
#2823 0 0000000000000f1a 002e1883 r 0000000000000011 0000000000000000  lh       x17, 0x2(x28)
#2824 0 0000000000000f1e 01071e9b r 000000000000001d ffffffff80800000  slliw    x29, x14, 0x10
#2825 0 0000000000000f22 010ede9b r 000000000000001d 0000000000008080  srliw    x29, x29, 0x10
